============================= test session starts ==============================
platform linux -- Python 3.11.0rc1, pytest-8.4.2, pluggy-1.6.0
rootdir: /home/ubuntu/brikk-infrastructure
plugins: anyio-4.10.0, cov-7.0.0
collected 289 items

tests/auth/test_api_key_rotation.py FF                                   [  0%]
tests/auth/test_hmac_auth.py ..........................FFFFFFFFFFF       [ 13%]
tests/auth/test_idempotency.py .........F.                               [ 17%]
tests/examples/test_python_agent.py ...                                  [ 18%]
tests/smoke/test_app_startup.py sssssssss...                             [ 22%]
tests/smoke/test_coordination_api.py sssssssssss                         [ 26%]
tests/test_basic.py ...F.FF....                                          [ 30%]
tests/test_billing_portal.py ..........                                  [ 33%]
tests/test_billing_portal_stripe13.py .F.                                [ 34%]
tests/test_coordination_auth.py FFFFFFFF..FFF                            [ 39%]
tests/test_coordination_stub.py FFFFFF.F......FF..F                      [ 45%]
tests/test_coordination_v1.py .FF                                        [ 46%]
tests/test_discovery_v1.py FFF.F                                         [ 48%]
tests/test_economy_api_v1.py F                                           [ 48%]
tests/test_economy_db_v1.py .F.                                          [ 49%]
tests/test_envelope_uuid_validation.py .......                           [ 52%]
tests/test_envelope_validation.py FFF.F..F.F.FF..F..FFFFFF               [ 60%]
tests/test_health.py .....FF...F........FF.                              [ 68%]
tests/test_integrations_v1.py FFFFF                                      [ 69%]
tests/test_logging_context.py .....F...F...........                      [ 77%]
tests/test_metrics.py .....                                              [ 78%]
tests/test_performance_v1.py ....                                        [ 80%]
tests/test_rate_limit.py .............FFFFFFF..                          [ 87%]
tests/test_request_guards.py ........F.........                          [ 94%]
tests/test_smoke.py .F.F                                                 [ 95%]
tests/test_stripe_13_compatibility.py .........                          [ 98%]
tests/test_workflows_v1.py ....                                          [100%]

=================================== FAILURES ===================================
___________________ TestApiKeyRotation.test_api_key_creation ___________________

self = <tests.auth.test_api_key_rotation.TestApiKeyRotation object at 0x7f69f46e5050>
app = <Flask 'tests.auth.test_api_key_rotation'>
test_org = <Organization Test Organization (test-org)>
test_agent = <Agent 635d3234-5955-4cd3-8bc0-294cd3048765 'Test Agent for Rotation'>

    def test_api_key_creation(self, app, test_org, test_agent):
        """Test API key creation with proper encryption."""
        with app.app_context():
            with patch.dict(
                os.environ, {"BRIKK_ENCRYPTION_KEY": "test_key_32_bytes_long_for_fernet"}
            ):
                api_key, secret = ApiKey.create_api_key(
                    organization_id=test_org.id,
                    name="Test Key for Rotation",
                    agent_id=test_agent.id,
                )
    
                assert api_key.key_id.startswith("bk_")
                assert len(secret) >= 32  # Minimum secret length
                assert api_key.organization_id == test_org.id
                assert api_key.agent_id == test_agent.id
                assert api_key.is_valid()
    
                # Verify secret can be decrypted
>               decrypted_secret = api_key.decrypt_secret()
                                   ^^^^^^^^^^^^^^^^^^^^^^
E               AttributeError: 'ApiKey' object has no attribute 'decrypt_secret'

tests/auth/test_api_key_rotation.py:94: AttributeError
___________________ TestApiKeyRotation.test_api_key_rotation ___________________

self = <tests.auth.test_api_key_rotation.TestApiKeyRotation object at 0x7f69f46e5f50>
app = <Flask 'tests.auth.test_api_key_rotation'>
test_org = <Organization Test Organization (test-org)>
test_agent = <Agent 7754ddd7-3b39-40dd-8fab-5088b11e9278 'Test Agent for Rotation'>

    def test_api_key_rotation(self, app, test_org, test_agent):
        """Test API key secret rotation."""
        with app.app_context():
            with patch.dict(
                os.environ, {"BRIKK_ENCRYPTION_KEY": "test_key_32_bytes_long_for_fernet"}
            ):
                # Create initial API key
                api_key, original_secret = ApiKey.create_api_key(
                    organization_id=test_org.id,
                    name="Test Key for Rotation",
                    agent_id=test_agent.id,
                )
    
                original_key_id = api_key.key_id
    
                # Rotate secret
>               new_secret = api_key.rotate_secret()
                             ^^^^^^^^^^^^^^^^^^^^^
E               AttributeError: 'ApiKey' object has no attribute 'rotate_secret'

tests/auth/test_api_key_rotation.py:113: AttributeError
________ TestAuthMiddleware.test_authenticate_request_feature_disabled _________

args = (<tests.auth.test_hmac_auth.TestAuthMiddleware object at 0x7f69f37a17d0>,)
keywargs = {'app': <Flask 'src.factory'>, 'auth_middleware': <src.services.auth_middleware.AuthMiddleware object at 0x7f69f0a83990>}

    @wraps(func)
    def patched(*args, **keywargs):
>       with self.decoration_helper(patched,
                                    args,
                                    keywargs) as (newargs, newkeywargs):

/usr/lib/python3.11/unittest/mock.py:1356: 
_ _ _ _ _ _ _ _ _ _ _ _ _ _ _ _ _ _ _ _ _ _ _ _ _ _ _ _ _ _ _ _ _ _ _ _ _ _ _ _ 
/usr/lib/python3.11/contextlib.py:137: in __enter__
    return next(self.gen)
           ^^^^^^^^^^^^^^
/usr/lib/python3.11/unittest/mock.py:1338: in decoration_helper
    arg = exit_stack.enter_context(patching)
          ^^^^^^^^^^^^^^^^^^^^^^^^^^^^^^^^^^
/usr/lib/python3.11/contextlib.py:502: in enter_context
    result = _enter(cm)
             ^^^^^^^^^^
/usr/lib/python3.11/unittest/mock.py:1450: in __enter__
    if spec is None and _is_async_obj(original):
                        ^^^^^^^^^^^^^^^^^^^^^^^
/usr/lib/python3.11/unittest/mock.py:55: in _is_async_obj
    if hasattr(obj, '__func__'):
       ^^^^^^^^^^^^^^^^^^^^^^^^
/usr/local/lib/python3.11/dist-packages/werkzeug/local.py:318: in __get__
    obj = instance._get_current_object()
          ^^^^^^^^^^^^^^^^^^^^^^^^^^^^^^
_ _ _ _ _ _ _ _ _ _ _ _ _ _ _ _ _ _ _ _ _ _ _ _ _ _ _ _ _ _ _ _ _ _ _ _ _ _ _ _ 

    def _get_current_object() -> T:
        try:
            obj = local.get()
        except LookupError:
>           raise RuntimeError(unbound_message) from None
E           RuntimeError: Working outside of request context.
E           
E           This typically means that you attempted to use functionality that needed
E           an active HTTP request. Consult the documentation on testing for
E           information about how to avoid this problem.

/usr/local/lib/python3.11/dist-packages/werkzeug/local.py:519: RuntimeError
---------------------------- Captured stderr setup -----------------------------
{"timestamp": "2025-10-13T03:32:39.680527+00:00", "level": "INFO", "logger": "brikk.config", "message": "Logging configured", "module": "structured_logging", "function": "_log_with_context", "line": 85, "json_enabled": true, "log_level": "INFO", "loggers_configured": ["brikk.coordination", "brikk.auth", "brikk.rate_limit", "brikk.idempotency", "brikk.metrics", "brikk.security"]}
{"timestamp": "2025-10-13T03:32:39.680661+00:00", "level": "INFO", "logger": "brikk.startup", "message": "Application starting", "module": "structured_logging", "function": "_log_with_context", "line": 85, "flask_env": null, "debug": false, "testing": false}
{"timestamp": "2025-10-13T03:32:40.368833+00:00", "level": "WARNING", "logger": "brikk.monitoring", "message": "Redis not available for metrics storage: Error 111 connecting to localhost:6379. Connection refused.", "module": "structured_logging", "function": "_log_with_context", "line": 85}
_________ TestAuthMiddleware.test_authenticate_request_missing_headers _________

args = (<tests.auth.test_hmac_auth.TestAuthMiddleware object at 0x7f69f37a1e90>,)
keywargs = {'app': <Flask 'src.factory'>, 'auth_middleware': <src.services.auth_middleware.AuthMiddleware object at 0x7f69f04e1ed0>}

    @wraps(func)
    def patched(*args, **keywargs):
>       with self.decoration_helper(patched,
                                    args,
                                    keywargs) as (newargs, newkeywargs):

/usr/lib/python3.11/unittest/mock.py:1356: 
_ _ _ _ _ _ _ _ _ _ _ _ _ _ _ _ _ _ _ _ _ _ _ _ _ _ _ _ _ _ _ _ _ _ _ _ _ _ _ _ 
/usr/lib/python3.11/contextlib.py:137: in __enter__
    return next(self.gen)
           ^^^^^^^^^^^^^^
/usr/lib/python3.11/unittest/mock.py:1338: in decoration_helper
    arg = exit_stack.enter_context(patching)
          ^^^^^^^^^^^^^^^^^^^^^^^^^^^^^^^^^^
/usr/lib/python3.11/contextlib.py:502: in enter_context
    result = _enter(cm)
             ^^^^^^^^^^
/usr/lib/python3.11/unittest/mock.py:1450: in __enter__
    if spec is None and _is_async_obj(original):
                        ^^^^^^^^^^^^^^^^^^^^^^^
/usr/lib/python3.11/unittest/mock.py:55: in _is_async_obj
    if hasattr(obj, '__func__'):
       ^^^^^^^^^^^^^^^^^^^^^^^^
/usr/local/lib/python3.11/dist-packages/werkzeug/local.py:318: in __get__
    obj = instance._get_current_object()
          ^^^^^^^^^^^^^^^^^^^^^^^^^^^^^^
_ _ _ _ _ _ _ _ _ _ _ _ _ _ _ _ _ _ _ _ _ _ _ _ _ _ _ _ _ _ _ _ _ _ _ _ _ _ _ _ 

    def _get_current_object() -> T:
        try:
            obj = local.get()
        except LookupError:
>           raise RuntimeError(unbound_message) from None
E           RuntimeError: Working outside of request context.
E           
E           This typically means that you attempted to use functionality that needed
E           an active HTTP request. Consult the documentation on testing for
E           information about how to avoid this problem.

/usr/local/lib/python3.11/dist-packages/werkzeug/local.py:519: RuntimeError
---------------------------- Captured stderr setup -----------------------------
{"timestamp": "2025-10-13T03:32:40.537114+00:00", "level": "INFO", "logger": "brikk.config", "message": "Logging configured", "module": "structured_logging", "function": "_log_with_context", "line": 85, "json_enabled": true, "log_level": "INFO", "loggers_configured": ["brikk.coordination", "brikk.auth", "brikk.rate_limit", "brikk.idempotency", "brikk.metrics", "brikk.security"]}
{"timestamp": "2025-10-13T03:32:40.537258+00:00", "level": "INFO", "logger": "brikk.startup", "message": "Application starting", "module": "structured_logging", "function": "_log_with_context", "line": 85, "flask_env": null, "debug": false, "testing": false}
________ TestAuthMiddleware.test_authenticate_request_invalid_timestamp ________

args = (<tests.auth.test_hmac_auth.TestAuthMiddleware object at 0x7f69f37a2550>,)
keywargs = {'app': <Flask 'src.factory'>, 'auth_middleware': <src.services.auth_middleware.AuthMiddleware object at 0x7f69f079ffd0>}

    @wraps(func)
    def patched(*args, **keywargs):
>       with self.decoration_helper(patched,
                                    args,
                                    keywargs) as (newargs, newkeywargs):

/usr/lib/python3.11/unittest/mock.py:1356: 
_ _ _ _ _ _ _ _ _ _ _ _ _ _ _ _ _ _ _ _ _ _ _ _ _ _ _ _ _ _ _ _ _ _ _ _ _ _ _ _ 
/usr/lib/python3.11/contextlib.py:137: in __enter__
    return next(self.gen)
           ^^^^^^^^^^^^^^
/usr/lib/python3.11/unittest/mock.py:1338: in decoration_helper
    arg = exit_stack.enter_context(patching)
          ^^^^^^^^^^^^^^^^^^^^^^^^^^^^^^^^^^
/usr/lib/python3.11/contextlib.py:502: in enter_context
    result = _enter(cm)
             ^^^^^^^^^^
/usr/lib/python3.11/unittest/mock.py:1450: in __enter__
    if spec is None and _is_async_obj(original):
                        ^^^^^^^^^^^^^^^^^^^^^^^
/usr/lib/python3.11/unittest/mock.py:55: in _is_async_obj
    if hasattr(obj, '__func__'):
       ^^^^^^^^^^^^^^^^^^^^^^^^
/usr/local/lib/python3.11/dist-packages/werkzeug/local.py:318: in __get__
    obj = instance._get_current_object()
          ^^^^^^^^^^^^^^^^^^^^^^^^^^^^^^
_ _ _ _ _ _ _ _ _ _ _ _ _ _ _ _ _ _ _ _ _ _ _ _ _ _ _ _ _ _ _ _ _ _ _ _ _ _ _ _ 

    def _get_current_object() -> T:
        try:
            obj = local.get()
        except LookupError:
>           raise RuntimeError(unbound_message) from None
E           RuntimeError: Working outside of request context.
E           
E           This typically means that you attempted to use functionality that needed
E           an active HTTP request. Consult the documentation on testing for
E           information about how to avoid this problem.

/usr/local/lib/python3.11/dist-packages/werkzeug/local.py:519: RuntimeError
---------------------------- Captured stderr setup -----------------------------
{"timestamp": "2025-10-13T03:32:40.692523+00:00", "level": "INFO", "logger": "brikk.config", "message": "Logging configured", "module": "structured_logging", "function": "_log_with_context", "line": 85, "json_enabled": true, "log_level": "INFO", "loggers_configured": ["brikk.coordination", "brikk.auth", "brikk.rate_limit", "brikk.idempotency", "brikk.metrics", "brikk.security"]}
{"timestamp": "2025-10-13T03:32:40.692689+00:00", "level": "INFO", "logger": "brikk.startup", "message": "Application starting", "module": "structured_logging", "function": "_log_with_context", "line": 85, "flask_env": null, "debug": false, "testing": false}
_________ TestAuthMiddleware.test_authenticate_request_invalid_api_key _________

args = (<tests.auth.test_hmac_auth.TestAuthMiddleware object at 0x7f69f37a2c10>,)
keywargs = {'app': <Flask 'src.factory'>, 'auth_middleware': <src.services.auth_middleware.AuthMiddleware object at 0x7f69f08c8150>}

    @wraps(func)
    def patched(*args, **keywargs):
>       with self.decoration_helper(patched,
                                    args,
                                    keywargs) as (newargs, newkeywargs):

/usr/lib/python3.11/unittest/mock.py:1356: 
_ _ _ _ _ _ _ _ _ _ _ _ _ _ _ _ _ _ _ _ _ _ _ _ _ _ _ _ _ _ _ _ _ _ _ _ _ _ _ _ 
/usr/lib/python3.11/contextlib.py:137: in __enter__
    return next(self.gen)
           ^^^^^^^^^^^^^^
/usr/lib/python3.11/unittest/mock.py:1338: in decoration_helper
    arg = exit_stack.enter_context(patching)
          ^^^^^^^^^^^^^^^^^^^^^^^^^^^^^^^^^^
/usr/lib/python3.11/contextlib.py:502: in enter_context
    result = _enter(cm)
             ^^^^^^^^^^
/usr/lib/python3.11/unittest/mock.py:1450: in __enter__
    if spec is None and _is_async_obj(original):
                        ^^^^^^^^^^^^^^^^^^^^^^^
/usr/lib/python3.11/unittest/mock.py:55: in _is_async_obj
    if hasattr(obj, '__func__'):
       ^^^^^^^^^^^^^^^^^^^^^^^^
/usr/local/lib/python3.11/dist-packages/werkzeug/local.py:318: in __get__
    obj = instance._get_current_object()
          ^^^^^^^^^^^^^^^^^^^^^^^^^^^^^^
_ _ _ _ _ _ _ _ _ _ _ _ _ _ _ _ _ _ _ _ _ _ _ _ _ _ _ _ _ _ _ _ _ _ _ _ _ _ _ _ 

    def _get_current_object() -> T:
        try:
            obj = local.get()
        except LookupError:
>           raise RuntimeError(unbound_message) from None
E           RuntimeError: Working outside of request context.
E           
E           This typically means that you attempted to use functionality that needed
E           an active HTTP request. Consult the documentation on testing for
E           information about how to avoid this problem.

/usr/local/lib/python3.11/dist-packages/werkzeug/local.py:519: RuntimeError
---------------------------- Captured stderr setup -----------------------------
{"timestamp": "2025-10-13T03:32:40.952189+00:00", "level": "INFO", "logger": "brikk.config", "message": "Logging configured", "module": "structured_logging", "function": "_log_with_context", "line": 85, "json_enabled": true, "log_level": "INFO", "loggers_configured": ["brikk.coordination", "brikk.auth", "brikk.rate_limit", "brikk.idempotency", "brikk.metrics", "brikk.security"]}
{"timestamp": "2025-10-13T03:32:40.952327+00:00", "level": "INFO", "logger": "brikk.startup", "message": "Application starting", "module": "structured_logging", "function": "_log_with_context", "line": 85, "flask_env": null, "debug": false, "testing": false}
__________ TestAuthMiddleware.test_check_idempotency_feature_disabled __________

args = (<tests.auth.test_hmac_auth.TestAuthMiddleware object at 0x7f69f37a32d0>,)
keywargs = {'app': <Flask 'src.factory'>, 'auth_middleware': <src.services.auth_middleware.AuthMiddleware object at 0x7f69f0a85fd0>}

    @wraps(func)
    def patched(*args, **keywargs):
>       with self.decoration_helper(patched,
                                    args,
                                    keywargs) as (newargs, newkeywargs):

/usr/lib/python3.11/unittest/mock.py:1356: 
_ _ _ _ _ _ _ _ _ _ _ _ _ _ _ _ _ _ _ _ _ _ _ _ _ _ _ _ _ _ _ _ _ _ _ _ _ _ _ _ 
/usr/lib/python3.11/contextlib.py:137: in __enter__
    return next(self.gen)
           ^^^^^^^^^^^^^^
/usr/lib/python3.11/unittest/mock.py:1338: in decoration_helper
    arg = exit_stack.enter_context(patching)
          ^^^^^^^^^^^^^^^^^^^^^^^^^^^^^^^^^^
/usr/lib/python3.11/contextlib.py:502: in enter_context
    result = _enter(cm)
             ^^^^^^^^^^
/usr/lib/python3.11/unittest/mock.py:1450: in __enter__
    if spec is None and _is_async_obj(original):
                        ^^^^^^^^^^^^^^^^^^^^^^^
/usr/lib/python3.11/unittest/mock.py:55: in _is_async_obj
    if hasattr(obj, '__func__'):
       ^^^^^^^^^^^^^^^^^^^^^^^^
/usr/local/lib/python3.11/dist-packages/werkzeug/local.py:318: in __get__
    obj = instance._get_current_object()
          ^^^^^^^^^^^^^^^^^^^^^^^^^^^^^^
_ _ _ _ _ _ _ _ _ _ _ _ _ _ _ _ _ _ _ _ _ _ _ _ _ _ _ _ _ _ _ _ _ _ _ _ _ _ _ _ 

    def _get_current_object() -> T:
        try:
            obj = local.get()
        except LookupError:
>           raise RuntimeError(unbound_message) from None
E           RuntimeError: Working outside of request context.
E           
E           This typically means that you attempted to use functionality that needed
E           an active HTTP request. Consult the documentation on testing for
E           information about how to avoid this problem.

/usr/local/lib/python3.11/dist-packages/werkzeug/local.py:519: RuntimeError
---------------------------- Captured stderr setup -----------------------------
{"timestamp": "2025-10-13T03:32:41.107907+00:00", "level": "INFO", "logger": "brikk.config", "message": "Logging configured", "module": "structured_logging", "function": "_log_with_context", "line": 85, "json_enabled": true, "log_level": "INFO", "loggers_configured": ["brikk.coordination", "brikk.auth", "brikk.rate_limit", "brikk.idempotency", "brikk.metrics", "brikk.security"]}
{"timestamp": "2025-10-13T03:32:41.108037+00:00", "level": "INFO", "logger": "brikk.startup", "message": "Application starting", "module": "structured_logging", "function": "_log_with_context", "line": 85, "flask_env": null, "debug": false, "testing": false}
______________ TestAuthMiddleware.test_check_idempotency_no_auth _______________

args = (<tests.auth.test_hmac_auth.TestAuthMiddleware object at 0x7f69f379d5d0>,)
keywargs = {'app': <Flask 'src.factory'>, 'auth_middleware': <src.services.auth_middleware.AuthMiddleware object at 0x7f69f0699a10>}

    @wraps(func)
    def patched(*args, **keywargs):
>       with self.decoration_helper(patched,
                                    args,
                                    keywargs) as (newargs, newkeywargs):

/usr/lib/python3.11/unittest/mock.py:1356: 
_ _ _ _ _ _ _ _ _ _ _ _ _ _ _ _ _ _ _ _ _ _ _ _ _ _ _ _ _ _ _ _ _ _ _ _ _ _ _ _ 
/usr/lib/python3.11/contextlib.py:137: in __enter__
    return next(self.gen)
           ^^^^^^^^^^^^^^
/usr/lib/python3.11/unittest/mock.py:1338: in decoration_helper
    arg = exit_stack.enter_context(patching)
          ^^^^^^^^^^^^^^^^^^^^^^^^^^^^^^^^^^
/usr/lib/python3.11/contextlib.py:502: in enter_context
    result = _enter(cm)
             ^^^^^^^^^^
/usr/lib/python3.11/unittest/mock.py:1450: in __enter__
    if spec is None and _is_async_obj(original):
                        ^^^^^^^^^^^^^^^^^^^^^^^
/usr/lib/python3.11/unittest/mock.py:55: in _is_async_obj
    if hasattr(obj, '__func__'):
       ^^^^^^^^^^^^^^^^^^^^^^^^
/usr/local/lib/python3.11/dist-packages/werkzeug/local.py:318: in __get__
    obj = instance._get_current_object()
          ^^^^^^^^^^^^^^^^^^^^^^^^^^^^^^
_ _ _ _ _ _ _ _ _ _ _ _ _ _ _ _ _ _ _ _ _ _ _ _ _ _ _ _ _ _ _ _ _ _ _ _ _ _ _ _ 

    def _get_current_object() -> T:
        try:
            obj = local.get()
        except LookupError:
>           raise RuntimeError(unbound_message) from None
E           RuntimeError: Working outside of request context.
E           
E           This typically means that you attempted to use functionality that needed
E           an active HTTP request. Consult the documentation on testing for
E           information about how to avoid this problem.

/usr/local/lib/python3.11/dist-packages/werkzeug/local.py:519: RuntimeError
---------------------------- Captured stderr setup -----------------------------
{"timestamp": "2025-10-13T03:32:41.364754+00:00", "level": "INFO", "logger": "brikk.config", "message": "Logging configured", "module": "structured_logging", "function": "_log_with_context", "line": 85, "json_enabled": true, "log_level": "INFO", "loggers_configured": ["brikk.coordination", "brikk.auth", "brikk.rate_limit", "brikk.idempotency", "brikk.metrics", "brikk.security"]}
{"timestamp": "2025-10-13T03:32:41.364879+00:00", "level": "INFO", "logger": "brikk.startup", "message": "Application starting", "module": "structured_logging", "function": "_log_with_context", "line": 85, "flask_env": null, "debug": false, "testing": false}
______________ TestAuthMiddleware.test_check_idempotency_success _______________

args = (<tests.auth.test_hmac_auth.TestAuthMiddleware object at 0x7f69f37a2390>,)
keywargs = {'app': <Flask 'src.factory'>, 'auth_middleware': <src.services.auth_middleware.AuthMiddleware object at 0x7f69f03fb6d0>}

    @wraps(func)
    def patched(*args, **keywargs):
>       with self.decoration_helper(patched,
                                    args,
                                    keywargs) as (newargs, newkeywargs):

/usr/lib/python3.11/unittest/mock.py:1356: 
_ _ _ _ _ _ _ _ _ _ _ _ _ _ _ _ _ _ _ _ _ _ _ _ _ _ _ _ _ _ _ _ _ _ _ _ _ _ _ _ 
/usr/lib/python3.11/contextlib.py:137: in __enter__
    return next(self.gen)
           ^^^^^^^^^^^^^^
/usr/lib/python3.11/unittest/mock.py:1338: in decoration_helper
    arg = exit_stack.enter_context(patching)
          ^^^^^^^^^^^^^^^^^^^^^^^^^^^^^^^^^^
/usr/lib/python3.11/contextlib.py:502: in enter_context
    result = _enter(cm)
             ^^^^^^^^^^
/usr/lib/python3.11/unittest/mock.py:1450: in __enter__
    if spec is None and _is_async_obj(original):
                        ^^^^^^^^^^^^^^^^^^^^^^^
/usr/lib/python3.11/unittest/mock.py:55: in _is_async_obj
    if hasattr(obj, '__func__'):
       ^^^^^^^^^^^^^^^^^^^^^^^^
/usr/local/lib/python3.11/dist-packages/werkzeug/local.py:318: in __get__
    obj = instance._get_current_object()
          ^^^^^^^^^^^^^^^^^^^^^^^^^^^^^^
_ _ _ _ _ _ _ _ _ _ _ _ _ _ _ _ _ _ _ _ _ _ _ _ _ _ _ _ _ _ _ _ _ _ _ _ _ _ _ _ 

    def _get_current_object() -> T:
        try:
            obj = local.get()
        except LookupError:
>           raise RuntimeError(unbound_message) from None
E           RuntimeError: Working outside of request context.
E           
E           This typically means that you attempted to use functionality that needed
E           an active HTTP request. Consult the documentation on testing for
E           information about how to avoid this problem.

/usr/local/lib/python3.11/dist-packages/werkzeug/local.py:519: RuntimeError
---------------------------- Captured stderr setup -----------------------------
{"timestamp": "2025-10-13T03:32:41.519912+00:00", "level": "INFO", "logger": "brikk.config", "message": "Logging configured", "module": "structured_logging", "function": "_log_with_context", "line": 85, "json_enabled": true, "log_level": "INFO", "loggers_configured": ["brikk.coordination", "brikk.auth", "brikk.rate_limit", "brikk.idempotency", "brikk.metrics", "brikk.security"]}
{"timestamp": "2025-10-13T03:32:41.520039+00:00", "level": "INFO", "logger": "brikk.startup", "message": "Application starting", "module": "structured_logging", "function": "_log_with_context", "line": 85, "flask_env": null, "debug": false, "testing": false}
_______________ TestAuthMiddleware.test_check_idempotency_replay _______________

args = (<tests.auth.test_hmac_auth.TestAuthMiddleware object at 0x7f69f37a1d90>,)
keywargs = {'app': <Flask 'src.factory'>, 'auth_middleware': <src.services.auth_middleware.AuthMiddleware object at 0x7f69f07f1910>}

    @wraps(func)
    def patched(*args, **keywargs):
>       with self.decoration_helper(patched,
                                    args,
                                    keywargs) as (newargs, newkeywargs):

/usr/lib/python3.11/unittest/mock.py:1356: 
_ _ _ _ _ _ _ _ _ _ _ _ _ _ _ _ _ _ _ _ _ _ _ _ _ _ _ _ _ _ _ _ _ _ _ _ _ _ _ _ 
/usr/lib/python3.11/contextlib.py:137: in __enter__
    return next(self.gen)
           ^^^^^^^^^^^^^^
/usr/lib/python3.11/unittest/mock.py:1338: in decoration_helper
    arg = exit_stack.enter_context(patching)
          ^^^^^^^^^^^^^^^^^^^^^^^^^^^^^^^^^^
/usr/lib/python3.11/contextlib.py:502: in enter_context
    result = _enter(cm)
             ^^^^^^^^^^
/usr/lib/python3.11/unittest/mock.py:1450: in __enter__
    if spec is None and _is_async_obj(original):
                        ^^^^^^^^^^^^^^^^^^^^^^^
/usr/lib/python3.11/unittest/mock.py:55: in _is_async_obj
    if hasattr(obj, '__func__'):
       ^^^^^^^^^^^^^^^^^^^^^^^^
/usr/local/lib/python3.11/dist-packages/werkzeug/local.py:318: in __get__
    obj = instance._get_current_object()
          ^^^^^^^^^^^^^^^^^^^^^^^^^^^^^^
_ _ _ _ _ _ _ _ _ _ _ _ _ _ _ _ _ _ _ _ _ _ _ _ _ _ _ _ _ _ _ _ _ _ _ _ _ _ _ _ 

    def _get_current_object() -> T:
        try:
            obj = local.get()
        except LookupError:
>           raise RuntimeError(unbound_message) from None
E           RuntimeError: Working outside of request context.
E           
E           This typically means that you attempted to use functionality that needed
E           an active HTTP request. Consult the documentation on testing for
E           information about how to avoid this problem.

/usr/local/lib/python3.11/dist-packages/werkzeug/local.py:519: RuntimeError
---------------------------- Captured stderr setup -----------------------------
{"timestamp": "2025-10-13T03:32:41.675799+00:00", "level": "INFO", "logger": "brikk.config", "message": "Logging configured", "module": "structured_logging", "function": "_log_with_context", "line": 85, "json_enabled": true, "log_level": "INFO", "loggers_configured": ["brikk.coordination", "brikk.auth", "brikk.rate_limit", "brikk.idempotency", "brikk.metrics", "brikk.security"]}
{"timestamp": "2025-10-13T03:32:41.675926+00:00", "level": "INFO", "logger": "brikk.startup", "message": "Application starting", "module": "structured_logging", "function": "_log_with_context", "line": 85, "flask_env": null, "debug": false, "testing": false}
___________________ TestAuthMiddleware.test_set_auth_context ___________________

args = (<tests.auth.test_hmac_auth.TestAuthMiddleware object at 0x7f69f37a0e10>,)
keywargs = {'app': <Flask 'src.factory'>, 'auth_middleware': <src.services.auth_middleware.AuthMiddleware object at 0x7f69f092f250>}

    @wraps(func)
    def patched(*args, **keywargs):
>       with self.decoration_helper(patched,
                                    args,
                                    keywargs) as (newargs, newkeywargs):

/usr/lib/python3.11/unittest/mock.py:1356: 
_ _ _ _ _ _ _ _ _ _ _ _ _ _ _ _ _ _ _ _ _ _ _ _ _ _ _ _ _ _ _ _ _ _ _ _ _ _ _ _ 
/usr/lib/python3.11/contextlib.py:137: in __enter__
    return next(self.gen)
           ^^^^^^^^^^^^^^
/usr/lib/python3.11/unittest/mock.py:1338: in decoration_helper
    arg = exit_stack.enter_context(patching)
          ^^^^^^^^^^^^^^^^^^^^^^^^^^^^^^^^^^
/usr/lib/python3.11/contextlib.py:502: in enter_context
    result = _enter(cm)
             ^^^^^^^^^^
/usr/lib/python3.11/unittest/mock.py:1450: in __enter__
    if spec is None and _is_async_obj(original):
                        ^^^^^^^^^^^^^^^^^^^^^^^
/usr/lib/python3.11/unittest/mock.py:55: in _is_async_obj
    if hasattr(obj, '__func__'):
       ^^^^^^^^^^^^^^^^^^^^^^^^
/usr/local/lib/python3.11/dist-packages/werkzeug/local.py:318: in __get__
    obj = instance._get_current_object()
          ^^^^^^^^^^^^^^^^^^^^^^^^^^^^^^
_ _ _ _ _ _ _ _ _ _ _ _ _ _ _ _ _ _ _ _ _ _ _ _ _ _ _ _ _ _ _ _ _ _ _ _ _ _ _ _ 

    def _get_current_object() -> T:
        try:
            obj = local.get()
        except LookupError:
>           raise RuntimeError(unbound_message) from None
E           RuntimeError: Working outside of request context.
E           
E           This typically means that you attempted to use functionality that needed
E           an active HTTP request. Consult the documentation on testing for
E           information about how to avoid this problem.

/usr/local/lib/python3.11/dist-packages/werkzeug/local.py:519: RuntimeError
---------------------------- Captured stderr setup -----------------------------
{"timestamp": "2025-10-13T03:32:41.932263+00:00", "level": "INFO", "logger": "brikk.config", "message": "Logging configured", "module": "structured_logging", "function": "_log_with_context", "line": 85, "json_enabled": true, "log_level": "INFO", "loggers_configured": ["brikk.coordination", "brikk.auth", "brikk.rate_limit", "brikk.idempotency", "brikk.metrics", "brikk.security"]}
{"timestamp": "2025-10-13T03:32:41.932390+00:00", "level": "INFO", "logger": "brikk.startup", "message": "Application starting", "module": "structured_logging", "function": "_log_with_context", "line": 85, "flask_env": null, "debug": false, "testing": false}
_______________ TestAuthMiddleware.test_log_auth_result_success ________________

args = (<tests.auth.test_hmac_auth.TestAuthMiddleware object at 0x7f69f37a3590>,)
keywargs = {'app': <Flask 'src.factory'>, 'auth_middleware': <src.services.auth_middleware.AuthMiddleware object at 0x7f69f0a94a50>}

    @wraps(func)
    def patched(*args, **keywargs):
>       with self.decoration_helper(patched,
                                    args,
                                    keywargs) as (newargs, newkeywargs):

/usr/lib/python3.11/unittest/mock.py:1356: 
_ _ _ _ _ _ _ _ _ _ _ _ _ _ _ _ _ _ _ _ _ _ _ _ _ _ _ _ _ _ _ _ _ _ _ _ _ _ _ _ 
/usr/lib/python3.11/contextlib.py:137: in __enter__
    return next(self.gen)
           ^^^^^^^^^^^^^^
/usr/lib/python3.11/unittest/mock.py:1338: in decoration_helper
    arg = exit_stack.enter_context(patching)
          ^^^^^^^^^^^^^^^^^^^^^^^^^^^^^^^^^^
/usr/lib/python3.11/contextlib.py:502: in enter_context
    result = _enter(cm)
             ^^^^^^^^^^
/usr/lib/python3.11/unittest/mock.py:1450: in __enter__
    if spec is None and _is_async_obj(original):
                        ^^^^^^^^^^^^^^^^^^^^^^^
/usr/lib/python3.11/unittest/mock.py:55: in _is_async_obj
    if hasattr(obj, '__func__'):
       ^^^^^^^^^^^^^^^^^^^^^^^^
/usr/local/lib/python3.11/dist-packages/werkzeug/local.py:318: in __get__
    obj = instance._get_current_object()
          ^^^^^^^^^^^^^^^^^^^^^^^^^^^^^^
_ _ _ _ _ _ _ _ _ _ _ _ _ _ _ _ _ _ _ _ _ _ _ _ _ _ _ _ _ _ _ _ _ _ _ _ _ _ _ _ 

    def _get_current_object() -> T:
        try:
            obj = local.get()
        except LookupError:
>           raise RuntimeError(unbound_message) from None
E           RuntimeError: Working outside of request context.
E           
E           This typically means that you attempted to use functionality that needed
E           an active HTTP request. Consult the documentation on testing for
E           information about how to avoid this problem.

/usr/local/lib/python3.11/dist-packages/werkzeug/local.py:519: RuntimeError
---------------------------- Captured stderr setup -----------------------------
{"timestamp": "2025-10-13T03:32:42.089057+00:00", "level": "INFO", "logger": "brikk.config", "message": "Logging configured", "module": "structured_logging", "function": "_log_with_context", "line": 85, "json_enabled": true, "log_level": "INFO", "loggers_configured": ["brikk.coordination", "brikk.auth", "brikk.rate_limit", "brikk.idempotency", "brikk.metrics", "brikk.security"]}
{"timestamp": "2025-10-13T03:32:42.089183+00:00", "level": "INFO", "logger": "brikk.startup", "message": "Application starting", "module": "structured_logging", "function": "_log_with_context", "line": 85, "flask_env": null, "debug": false, "testing": false}
_______________ TestAuthMiddleware.test_log_auth_result_failure ________________

args = (<tests.auth.test_hmac_auth.TestAuthMiddleware object at 0x7f69f37a3990>,)
keywargs = {'app': <Flask 'src.factory'>, 'auth_middleware': <src.services.auth_middleware.AuthMiddleware object at 0x7f69f035fd50>}

    @wraps(func)
    def patched(*args, **keywargs):
>       with self.decoration_helper(patched,
                                    args,
                                    keywargs) as (newargs, newkeywargs):

/usr/lib/python3.11/unittest/mock.py:1356: 
_ _ _ _ _ _ _ _ _ _ _ _ _ _ _ _ _ _ _ _ _ _ _ _ _ _ _ _ _ _ _ _ _ _ _ _ _ _ _ _ 
/usr/lib/python3.11/contextlib.py:137: in __enter__
    return next(self.gen)
           ^^^^^^^^^^^^^^
/usr/lib/python3.11/unittest/mock.py:1338: in decoration_helper
    arg = exit_stack.enter_context(patching)
          ^^^^^^^^^^^^^^^^^^^^^^^^^^^^^^^^^^
/usr/lib/python3.11/contextlib.py:502: in enter_context
    result = _enter(cm)
             ^^^^^^^^^^
/usr/lib/python3.11/unittest/mock.py:1450: in __enter__
    if spec is None and _is_async_obj(original):
                        ^^^^^^^^^^^^^^^^^^^^^^^
/usr/lib/python3.11/unittest/mock.py:55: in _is_async_obj
    if hasattr(obj, '__func__'):
       ^^^^^^^^^^^^^^^^^^^^^^^^
/usr/local/lib/python3.11/dist-packages/werkzeug/local.py:318: in __get__
    obj = instance._get_current_object()
          ^^^^^^^^^^^^^^^^^^^^^^^^^^^^^^
_ _ _ _ _ _ _ _ _ _ _ _ _ _ _ _ _ _ _ _ _ _ _ _ _ _ _ _ _ _ _ _ _ _ _ _ _ _ _ _ 

    def _get_current_object() -> T:
        try:
            obj = local.get()
        except LookupError:
>           raise RuntimeError(unbound_message) from None
E           RuntimeError: Working outside of request context.
E           
E           This typically means that you attempted to use functionality that needed
E           an active HTTP request. Consult the documentation on testing for
E           information about how to avoid this problem.

/usr/local/lib/python3.11/dist-packages/werkzeug/local.py:519: RuntimeError
---------------------------- Captured stderr setup -----------------------------
{"timestamp": "2025-10-13T03:32:42.246005+00:00", "level": "INFO", "logger": "brikk.config", "message": "Logging configured", "module": "structured_logging", "function": "_log_with_context", "line": 85, "json_enabled": true, "log_level": "INFO", "loggers_configured": ["brikk.coordination", "brikk.auth", "brikk.rate_limit", "brikk.idempotency", "brikk.metrics", "brikk.security"]}
{"timestamp": "2025-10-13T03:32:42.246130+00:00", "level": "INFO", "logger": "brikk.startup", "message": "Application starting", "module": "structured_logging", "function": "_log_with_context", "line": 85, "flask_env": null, "debug": false, "testing": false}
___ TestIdempotencyService.test_process_request_idempotency_with_custom_key ____

self = <tests.auth.test_idempotency.TestIdempotencyService object at 0x7f69f37c0e90>
app = <Flask 'src.factory'>
idempotency_service = <src.services.idempotency.IdempotencyService object at 0x7f69f0a51990>
mock_redis = <MagicMock id='140092982226192'>

    def test_process_request_idempotency_with_custom_key(self, app: Flask, idempotency_service, mock_redis):
        """Test idempotency processing with custom idempotency key."""
        key_id = "bk_test_key"
        body_hash = "abc123"
        custom_key = "custom_idem_key"
    
        # No cached response
        mock_redis.get.return_value = None
    
        with app.app_context():
            should_process, response, status = idempotency_service.process_request_idempotency(
                key_id, body_hash, custom_key
            )
    
        assert should_process
        assert response is None
        assert status is None
    
        # Should check for custom idempotency key
        expected_idem_key = idempotency_service.generate_idempotency_key(key_id, "", custom_key)
>       mock_redis.get.assert_called_with(expected_idem_key)

tests/auth/test_idempotency.py:218: 
_ _ _ _ _ _ _ _ _ _ _ _ _ _ _ _ _ _ _ _ _ _ _ _ _ _ _ _ _ _ _ _ _ _ _ _ _ _ _ _ 

self = <MagicMock name='mock.get' id='140092985642640'>
args = ('idem:bk_test_key::custom_idem_key',), kwargs = {}
expected = call('idem:bk_test_key::custom_idem_key')
actual = call('idem:bk_test_key:abc123')
_error_message = <function NonCallableMock.assert_called_with.<locals>._error_message at 0x7f69f06b8220>
cause = None

    def assert_called_with(self, /, *args, **kwargs):
        """assert that the last call was made with the specified arguments.
    
        Raises an AssertionError if the args and keyword args passed in are
        different to the last call to the mock."""
        if self.call_args is None:
            expected = self._format_mock_call_signature(args, kwargs)
            actual = 'not called.'
            error_message = ('expected call not found.\nExpected: %s\nActual: %s'
                    % (expected, actual))
            raise AssertionError(error_message)
    
        def _error_message():
            msg = self._format_mock_failure_message(args, kwargs)
            return msg
        expected = self._call_matcher(_Call((args, kwargs), two=True))
        actual = self._call_matcher(self.call_args)
        if actual != expected:
            cause = expected if isinstance(expected, Exception) else None
>           raise AssertionError(_error_message()) from cause
E           AssertionError: expected call not found.
E           Expected: get('idem:bk_test_key::custom_idem_key')
E           Actual: get('idem:bk_test_key:abc123')

/usr/lib/python3.11/unittest/mock.py:923: AssertionError
---------------------------- Captured stderr setup -----------------------------
{"timestamp": "2025-10-13T03:32:42.707550+00:00", "level": "INFO", "logger": "brikk.config", "message": "Logging configured", "module": "structured_logging", "function": "_log_with_context", "line": 85, "json_enabled": true, "log_level": "INFO", "loggers_configured": ["brikk.coordination", "brikk.auth", "brikk.rate_limit", "brikk.idempotency", "brikk.metrics", "brikk.security"]}
{"timestamp": "2025-10-13T03:32:42.707645+00:00", "level": "INFO", "logger": "brikk.startup", "message": "Application starting", "module": "structured_logging", "function": "_log_with_context", "line": 85, "flask_env": null, "debug": false, "testing": false}
__________________________ test_inbound_ping_endpoint __________________________

    def test_inbound_ping_endpoint():
        """Test the inbound ping endpoint."""
        app = create_app()
        with app.test_client() as client:
            response = client.get('/api/inbound/_ping')
>           assert response.status_code == 200
E           assert 404 == 200
E            +  where 404 = <WrapperTestResponse streamed [404 NOT FOUND]>.status_code

tests/test_basic.py:44: AssertionError
----------------------------- Captured stderr call -----------------------------
{"timestamp": "2025-10-13T03:32:42.940442+00:00", "level": "INFO", "logger": "brikk.config", "message": "Logging configured", "module": "structured_logging", "function": "_log_with_context", "line": 85, "json_enabled": true, "log_level": "INFO", "loggers_configured": ["brikk.coordination", "brikk.auth", "brikk.rate_limit", "brikk.idempotency", "brikk.metrics", "brikk.security"]}
{"timestamp": "2025-10-13T03:32:42.940558+00:00", "level": "INFO", "logger": "brikk.startup", "message": "Application starting", "module": "structured_logging", "function": "_log_with_context", "line": 85, "flask_env": null, "debug": false, "testing": false}
{"timestamp": "2025-10-13T03:32:42.966615+00:00", "level": "INFO", "logger": "brikk.requests", "message": "Request started: GET /api/inbound/_ping", "module": "structured_logging", "function": "_log_with_context", "line": 85, "request_id": null, "method": "GET", "path": "/api/inbound/_ping", "remote_addr": "127.0.0.1", "user_agent": "Werkzeug/3.1.3", "event_type": "request_start", "content_length": null}
{"timestamp": "2025-10-13T03:32:42.967092+00:00", "level": "INFO", "logger": "brikk.requests", "message": "Request completed: GET /api/inbound/_ping - 404 (0.33ms)", "module": "structured_logging", "function": "_log_with_context", "line": 85, "request_id": "069d5c43-3a8c-44f4-8991-129b8a37d129", "method": "GET", "path": "/api/inbound/_ping", "remote_addr": "127.0.0.1", "user_agent": "Werkzeug/3.1.3", "duration_ms": 0.33, "event_type": "request_end", "status_code": 404, "content_length": 207}
_______________________ test_database_url_normalization ________________________

    def test_database_url_normalization():
        """Test the database URL normalization function."""
    
    
        # Test postgres:// to postgresql+psycopg:// conversion
        postgres_url = "postgres://user:pass@host:5432/db"
>       normalized = _normalize_db_url(postgres_url)
                     ^^^^^^^^^^^^^^^^^
E       NameError: name '_normalize_db_url' is not defined

tests/test_basic.py:76: NameError
_________________________ test_blueprint_registration __________________________

    def test_blueprint_registration():
        """Test that blueprints are properly registered."""
        app = create_app()
    
        # Check that blueprints are registered
        blueprint_names = [bp.name for bp in app.blueprints.values()]
    
        # These blueprints should be registered based on the main.py file
        expected_blueprints = ['inbound']
    
        for expected_bp in expected_blueprints:
>           assert expected_bp in blueprint_names, f"Blueprint {expected_bp} not registered"
E           AssertionError: Blueprint inbound not registered
E           assert 'inbound' in ['auth', 'app', 'agents_bp', 'billing', 'coordination_bp', 'coordination_v1', ...]

tests/test_basic.py:106: AssertionError
----------------------------- Captured stderr call -----------------------------
{"timestamp": "2025-10-13T03:32:43.001190+00:00", "level": "INFO", "logger": "brikk.config", "message": "Logging configured", "module": "structured_logging", "function": "_log_with_context", "line": 85, "json_enabled": true, "log_level": "INFO", "loggers_configured": ["brikk.coordination", "brikk.auth", "brikk.rate_limit", "brikk.idempotency", "brikk.metrics", "brikk.security"]}
{"timestamp": "2025-10-13T03:32:43.001276+00:00", "level": "INFO", "logger": "brikk.startup", "message": "Application starting", "module": "structured_logging", "function": "_log_with_context", "line": 85, "flask_env": null, "debug": false, "testing": false}
____________________ test_billing_portal_request_validation ____________________

client = <FlaskClient <Flask 'src.factory'>>
monkeypatch = <_pytest.monkeypatch.MonkeyPatch object at 0x7f69f06732d0>

    def test_billing_portal_request_validation(client, monkeypatch):
        """Test request payload validation and processing."""
        os.environ["STRIPE_SECRET_KEY"] = "sk_test_dummy"
    
        # Mock successful Stripe session creation
        mock_stripe = MagicMock()
        mock_session = MagicMock()
        mock_session.url = "https://billing.stripe.com/session/test"
        mock_stripe.billing_portal.Session.create.return_value = mock_session
    
        with patch('src.routes.billing.stripe', mock_stripe):
            # Test with valid customer_id
            resp = client.post("/api/billing/portal", json={"customer_id": "cus_valid"})
    
>           assert resp.status_code == 200
E           assert 502 == 200
E            +  where 502 = <WrapperTestResponse streamed [502 BAD GATEWAY]>.status_code

tests/test_billing_portal_stripe13.py:68: AssertionError
---------------------------- Captured stderr setup -----------------------------
{"timestamp": "2025-10-13T03:32:43.496768+00:00", "level": "INFO", "logger": "brikk.config", "message": "Logging configured", "module": "structured_logging", "function": "_log_with_context", "line": 85, "json_enabled": true, "log_level": "INFO", "loggers_configured": ["brikk.coordination", "brikk.auth", "brikk.rate_limit", "brikk.idempotency", "brikk.metrics", "brikk.security"]}
{"timestamp": "2025-10-13T03:32:43.496853+00:00", "level": "INFO", "logger": "brikk.startup", "message": "Application starting", "module": "structured_logging", "function": "_log_with_context", "line": 85, "flask_env": null, "debug": false, "testing": false}
----------------------------- Captured stderr call -----------------------------
{"timestamp": "2025-10-13T03:32:43.521070+00:00", "level": "INFO", "logger": "brikk.requests", "message": "Request started: POST /api/billing/portal", "module": "structured_logging", "function": "_log_with_context", "line": 85, "request_id": null, "method": "POST", "path": "/api/billing/portal", "remote_addr": "127.0.0.1", "user_agent": "Werkzeug/3.1.3", "event_type": "request_start", "content_length": 28}
{"timestamp": "2025-10-13T03:32:43.521387+00:00", "level": "INFO", "logger": "stripe", "message": "message='Request to Stripe api' method=post url=https://api.stripe.com/v1/billing_portal/sessions", "module": "_util", "function": "log_info", "line": 127, "request_id": "719439e6-5425-4b08-bec7-50789be25c2f", "method": "POST", "path": "/api/billing/portal", "remote_addr": "127.0.0.1", "user_agent": "Werkzeug/3.1.3", "duration_ms": 0.23}
{"timestamp": "2025-10-13T03:32:43.524540+00:00", "level": "INFO", "logger": "stripe", "message": "message='Stripe API response' path=https://api.stripe.com/v1/billing_portal/sessions response_code=401", "module": "_util", "function": "log_info", "line": 127, "request_id": "719439e6-5425-4b08-bec7-50789be25c2f", "method": "POST", "path": "/api/billing/portal", "remote_addr": "127.0.0.1", "user_agent": "Werkzeug/3.1.3", "duration_ms": 3.39}
{"timestamp": "2025-10-13T03:32:43.524700+00:00", "level": "INFO", "logger": "stripe", "message": "error_code=None error_message='Invalid API Key provided: sk_test_*ummy' error_param=None error_type=invalid_request_error message='Stripe v1 API error received'", "module": "_util", "function": "log_info", "line": 127, "request_id": "719439e6-5425-4b08-bec7-50789be25c2f", "method": "POST", "path": "/api/billing/portal", "remote_addr": "127.0.0.1", "user_agent": "Werkzeug/3.1.3", "duration_ms": 3.54}
{"timestamp": "2025-10-13T03:32:43.524881+00:00", "level": "ERROR", "logger": "src.factory", "message": "Stripe error: Invalid API Key provided: sk_test_*ummy", "module": "app", "function": "billing_portal", "line": 145, "request_id": "719439e6-5425-4b08-bec7-50789be25c2f", "method": "POST", "path": "/api/billing/portal", "remote_addr": "127.0.0.1", "user_agent": "Werkzeug/3.1.3", "duration_ms": 3.72}
{"timestamp": "2025-10-13T03:32:43.525114+00:00", "level": "INFO", "logger": "brikk.requests", "message": "Request completed: POST /api/billing/portal - 502 (3.9ms)", "module": "structured_logging", "function": "_log_with_context", "line": 85, "request_id": "719439e6-5425-4b08-bec7-50789be25c2f", "method": "POST", "path": "/api/billing/portal", "remote_addr": "127.0.0.1", "user_agent": "Werkzeug/3.1.3", "duration_ms": 3.9, "event_type": "request_end", "status_code": 502, "content_length": 66}
------------------------------ Captured log call -------------------------------
INFO     brikk.requests:structured_logging.py:85 Request started: POST /api/billing/portal
INFO     stripe:_util.py:127 message='Request to Stripe api' method=post url=https://api.stripe.com/v1/billing_portal/sessions
INFO     stripe:_util.py:127 message='Stripe API response' path=https://api.stripe.com/v1/billing_portal/sessions response_code=401
INFO     stripe:_util.py:127 error_code=None error_message='Invalid API Key provided: sk_test_*ummy' error_param=None error_type=invalid_request_error message='Stripe v1 API error received'
ERROR    src.factory:app.py:145 Stripe error: Invalid API Key provided: sk_test_*ummy
INFO     brikk.requests:structured_logging.py:85 Request completed: POST /api/billing/portal - 502 (3.9ms)
__________ TestCoordinationAuth.test_coordination_endpoint_flags_off ___________

self = <tests.test_coordination_auth.TestCoordinationAuth object at 0x7f69f3477050>
client = <FlaskClient <Flask 'src.factory'>>
valid_envelope = {'message_id': '01234567-89ab-cdef-0123-456789abcdef', 'payload': {'test': 'data'}, 'recipient': {'agent_id': 'target-agent'}, 'sender': {'agent_id': 'test-agent'}, ...}

    def test_coordination_endpoint_flags_off(self, client, valid_envelope):
        """Test coordination endpoint with all feature flags OFF."""
        with patch.dict(os.environ, {
            'BRIKK_FEATURE_PER_ORG_KEYS': 'false',
            'BRIKK_IDEM_ENABLED': 'false'
        }):
            response = client.post(
                '/api/v1/coordination',
                data=json.dumps(valid_envelope),
                headers={'Content-Type': 'application/json'}
            )
    
>           assert response.status_code == 202
E           assert 422 == 202
E            +  where 422 = <WrapperTestResponse streamed [422 UNPROCESSABLE ENTITY]>.status_code

tests/test_coordination_auth.py:104: AssertionError
---------------------------- Captured stderr setup -----------------------------
{"timestamp": "2025-10-13T03:32:43.555521+00:00", "level": "INFO", "logger": "brikk.config", "message": "Logging configured", "module": "structured_logging", "function": "_log_with_context", "line": 85, "json_enabled": true, "log_level": "INFO", "loggers_configured": ["brikk.coordination", "brikk.auth", "brikk.rate_limit", "brikk.idempotency", "brikk.metrics", "brikk.security"]}
{"timestamp": "2025-10-13T03:32:43.555607+00:00", "level": "INFO", "logger": "brikk.startup", "message": "Application starting", "module": "structured_logging", "function": "_log_with_context", "line": 85, "flask_env": null, "debug": false, "testing": false}
----------------------------- Captured stderr call -----------------------------
{"timestamp": "2025-10-13T03:32:43.580707+00:00", "level": "INFO", "logger": "brikk.requests", "message": "Request started: POST /api/v1/coordination", "module": "structured_logging", "function": "_log_with_context", "line": 85, "request_id": null, "method": "POST", "path": "/api/v1/coordination", "remote_addr": "127.0.0.1", "user_agent": "Werkzeug/3.1.3", "event_type": "request_start", "content_length": 260}
{"timestamp": "2025-10-13T03:32:43.582024+00:00", "level": "ERROR", "logger": "src.services.rate_limit", "message": "Failed to connect to Redis: Error 111 connecting to localhost:6379. Connection refused.", "module": "rate_limit", "function": "_create_redis_client", "line": 94, "request_id": "e5741912-2471-4e93-8c7b-9b4227628b30", "method": "POST", "path": "/api/v1/coordination", "remote_addr": "127.0.0.1", "user_agent": "Werkzeug/3.1.3", "duration_ms": 1.23}
{"timestamp": "2025-10-13T03:32:43.582987+00:00", "level": "INFO", "logger": "brikk.requests", "message": "Request completed: POST /api/v1/coordination - 422 (2.13ms)", "module": "structured_logging", "function": "_log_with_context", "line": 85, "request_id": "e5741912-2471-4e93-8c7b-9b4227628b30", "method": "POST", "path": "/api/v1/coordination", "remote_addr": "127.0.0.1", "user_agent": "Werkzeug/3.1.3", "duration_ms": 2.13, "event_type": "request_end", "status_code": 422, "content_length": 401}
------------------------------ Captured log call -------------------------------
INFO     brikk.requests:structured_logging.py:85 Request started: POST /api/v1/coordination
ERROR    src.services.rate_limit:rate_limit.py:94 Failed to connect to Redis: Error 111 connecting to localhost:6379. Connection refused.
INFO     brikk.requests:structured_logging.py:85 Request completed: POST /api/v1/coordination - 422 (2.13ms)
__________ TestCoordinationAuth.test_coordination_endpoint_valid_hmac __________

self = <tests.test_coordination_auth.TestCoordinationAuth object at 0x7f69f34776d0>
mock_query = <MagicMock name='query' id='140092980742480'>
client = <FlaskClient <Flask 'src.factory'>>
valid_envelope = {'message_id': '01234567-89ab-cdef-0123-456789abcdef', 'payload': {'test': 'data'}, 'recipient': {'agent_id': 'target-agent'}, 'sender': {'agent_id': 'test-agent'}, ...}
mock_api_key = <MagicMock name='query.filter_by().first()' id='140092975994512'>

    @patch('src.models.api_key.ApiKey.query')
    def test_coordination_endpoint_valid_hmac(self, mock_query, client, valid_envelope, mock_api_key):
        """Test coordination endpoint with valid HMAC authentication."""
        mock_query.filter_by.return_value.first.return_value = mock_api_key
    
        with patch.dict(os.environ, {
            'BRIKK_FEATURE_PER_ORG_KEYS': 'true',
            'BRIKK_IDEM_ENABLED': 'false'
        }):
            body = json.dumps(valid_envelope).encode()
>           headers = self.create_hmac_headers(
                'POST', '/api/v1/coordination', body, 'test-secret-key',
                valid_envelope['message_id']
            )

tests/test_coordination_auth.py:120: 
_ _ _ _ _ _ _ _ _ _ _ _ _ _ _ _ _ _ _ _ _ _ _ _ _ _ _ _ _ _ _ _ _ _ _ _ _ _ _ _ 

self = <tests.test_coordination_auth.TestCoordinationAuth object at 0x7f69f34776d0>
method = 'POST', path = '/api/v1/coordination'
body = b'{"version": "1.0", "message_id": "01234567-89ab-cdef-0123-456789abcdef", "ts": "2025-10-13T03:32:43.614475+00:00", "...: {"agent_id": "test-agent"}, "recipient": {"agent_id": "target-agent"}, "payload": {"test": "data"}, "ttl_ms": 30000}'
secret = 'test-secret-key', message_id = '01234567-89ab-cdef-0123-456789abcdef'
timestamp = '2025-10-13T03:32:43.616715+00:00'

    def create_hmac_headers(self, method: str, path: str, body: bytes,
                          secret: str, message_id: str = "",
                          timestamp: str = None) -> dict:
        """Create valid HMAC headers for testing."""
        if timestamp is None:
            timestamp = datetime.now(timezone.utc).isoformat()
    
>       signature = HMACSecurityService.generate_signature(
                    ^^^^^^^^^^^^^^^^^^^^^^^^^^^^^^^^^^^^^^
            method=method,
            path=path,
            timestamp=timestamp,
            body=body,
            secret=secret,
            message_id=message_id
        )
E       AttributeError: type object 'HMACSecurityService' has no attribute 'generate_signature'

tests/test_coordination_auth.py:76: AttributeError
---------------------------- Captured stderr setup -----------------------------
{"timestamp": "2025-10-13T03:32:43.591159+00:00", "level": "INFO", "logger": "brikk.config", "message": "Logging configured", "module": "structured_logging", "function": "_log_with_context", "line": 85, "json_enabled": true, "log_level": "INFO", "loggers_configured": ["brikk.coordination", "brikk.auth", "brikk.rate_limit", "brikk.idempotency", "brikk.metrics", "brikk.security"]}
{"timestamp": "2025-10-13T03:32:43.591246+00:00", "level": "INFO", "logger": "brikk.startup", "message": "Application starting", "module": "structured_logging", "function": "_log_with_context", "line": 85, "flask_env": null, "debug": false, "testing": false}
_______ TestCoordinationAuth.test_coordination_endpoint_missing_headers ________

self = <tests.test_coordination_auth.TestCoordinationAuth object at 0x7f69f34685d0>
client = <FlaskClient <Flask 'src.factory'>>
valid_envelope = {'message_id': '01234567-89ab-cdef-0123-456789abcdef', 'payload': {'test': 'data'}, 'recipient': {'agent_id': 'target-agent'}, 'sender': {'agent_id': 'test-agent'}, ...}

    def test_coordination_endpoint_missing_headers(self, client, valid_envelope):
        """Test coordination endpoint with missing HMAC headers."""
        with patch.dict(os.environ, {
            'BRIKK_FEATURE_PER_ORG_KEYS': 'true',
            'BRIKK_IDEM_ENABLED': 'false'
        }):
            response = client.post(
                '/api/v1/coordination',
                data=json.dumps(valid_envelope),
                headers={'Content-Type': 'application/json'}
            )
    
>           assert response.status_code == 400
E           assert 401 == 400
E            +  where 401 = <WrapperTestResponse streamed [401 UNAUTHORIZED]>.status_code

tests/test_coordination_auth.py:154: AssertionError
---------------------------- Captured stderr setup -----------------------------
{"timestamp": "2025-10-13T03:32:43.626680+00:00", "level": "INFO", "logger": "brikk.config", "message": "Logging configured", "module": "structured_logging", "function": "_log_with_context", "line": 85, "json_enabled": true, "log_level": "INFO", "loggers_configured": ["brikk.coordination", "brikk.auth", "brikk.rate_limit", "brikk.idempotency", "brikk.metrics", "brikk.security"]}
{"timestamp": "2025-10-13T03:32:43.626772+00:00", "level": "INFO", "logger": "brikk.startup", "message": "Application starting", "module": "structured_logging", "function": "_log_with_context", "line": 85, "flask_env": null, "debug": false, "testing": false}
----------------------------- Captured stderr call -----------------------------
{"timestamp": "2025-10-13T03:32:43.651038+00:00", "level": "INFO", "logger": "brikk.requests", "message": "Request started: POST /api/v1/coordination", "module": "structured_logging", "function": "_log_with_context", "line": 85, "request_id": null, "method": "POST", "path": "/api/v1/coordination", "remote_addr": "127.0.0.1", "user_agent": "Werkzeug/3.1.3", "event_type": "request_start", "content_length": 260}
{"timestamp": "2025-10-13T03:32:43.651435+00:00", "level": "WARNING", "logger": "brikk.auth", "message": "Authentication hmac_verification: failure", "module": "structured_logging", "function": "_log_with_context", "line": 85, "request_id": "07f858ba-f3dd-40f2-8762-713b54c4e218", "method": "POST", "path": "/api/v1/coordination", "remote_addr": "127.0.0.1", "user_agent": "Werkzeug/3.1.3", "duration_ms": 0.3, "event_type": "auth_event", "auth_event": "hmac_verification", "success": false, "failure_reason": "unauthorized", "status_code": 401}
{"timestamp": "2025-10-13T03:32:43.651545+00:00", "level": "WARNING", "logger": "brikk.coordination", "message": "Authentication hmac_verification: failure", "module": "structured_logging", "function": "_log_with_context", "line": 85, "request_id": "07f858ba-f3dd-40f2-8762-713b54c4e218", "method": "POST", "path": "/api/v1/coordination", "remote_addr": "127.0.0.1", "user_agent": "Werkzeug/3.1.3", "duration_ms": 0.39, "event_type": "auth_event", "auth_event": "hmac_verification", "success": false, "failure_reason": "unauthorized"}
{"timestamp": "2025-10-13T03:32:43.651802+00:00", "level": "INFO", "logger": "brikk.requests", "message": "Request completed: POST /api/v1/coordination - 401 (0.6ms)", "module": "structured_logging", "function": "_log_with_context", "line": 85, "request_id": "760630e4-9a68-430a-9dc2-eb975f0dade2", "method": "POST", "path": "/api/v1/coordination", "remote_addr": "127.0.0.1", "user_agent": "Werkzeug/3.1.3", "duration_ms": 0.6, "event_type": "request_end", "status_code": 401, "content_length": 158}
------------------------------ Captured log call -------------------------------
INFO     brikk.requests:structured_logging.py:85 Request started: POST /api/v1/coordination
WARNING  brikk.auth:structured_logging.py:85 Authentication hmac_verification: failure
WARNING  brikk.coordination:structured_logging.py:85 Authentication hmac_verification: failure
INFO     brikk.requests:structured_logging.py:85 Request completed: POST /api/v1/coordination - 401 (0.6ms)
_______ TestCoordinationAuth.test_coordination_endpoint_invalid_api_key ________

self = <tests.test_coordination_auth.TestCoordinationAuth object at 0x7f69f3477b50>
mock_query = <MagicMock name='query' id='140092974648784'>
client = <FlaskClient <Flask 'src.factory'>>
valid_envelope = {'message_id': '01234567-89ab-cdef-0123-456789abcdef', 'payload': {'test': 'data'}, 'recipient': {'agent_id': 'target-agent'}, 'sender': {'agent_id': 'test-agent'}, ...}

    @patch('src.models.api_key.ApiKey.query')
    def test_coordination_endpoint_invalid_api_key(self, mock_query, client, valid_envelope):
        """Test coordination endpoint with invalid API key."""
        mock_query.filter_by.return_value.first.return_value = None
    
        with patch.dict(os.environ, {
            'BRIKK_FEATURE_PER_ORG_KEYS': 'true',
            'BRIKK_IDEM_ENABLED': 'false'
        }):
            body = json.dumps(valid_envelope).encode()
>           headers = self.create_hmac_headers(
                'POST', '/api/v1/coordination', body, 'test-secret-key'
            )

tests/test_coordination_auth.py:170: 
_ _ _ _ _ _ _ _ _ _ _ _ _ _ _ _ _ _ _ _ _ _ _ _ _ _ _ _ _ _ _ _ _ _ _ _ _ _ _ _ 

self = <tests.test_coordination_auth.TestCoordinationAuth object at 0x7f69f3477b50>
method = 'POST', path = '/api/v1/coordination'
body = b'{"version": "1.0", "message_id": "01234567-89ab-cdef-0123-456789abcdef", "ts": "2025-10-13T03:32:43.682772+00:00", "...: {"agent_id": "test-agent"}, "recipient": {"agent_id": "target-agent"}, "payload": {"test": "data"}, "ttl_ms": 30000}'
secret = 'test-secret-key', message_id = ''
timestamp = '2025-10-13T03:32:43.683968+00:00'

    def create_hmac_headers(self, method: str, path: str, body: bytes,
                          secret: str, message_id: str = "",
                          timestamp: str = None) -> dict:
        """Create valid HMAC headers for testing."""
        if timestamp is None:
            timestamp = datetime.now(timezone.utc).isoformat()
    
>       signature = HMACSecurityService.generate_signature(
                    ^^^^^^^^^^^^^^^^^^^^^^^^^^^^^^^^^^^^^^
            method=method,
            path=path,
            timestamp=timestamp,
            body=body,
            secret=secret,
            message_id=message_id
        )
E       AttributeError: type object 'HMACSecurityService' has no attribute 'generate_signature'

tests/test_coordination_auth.py:76: AttributeError
---------------------------- Captured stderr setup -----------------------------
{"timestamp": "2025-10-13T03:32:43.658780+00:00", "level": "INFO", "logger": "brikk.config", "message": "Logging configured", "module": "structured_logging", "function": "_log_with_context", "line": 85, "json_enabled": true, "log_level": "INFO", "loggers_configured": ["brikk.coordination", "brikk.auth", "brikk.rate_limit", "brikk.idempotency", "brikk.metrics", "brikk.security"]}
{"timestamp": "2025-10-13T03:32:43.658868+00:00", "level": "INFO", "logger": "brikk.startup", "message": "Application starting", "module": "structured_logging", "function": "_log_with_context", "line": 85, "flask_env": null, "debug": false, "testing": false}
______ TestCoordinationAuth.test_coordination_endpoint_invalid_signature _______

self = <tests.test_coordination_auth.TestCoordinationAuth object at 0x7f69f3477f90>
mock_query = <MagicMock name='query' id='140092975295440'>
client = <FlaskClient <Flask 'src.factory'>>
valid_envelope = {'message_id': '01234567-89ab-cdef-0123-456789abcdef', 'payload': {'test': 'data'}, 'recipient': {'agent_id': 'target-agent'}, 'sender': {'agent_id': 'test-agent'}, ...}
mock_api_key = <MagicMock name='query.filter_by().first()' id='140092975224016'>

    @patch('src.models.api_key.ApiKey.query')
    def test_coordination_endpoint_invalid_signature(self, mock_query, client, valid_envelope, mock_api_key):
        """Test coordination endpoint with invalid HMAC signature."""
        mock_query.filter_by.return_value.first.return_value = mock_api_key
    
        with patch.dict(os.environ, {
            'BRIKK_FEATURE_PER_ORG_KEYS': 'true',
            'BRIKK_IDEM_ENABLED': 'false'
        }):
            body = json.dumps(valid_envelope).encode()
            headers = {
                'X-Brikk-Key': 'test-key-id',
                'X-Brikk-Timestamp': datetime.now(timezone.utc).isoformat(),
                'X-Brikk-Signature': 'invalid-signature',
                'Content-Type': 'application/json'
            }
    
            response = client.post(
                '/api/v1/coordination',
                data=body,
                headers=headers
            )
    
            assert response.status_code == 401
            data = response.get_json()
            assert data['code'] == 'unauthorized'
>           assert 'Invalid HMAC signature' in data['message']
E           AssertionError: assert 'Invalid HMAC signature' in 'Authentication required. Please log in or provide valid HMAC headers.'

tests/test_coordination_auth.py:211: AssertionError
---------------------------- Captured stderr setup -----------------------------
{"timestamp": "2025-10-13T03:32:43.692699+00:00", "level": "INFO", "logger": "brikk.config", "message": "Logging configured", "module": "structured_logging", "function": "_log_with_context", "line": 85, "json_enabled": true, "log_level": "INFO", "loggers_configured": ["brikk.coordination", "brikk.auth", "brikk.rate_limit", "brikk.idempotency", "brikk.metrics", "brikk.security"]}
{"timestamp": "2025-10-13T03:32:43.692790+00:00", "level": "INFO", "logger": "brikk.startup", "message": "Application starting", "module": "structured_logging", "function": "_log_with_context", "line": 85, "flask_env": null, "debug": false, "testing": false}
----------------------------- Captured stderr call -----------------------------
{"timestamp": "2025-10-13T03:32:43.720098+00:00", "level": "INFO", "logger": "brikk.requests", "message": "Request started: POST /api/v1/coordination", "module": "structured_logging", "function": "_log_with_context", "line": 85, "request_id": null, "method": "POST", "path": "/api/v1/coordination", "remote_addr": "127.0.0.1", "user_agent": "Werkzeug/3.1.3", "event_type": "request_start", "content_length": 260}
{"timestamp": "2025-10-13T03:32:43.720517+00:00", "level": "WARNING", "logger": "brikk.auth", "message": "Authentication hmac_verification: failure", "module": "structured_logging", "function": "_log_with_context", "line": 85, "request_id": "6bf664b6-cbd9-4f86-a9a1-f26c8f19c7d5", "method": "POST", "path": "/api/v1/coordination", "remote_addr": "127.0.0.1", "user_agent": "Werkzeug/3.1.3", "duration_ms": 0.32, "event_type": "auth_event", "auth_event": "hmac_verification", "success": false, "failure_reason": "unauthorized", "status_code": 401}
{"timestamp": "2025-10-13T03:32:43.720629+00:00", "level": "WARNING", "logger": "brikk.coordination", "message": "Authentication hmac_verification: failure", "module": "structured_logging", "function": "_log_with_context", "line": 85, "request_id": "6bf664b6-cbd9-4f86-a9a1-f26c8f19c7d5", "method": "POST", "path": "/api/v1/coordination", "remote_addr": "127.0.0.1", "user_agent": "Werkzeug/3.1.3", "duration_ms": 0.42, "event_type": "auth_event", "auth_event": "hmac_verification", "success": false, "failure_reason": "unauthorized"}
{"timestamp": "2025-10-13T03:32:43.720902+00:00", "level": "INFO", "logger": "brikk.requests", "message": "Request completed: POST /api/v1/coordination - 401 (0.65ms)", "module": "structured_logging", "function": "_log_with_context", "line": 85, "request_id": "375eb2f6-61bb-48dc-8317-8209bf903dca", "method": "POST", "path": "/api/v1/coordination", "remote_addr": "127.0.0.1", "user_agent": "Werkzeug/3.1.3", "duration_ms": 0.65, "event_type": "request_end", "status_code": 401, "content_length": 158}
------------------------------ Captured log call -------------------------------
INFO     brikk.requests:structured_logging.py:85 Request started: POST /api/v1/coordination
WARNING  brikk.auth:structured_logging.py:85 Authentication hmac_verification: failure
WARNING  brikk.coordination:structured_logging.py:85 Authentication hmac_verification: failure
INFO     brikk.requests:structured_logging.py:85 Request completed: POST /api/v1/coordination - 401 (0.65ms)
_______ TestCoordinationAuth.test_coordination_endpoint_timestamp_drift ________

self = <tests.test_coordination_auth.TestCoordinationAuth object at 0x7f69f3484410>
mock_query = <MagicMock name='query' id='140092973866512'>
client = <FlaskClient <Flask 'src.factory'>>
valid_envelope = {'message_id': '01234567-89ab-cdef-0123-456789abcdef', 'payload': {'test': 'data'}, 'recipient': {'agent_id': 'target-agent'}, 'sender': {'agent_id': 'test-agent'}, ...}
mock_api_key = <MagicMock name='query.filter_by().first()' id='140092973827600'>

    @patch('src.models.api_key.ApiKey.query')
    def test_coordination_endpoint_timestamp_drift(self, mock_query, client, valid_envelope, mock_api_key):
        """Test coordination endpoint with timestamp outside drift window."""
        mock_query.filter_by.return_value.first.return_value = mock_api_key
    
        with patch.dict(os.environ, {
            'BRIKK_FEATURE_PER_ORG_KEYS': 'true',
            'BRIKK_IDEM_ENABLED': 'false'
        }):
            # Create timestamp 400 seconds in the past (outside '+/-300s window)
            old_timestamp = (datetime.now(timezone.utc) - timedelta(seconds=400)).isoformat()
    
            body = json.dumps(valid_envelope).encode()
>           headers = self.create_hmac_headers(
                'POST', '/api/v1/coordination', body, 'test-secret-key',
                valid_envelope['message_id'], old_timestamp
            )

tests/test_coordination_auth.py:229: 
_ _ _ _ _ _ _ _ _ _ _ _ _ _ _ _ _ _ _ _ _ _ _ _ _ _ _ _ _ _ _ _ _ _ _ _ _ _ _ _ 

self = <tests.test_coordination_auth.TestCoordinationAuth object at 0x7f69f3484410>
method = 'POST', path = '/api/v1/coordination'
body = b'{"version": "1.0", "message_id": "01234567-89ab-cdef-0123-456789abcdef", "ts": "2025-10-13T03:32:43.753763+00:00", "...: {"agent_id": "test-agent"}, "recipient": {"agent_id": "target-agent"}, "payload": {"test": "data"}, "ttl_ms": 30000}'
secret = 'test-secret-key', message_id = '01234567-89ab-cdef-0123-456789abcdef'
timestamp = '2025-10-13T03:26:03.755723+00:00'

    def create_hmac_headers(self, method: str, path: str, body: bytes,
                          secret: str, message_id: str = "",
                          timestamp: str = None) -> dict:
        """Create valid HMAC headers for testing."""
        if timestamp is None:
            timestamp = datetime.now(timezone.utc).isoformat()
    
>       signature = HMACSecurityService.generate_signature(
                    ^^^^^^^^^^^^^^^^^^^^^^^^^^^^^^^^^^^^^^
            method=method,
            path=path,
            timestamp=timestamp,
            body=body,
            secret=secret,
            message_id=message_id
        )
E       AttributeError: type object 'HMACSecurityService' has no attribute 'generate_signature'

tests/test_coordination_auth.py:76: AttributeError
---------------------------- Captured stderr setup -----------------------------
{"timestamp": "2025-10-13T03:32:43.728838+00:00", "level": "INFO", "logger": "brikk.config", "message": "Logging configured", "module": "structured_logging", "function": "_log_with_context", "line": 85, "json_enabled": true, "log_level": "INFO", "loggers_configured": ["brikk.coordination", "brikk.auth", "brikk.rate_limit", "brikk.idempotency", "brikk.metrics", "brikk.security"]}
{"timestamp": "2025-10-13T03:32:43.728930+00:00", "level": "INFO", "logger": "brikk.startup", "message": "Application starting", "module": "structured_logging", "function": "_log_with_context", "line": 85, "flask_env": null, "debug": false, "testing": false}
______ TestCoordinationAuth.test_coordination_endpoint_idempotent_replay _______

self = <tests.test_coordination_auth.TestCoordinationAuth object at 0x7f69f3484850>
mock_idempotency = <MagicMock name='process_request_idempotency' id='140092984968080'>
mock_query = <MagicMock name='query' id='140092974211472'>
client = <FlaskClient <Flask 'src.factory'>>
valid_envelope = {'message_id': '01234567-89ab-cdef-0123-456789abcdef', 'payload': {'test': 'data'}, 'recipient': {'agent_id': 'target-agent'}, 'sender': {'agent_id': 'test-agent'}, ...}
mock_api_key = <MagicMock name='query.filter_by().first()' id='140092974443536'>

    @patch('src.models.api_key.ApiKey.query')
    @patch('src.services.idempotency.IdempotencyService.process_request_idempotency')
    def test_coordination_endpoint_idempotent_replay(self, mock_idempotency, mock_query,
                                                   client, valid_envelope, mock_api_key):
        """Test coordination endpoint with idempotent replay (same request)."""
        mock_query.filter_by.return_value.first.return_value = mock_api_key
    
        # Mock idempotency service to return cached response
        cached_response = {
            "status": "accepted",
            "echo": {"message_id": valid_envelope['message_id']}
        }
        mock_idempotency.return_value = (False, cached_response, 202)
    
        with patch.dict(os.environ, {
            'BRIKK_FEATURE_PER_ORG_KEYS': 'true',
            'BRIKK_IDEM_ENABLED': 'true'
        }):
            body = json.dumps(valid_envelope).encode()
>           headers = self.create_hmac_headers(
                'POST', '/api/v1/coordination', body, 'test-secret-key',
                valid_envelope['message_id']
            )

tests/test_coordination_auth.py:267: 
_ _ _ _ _ _ _ _ _ _ _ _ _ _ _ _ _ _ _ _ _ _ _ _ _ _ _ _ _ _ _ _ _ _ _ _ _ _ _ _ 

self = <tests.test_coordination_auth.TestCoordinationAuth object at 0x7f69f3484850>
method = 'POST', path = '/api/v1/coordination'
body = b'{"version": "1.0", "message_id": "01234567-89ab-cdef-0123-456789abcdef", "ts": "2025-10-13T03:32:43.789794+00:00", "...: {"agent_id": "test-agent"}, "recipient": {"agent_id": "target-agent"}, "payload": {"test": "data"}, "ttl_ms": 30000}'
secret = 'test-secret-key', message_id = '01234567-89ab-cdef-0123-456789abcdef'
timestamp = '2025-10-13T03:32:43.791986+00:00'

    def create_hmac_headers(self, method: str, path: str, body: bytes,
                          secret: str, message_id: str = "",
                          timestamp: str = None) -> dict:
        """Create valid HMAC headers for testing."""
        if timestamp is None:
            timestamp = datetime.now(timezone.utc).isoformat()
    
>       signature = HMACSecurityService.generate_signature(
                    ^^^^^^^^^^^^^^^^^^^^^^^^^^^^^^^^^^^^^^
            method=method,
            path=path,
            timestamp=timestamp,
            body=body,
            secret=secret,
            message_id=message_id
        )
E       AttributeError: type object 'HMACSecurityService' has no attribute 'generate_signature'

tests/test_coordination_auth.py:76: AttributeError
---------------------------- Captured stderr setup -----------------------------
{"timestamp": "2025-10-13T03:32:43.765073+00:00", "level": "INFO", "logger": "brikk.config", "message": "Logging configured", "module": "structured_logging", "function": "_log_with_context", "line": 85, "json_enabled": true, "log_level": "INFO", "loggers_configured": ["brikk.coordination", "brikk.auth", "brikk.rate_limit", "brikk.idempotency", "brikk.metrics", "brikk.security"]}
{"timestamp": "2025-10-13T03:32:43.765164+00:00", "level": "INFO", "logger": "brikk.startup", "message": "Application starting", "module": "structured_logging", "function": "_log_with_context", "line": 85, "flask_env": null, "debug": false, "testing": false}
_____ TestCoordinationAuth.test_coordination_endpoint_idempotency_conflict _____

self = <tests.test_coordination_auth.TestCoordinationAuth object at 0x7f69f3484c90>
mock_idempotency = <MagicMock name='process_request_idempotency' id='140092976863184'>
mock_query = <MagicMock name='query' id='140092973153488'>
client = <FlaskClient <Flask 'src.factory'>>
valid_envelope = {'message_id': '01234567-89ab-cdef-0123-456789abcdef', 'payload': {'test': 'data'}, 'recipient': {'agent_id': 'target-agent'}, 'sender': {'agent_id': 'test-agent'}, ...}
mock_api_key = <MagicMock name='query.filter_by().first()' id='140092973128336'>

    @patch('src.models.api_key.ApiKey.query')
    @patch('src.services.idempotency.IdempotencyService.process_request_idempotency')
    def test_coordination_endpoint_idempotency_conflict(self, mock_idempotency, mock_query,
                                                      client, valid_envelope, mock_api_key):
        """Test coordination endpoint with idempotency conflict (same key, different body)."""
        mock_query.filter_by.return_value.first.return_value = mock_api_key
    
        # Mock idempotency service to return conflict
        mock_idempotency.return_value = (False, {'code': 'idempotency_conflict', 'message': 'Idempotency key conflicts with previous request'}, 409)
    
        with patch.dict(os.environ, {
            'BRIKK_FEATURE_PER_ORG_KEYS': 'true',
            'BRIKK_IDEM_ENABLED': 'true'
        }):
            body = json.dumps(valid_envelope).encode()
>           headers = self.create_hmac_headers(
                'POST', '/api/v1/coordination', body, 'test-secret-key',
                valid_envelope['message_id']
            )

tests/test_coordination_auth.py:298: 
_ _ _ _ _ _ _ _ _ _ _ _ _ _ _ _ _ _ _ _ _ _ _ _ _ _ _ _ _ _ _ _ _ _ _ _ _ _ _ _ 

self = <tests.test_coordination_auth.TestCoordinationAuth object at 0x7f69f3484c90>
method = 'POST', path = '/api/v1/coordination'
body = b'{"version": "1.0", "message_id": "01234567-89ab-cdef-0123-456789abcdef", "ts": "2025-10-13T03:32:43.826323+00:00", "...: {"agent_id": "test-agent"}, "recipient": {"agent_id": "target-agent"}, "payload": {"test": "data"}, "ttl_ms": 30000}'
secret = 'test-secret-key', message_id = '01234567-89ab-cdef-0123-456789abcdef'
timestamp = '2025-10-13T03:32:43.828516+00:00'

    def create_hmac_headers(self, method: str, path: str, body: bytes,
                          secret: str, message_id: str = "",
                          timestamp: str = None) -> dict:
        """Create valid HMAC headers for testing."""
        if timestamp is None:
            timestamp = datetime.now(timezone.utc).isoformat()
    
>       signature = HMACSecurityService.generate_signature(
                    ^^^^^^^^^^^^^^^^^^^^^^^^^^^^^^^^^^^^^^
            method=method,
            path=path,
            timestamp=timestamp,
            body=body,
            secret=secret,
            message_id=message_id
        )
E       AttributeError: type object 'HMACSecurityService' has no attribute 'generate_signature'

tests/test_coordination_auth.py:76: AttributeError
---------------------------- Captured stderr setup -----------------------------
{"timestamp": "2025-10-13T03:32:43.801359+00:00", "level": "INFO", "logger": "brikk.config", "message": "Logging configured", "module": "structured_logging", "function": "_log_with_context", "line": 85, "json_enabled": true, "log_level": "INFO", "loggers_configured": ["brikk.coordination", "brikk.auth", "brikk.rate_limit", "brikk.idempotency", "brikk.metrics", "brikk.security"]}
[...]
client = <FlaskClient <Flask 'src.factory'>>
valid_envelope = {'message_id': '01234567-89ab-cdef-0123-456789abcdef', 'payload': {'test': 'data'}, 'recipient': {'agent_id': 'target-agent'}, 'sender': {'agent_id': 'test-agent'}, ...}

    def test_coordination_rate_limit_with_idempotency(self, client, valid_envelope):
        """Test rate limiting works alongside idempotency."""
        with patch.dict(os.environ, {
            'BRIKK_RLIMIT_ENABLED': 'true',
            'BRIKK_FEATURE_PER_ORG_KEYS': 'false',
            'BRIKK_IDEM_ENABLED': 'true'
        }):
            # Mock rate limiter to allow request
            with patch('src.services.rate_limit.get_rate_limiter') as mock_get_limiter:
                mock_limiter = MagicMock()
                mock_limiter.check_rate_limit.return_value = RateLimitResult(
                    allowed=True, limit=80, remaining=75, reset_time=1640995200
                )
                mock_get_limiter.return_value = mock_limiter
    
                response = client.post(
                    '/api/v1/coordination',
                    data=json.dumps(valid_envelope),
                    headers={'Content-Type': 'application/json'}
                )
    
>               assert response.status_code == 202
E               assert 422 == 202
E                +  where 422 = <WrapperTestResponse streamed [422 UNPROCESSABLE ENTITY]>.status_code

tests/test_rate_limit.py:511: AssertionError
---------------------------- Captured stderr setup -----------------------------
{"timestamp": "2025-10-13T03:32:48.925204+00:00", "level": "INFO", "logger": "brikk.config", "message": "Logging configured", "module": "structured_logging", "function": "_log_with_context", "line": 85, "json_enabled": true, "log_level": "INFO", "loggers_configured": ["brikk.coordination", "brikk.auth", "brikk.rate_limit", "brikk.idempotency", "brikk.metrics", "brikk.security"]}
{"timestamp": "2025-10-13T03:32:48.925295+00:00", "level": "INFO", "logger": "brikk.startup", "message": "Application starting", "module": "structured_logging", "function": "_log_with_context", "line": 85, "flask_env": null, "debug": false, "testing": false}
----------------------------- Captured stdout call -----------------------------
Idempotency check error: 'NoneType' object has no attribute 'get'
----------------------------- Captured stderr call -----------------------------
{"timestamp": "2025-10-13T03:32:48.949754+00:00", "level": "INFO", "logger": "brikk.requests", "message": "Request started: POST /api/v1/coordination", "module": "structured_logging", "function": "_log_with_context", "line": 85, "request_id": null, "method": "POST", "path": "/api/v1/coordination", "remote_addr": "127.0.0.1", "user_agent": "Werkzeug/3.1.3", "event_type": "request_start", "content_length": 260}
{"timestamp": "2025-10-13T03:32:48.950804+00:00", "level": "INFO", "logger": "brikk.requests", "message": "Request completed: POST /api/v1/coordination - 422 (0.85ms)", "module": "structured_logging", "function": "_log_with_context", "line": 85, "request_id": "bd74a624-39bd-48bf-9673-deba4a33013d", "method": "POST", "path": "/api/v1/coordination", "remote_addr": "127.0.0.1", "user_agent": "Werkzeug/3.1.3", "duration_ms": 0.85, "event_type": "request_end", "status_code": 422, "content_length": 401}
------------------------------ Captured log call -------------------------------
INFO     brikk.requests:structured_logging.py:85 Request started: POST /api/v1/coordination
INFO     brikk.requests:structured_logging.py:85 Request completed: POST /api/v1/coordination - 422 (0.85ms)
__________ TestBodySizeValidation.test_invalid_content_length_header ___________

self = <tests.test_request_guards.TestBodySizeValidation object at 0x7f69f257c1d0>
client = <FlaskClient <Flask 'tests.test_request_guards'>>

    def test_invalid_content_length_header(self, client):
        """Test that invalid Content-Length header is rejected with 400."""
        response = client.post(
            '/test',
            headers={
                'Content-Type': 'application/json',
                'Content-Length': 'invalid',
                'X-Brikk-Key': 'test-key',
                'X-Brikk-Timestamp': '1234567890',
                'X-Brikk-Signature': 'test-signature'
            },
            json={"test": "data"}
        )
>       assert response.status_code == 400
E       assert 200 == 400
E        +  where 200 = <WrapperTestResponse streamed [200 OK]>.status_code

tests/test_request_guards.py:201: AssertionError
______________________________ test_ping_endpoint ______________________________

client = <FlaskClient <Flask 'src.factory'>>

    def test_ping_endpoint(client):
        """Test that the ping endpoint returns a valid response."""
        response = client.get('/api/inbound/_ping')
        # Accept 200 OK or 302 redirect as valid responses
>       assert response.status_code in [200, 302]
E       assert 404 in [200, 302]
E        +  where 404 = <WrapperTestResponse streamed [404 NOT FOUND]>.status_code

tests/test_smoke.py:32: AssertionError
---------------------------- Captured stderr setup -----------------------------
{"timestamp": "2025-10-13T03:32:49.030479+00:00", "level": "INFO", "logger": "brikk.config", "message": "Logging configured", "module": "structured_logging", "function": "_log_with_context", "line": 85, "json_enabled": true, "log_level": "INFO", "loggers_configured": ["brikk.coordination", "brikk.auth", "brikk.rate_limit", "brikk.idempotency", "brikk.metrics", "brikk.security"]}
{"timestamp": "2025-10-13T03:32:49.030570+00:00", "level": "INFO", "logger": "brikk.startup", "message": "Application starting", "module": "structured_logging", "function": "_log_with_context", "line": 85, "flask_env": null, "debug": false, "testing": false}
----------------------------- Captured stderr call -----------------------------
{"timestamp": "2025-10-13T03:32:49.054914+00:00", "level": "INFO", "logger": "brikk.requests", "message": "Request started: GET /api/inbound/_ping", "module": "structured_logging", "function": "_log_with_context", "line": 85, "request_id": null, "method": "GET", "path": "/api/inbound/_ping", "remote_addr": "127.0.0.1", "user_agent": "Werkzeug/3.1.3", "event_type": "request_start", "content_length": null}
{"timestamp": "2025-10-13T03:32:49.055395+00:00", "level": "INFO", "logger": "brikk.requests", "message": "Request completed: GET /api/inbound/_ping - 404 (0.26ms)", "module": "structured_logging", "function": "_log_with_context", "line": 85, "request_id": "67f08bc5-8d67-45a1-8161-7f74f6e72971", "method": "GET", "path": "/api/inbound/_ping", "remote_addr": "127.0.0.1", "user_agent": "Werkzeug/3.1.3", "duration_ms": 0.26, "event_type": "request_end", "status_code": 404, "content_length": 207}
------------------------------ Captured log call -------------------------------
INFO     brikk.requests:structured_logging.py:85 Request started: GET /api/inbound/_ping
INFO     brikk.requests:structured_logging.py:85 Request completed: GET /api/inbound/_ping - 404 (0.26ms)
___________________________ test_basic_routes_exist ____________________________

client = <FlaskClient <Flask 'src.factory'>>

    def test_basic_routes_exist(client):
        """Test that basic application routes are accessible (don't return 404)."""
        # Test ping endpoint specifically
        response = client.get('/api/inbound/_ping')
>       assert response.status_code != 404
E       assert 404 != 404
E        +  where 404 = <WrapperTestResponse streamed [404 NOT FOUND]>.status_code

tests/test_smoke.py:53: AssertionError
---------------------------- Captured stderr setup -----------------------------
{"timestamp": "2025-10-13T03:32:49.084233+00:00", "level": "INFO", "logger": "brikk.config", "message": "Logging configured", "module": "structured_logging", "function": "_log_with_context", "line": 85, "json_enabled": true, "log_level": "INFO", "loggers_configured": ["brikk.coordination", "brikk.auth", "brikk.rate_limit", "brikk.idempotency", "brikk.metrics", "brikk.security"]}
{"timestamp": "2025-10-13T03:32:49.084318+00:00", "level": "INFO", "logger": "brikk.startup", "message": "Application starting", "module": "structured_logging", "function": "_log_with_context", "line": 85, "flask_env": null, "debug": false, "testing": false}
----------------------------- Captured stderr call -----------------------------
{"timestamp": "2025-10-13T03:32:49.109500+00:00", "level": "INFO", "logger": "brikk.requests", "message": "Request started: GET /api/inbound/_ping", "module": "structured_logging", "function": "_log_with_context", "line": 85, "request_id": null, "method": "GET", "path": "/api/inbound/_ping", "remote_addr": "127.0.0.1", "user_agent": "Werkzeug/3.1.3", "event_type": "request_start", "content_length": null}
{"timestamp": "2025-10-13T03:32:49.109979+00:00", "level": "INFO", "logger": "brikk.requests", "message": "Request completed: GET /api/inbound/_ping - 404 (0.26ms)", "module": "structured_logging", "function": "_log_with_context", "line": 85, "request_id": "a06c0ed0-c75f-413d-8966-616ddfd841d6", "method": "GET", "path": "/api/inbound/_ping", "remote_addr": "127.0.0.1", "user_agent": "Werkzeug/3.1.3", "duration_ms": 0.26, "event_type": "request_end", "status_code": 404, "content_length": 207}
------------------------------ Captured log call -------------------------------
INFO     brikk.requests:structured_logging.py:85 Request started: GET /api/inbound/_ping
INFO     brikk.requests:structured_logging.py:85 Request completed: GET /api/inbound/_ping - 404 (0.26ms)
=============================== warnings summary ===============================
tests/auth/test_hmac_auth.py::TestAuthMiddleware::test_authenticate_request_feature_disabled
  /home/ubuntu/brikk-infrastructure/src/schemas/auth.py:19: PydanticDeprecatedSince20: Pydantic V1 style `@validator` validators are deprecated. You should migrate to Pydantic V2 style `@field_validator` validators, see the migration guide for more details. Deprecated in Pydantic V2.0 to be removed in V3.0. See Pydantic V2 Migration Guide at https://errors.pydantic.dev/2.11/migration/
    @validator('slug')

tests/auth/test_hmac_auth.py::TestAuthMiddleware::test_authenticate_request_feature_disabled
  /home/ubuntu/brikk-infrastructure/src/schemas/auth.py:26: PydanticDeprecatedSince20: Pydantic V1 style `@validator` validators are deprecated. You should migrate to Pydantic V2 style `@field_validator` validators, see the migration guide for more details. Deprecated in Pydantic V2.0 to be removed in V3.0. See Pydantic V2 Migration Guide at https://errors.pydantic.dev/2.11/migration/
    @validator('contact_email')

tests/auth/test_hmac_auth.py::TestAuthMiddleware::test_authenticate_request_feature_disabled
  /home/ubuntu/brikk-infrastructure/src/schemas/auth.py:43: PydanticDeprecatedSince20: Pydantic V1 style `@validator` validators are deprecated. You should migrate to Pydantic V2 style `@field_validator` validators, see the migration guide for more details. Deprecated in Pydantic V2.0 to be removed in V3.0. See Pydantic V2 Migration Guide at https://errors.pydantic.dev/2.11/migration/
    @validator('agent_id')

tests/auth/test_hmac_auth.py::TestAuthMiddleware::test_authenticate_request_feature_disabled
  /home/ubuntu/brikk-infrastructure/src/schemas/auth.py:61: PydanticDeprecatedSince20: Pydantic V1 style `@validator` validators are deprecated. You should migrate to Pydantic V2 style `@field_validator` validators, see the migration guide for more details. Deprecated in Pydantic V2.0 to be removed in V3.0. See Pydantic V2 Migration Guide at https://errors.pydantic.dev/2.11/migration/
    @validator('scopes')

tests/test_integrations_v1.py::test_webhook_event_trigger
  /home/ubuntu/brikk-infrastructure/src/services/webhook_service.py:156: SAWarning: Session's state has been changed on a non-active transaction - this state will be discarded.
    self.db.rollback()

-- Docs: https://docs.pytest.org/en/stable/how-to/capture-warnings.html
=========================== short test summary info ============================
FAILED tests/auth/test_api_key_rotation.py::TestApiKeyRotation::test_api_key_creation
FAILED tests/auth/test_api_key_rotation.py::TestApiKeyRotation::test_api_key_rotation
FAILED tests/auth/test_hmac_auth.py::TestAuthMiddleware::test_authenticate_request_feature_disabled
FAILED tests/auth/test_hmac_auth.py::TestAuthMiddleware::test_authenticate_request_missing_headers
FAILED tests/auth/test_hmac_auth.py::TestAuthMiddleware::test_authenticate_request_invalid_timestamp
FAILED tests/auth/test_hmac_auth.py::TestAuthMiddleware::test_authenticate_request_invalid_api_key
FAILED tests/auth/test_hmac_auth.py::TestAuthMiddleware::test_check_idempotency_feature_disabled
FAILED tests/auth/test_hmac_auth.py::TestAuthMiddleware::test_check_idempotency_no_auth
FAILED tests/auth/test_hmac_auth.py::TestAuthMiddleware::test_check_idempotency_success
FAILED tests/auth/test_hmac_auth.py::TestAuthMiddleware::test_check_idempotency_replay
FAILED tests/auth/test_hmac_auth.py::TestAuthMiddleware::test_set_auth_context
FAILED tests/auth/test_hmac_auth.py::TestAuthMiddleware::test_log_auth_result_success
FAILED tests/auth/test_hmac_auth.py::TestAuthMiddleware::test_log_auth_result_failure
FAILED tests/auth/test_idempotency.py::TestIdempotencyService::test_process_request_idempotency_with_custom_key
FAILED tests/test_basic.py::test_inbound_ping_endpoint - assert 404 == 200
FAILED tests/test_basic.py::test_database_url_normalization - NameError: name...
FAILED tests/test_basic.py::test_blueprint_registration - AssertionError: Blu...
FAILED tests/test_billing_portal_stripe13.py::test_billing_portal_request_validation
FAILED tests/test_coordination_auth.py::TestCoordinationAuth::test_coordination_endpoint_flags_off
FAILED tests/test_coordination_auth.py::TestCoordinationAuth::test_coordination_endpoint_valid_hmac
FAILED tests/test_coordination_auth.py::TestCoordinationAuth::test_coordination_endpoint_missing_headers
FAILED tests/test_coordination_auth.py::TestCoordinationAuth::test_coordination_endpoint_invalid_api_key
FAILED tests/test_coordination_auth.py::TestCoordinationAuth::test_coordination_endpoint_invalid_signature
FAILED tests/test_coordination_auth.py::TestCoordinationAuth::test_coordination_endpoint_timestamp_drift
FAILED tests/test_coordination_auth.py::TestCoordinationAuth::test_coordination_endpoint_idempotent_replay
FAILED tests/test_coordination_auth.py::TestCoordinationAuth::test_coordination_endpoint_idempotency_conflict
FAILED tests/test_coordination_auth.py::TestCoordinationAuth::test_coordination_health_endpoint
FAILED tests/test_coordination_auth.py::TestCoordinationAuth::test_security_headers_present
FAILED tests/test_coordination_auth.py::TestCoordinationAuth::test_coordination_endpoint_with_custom_idempotency_key
FAILED tests/test_coordination_stub.py::TestCoordinationEndpoint::test_valid_request_returns_202
FAILED tests/test_coordination_stub.py::TestCoordinationEndpoint::test_minimal_valid_envelope
FAILED tests/test_coordination_stub.py::TestCoordinationEndpoint::test_security_headers_present
FAILED tests/test_coordination_stub.py::TestRequestGuardsIntegration::test_missing_content_type_returns_415
FAILED tests/test_coordination_stub.py::TestRequestGuardsIntegration::test_missing_brikk_headers_returns_400
FAILED tests/test_coordination_stub.py::TestRequestGuardsIntegration::test_oversized_body_returns_413
FAILED tests/test_coordination_stub.py::TestEnvelopeValidationIntegration::test_missing_required_fields_returns_422
FAILED tests/test_coordination_stub.py::TestErrorHandling::test_error_responses_have_security_headers
FAILED tests/test_coordination_stub.py::TestHealthCheckEndpoint::test_health_check_returns_200
FAILED tests/test_coordination_stub.py::TestMessageTypes::test_all_message_types_accepted
FAILED tests/test_coordination_v1.py::test_coordination_v1_invalid_signature
FAILED tests/test_coordination_v1.py::test_coordination_v1_idempotency - asse...
FAILED tests/test_discovery_v1.py::test_register_service - assert 422 == 201
FAILED tests/test_discovery_v1.py::test_discover_services - assert 422 == 200
FAILED tests/test_discovery_v1.py::test_service_heartbeat - KeyError: 'id'
FAILED tests/test_discovery_v1.py::test_get_service_details - KeyError: 'id'
FAILED tests/test_economy_api_v1.py::test_get_balance - assert 404 == 200
FAILED tests/test_economy_db_v1.py::test_system_accounts_seeded - assert None...
FAILED tests/test_envelope_validation.py::TestEnvelopeValidation::test_minimal_valid_envelope
FAILED tests/test_envelope_validation.py::TestEnvelopeValidation::test_full_valid_envelope
FAILED tests/test_envelope_validation.py::TestVersionValidation::test_valid_version
FAILED tests/test_envelope_validation.py::TestMessageIdValidation::test_valid_uuid4
FAILED tests/test_envelope_validation.py::TestTimestampValidation::test_valid_rfc3339_timestamps
FAILED tests/test_envelope_validation.py::TestTypeValidation::test_valid_types
FAILED tests/test_envelope_validation.py::TestSenderRecipientValidation::test_valid_sender_recipient
FAILED tests/test_envelope_validation.py::TestSenderRecipientValidation::test_sender_without_org_id
FAILED tests/test_envelope_validation.py::TestTtlValidation::test_valid_ttl_values
FAILED tests/test_envelope_validation.py::TestExtraFieldsValidation::test_extra_fields_in_sender
FAILED tests/test_envelope_validation.py::TestMinifyFunction::test_minify_removes_none_values
FAILED tests/test_envelope_validation.py::TestMinifyFunction::test_minify_preserves_non_none_values
FAILED tests/test_envelope_validation.py::TestMinifyFunction::test_minify_nested_structures
FAILED tests/test_envelope_validation.py::TestCreateSampleEnvelope::test_create_sample_envelope_defaults
FAILED tests/test_envelope_validation.py::TestCreateSampleEnvelope::test_create_sample_envelope_custom_params
FAILED tests/test_health.py::TestReadinessEndpoint::test_readiness_endpoint_redis_unhealthy
FAILED tests/test_health.py::TestReadinessEndpoint::test_readiness_endpoint_redis_timeout
FAILED tests/test_health.py::TestHealthVsReadiness::test_health_vs_readiness_when_redis_down
FAILED tests/test_health.py::TestHealthEndpointErrorHandling::test_readiness_handles_redis_import_error
FAILED tests/test_health.py::TestHealthEndpointErrorHandling::test_readiness_handles_unexpected_redis_errors
FAILED tests/test_integrations_v1.py::test_create_webhook - assert 422 == 201
FAILED tests/test_integrations_v1.py::test_get_webhooks - assert 422 == 200
FAILED tests/test_integrations_v1.py::test_update_webhook - KeyError: 'id'
FAILED tests/test_integrations_v1.py::test_delete_webhook - KeyError: 'id'
FAILED tests/test_integrations_v1.py::test_webhook_event_trigger - KeyError: ...
FAILED tests/test_logging_context.py::TestRequestContextMiddleware::test_auth_context_integration
FAILED tests/test_logging_context.py::TestStructuredFormatter::test_exception_formatting
FAILED tests/test_rate_limit.py::TestRateLimitIntegration::test_coordination_rate_limit_disabled
FAILED tests/test_rate_limit.py::TestRateLimitIntegration::test_coordination_rate_limit_allowed
FAILED tests/test_rate_limit.py::TestRateLimitIntegration::test_coordination_rate_limit_exceeded
FAILED tests/test_rate_limit.py::TestRateLimitIntegration::test_coordination_rate_limit_burst_behavior
FAILED tests/test_rate_limit.py::TestRateLimitIntegration::test_coordination_rate_limit_scope_switching
FAILED tests/test_rate_limit.py::TestRateLimitIntegration::test_coordination_rate_limit_redis_failure
FAILED tests/test_rate_limit.py::TestRateLimitIntegration::test_coordination_rate_limit_with_idempotency
FAILED tests/test_request_guards.py::TestBodySizeValidation::test_invalid_content_length_header
FAILED tests/test_smoke.py::test_ping_endpoint - assert 404 in [200, 302]
FAILED tests/test_smoke.py::test_basic_routes_exist - assert 404 != 404
=========== 84 failed, 185 passed, 20 skipped, 5 warnings in 11.17s ============
