============================= test session starts ==============================
platform linux -- Python 3.11.0rc1, pytest-8.4.2, pluggy-1.6.0
rootdir: /home/ubuntu/brikk-infrastructure
plugins: anyio-4.10.0, cov-7.0.0
collected 287 items

tests/auth/test_api_key_rotation.py FF                                   [  0%]
tests/auth/test_hmac_auth.py ..........................FFFFFFFFFFF       [ 13%]
tests/auth/test_idempotency.py .........F.                               [ 17%]
tests/examples/test_python_agent.py ...                                  [ 18%]
tests/smoke/test_app_startup.py sssssssss...                             [ 22%]
tests/smoke/test_coordination_api.py sssssssssss                         [ 26%]
tests/test_basic.py ..FF.....                                            [ 29%]
tests/test_billing_portal.py ..........                                  [ 33%]
tests/test_billing_portal_stripe13.py .F.                                [ 34%]
tests/test_coordination_auth.py FFFFFFFF..FFF                            [ 38%]
tests/test_coordination_stub.py FFFFFF.F......FF..F                      [ 45%]
tests/test_coordination_v1.py .FF                                        [ 46%]
tests/test_discovery_v1.py FFF.F                                         [ 48%]
tests/test_economy_api_v1.py F                                           [ 48%]
tests/test_economy_db_v1.py .F.                                          [ 49%]
tests/test_envelope_uuid_validation.py .......                           [ 51%]
tests/test_envelope_validation.py FFF.F..F.F.FF..F..FFFFFF               [ 60%]
tests/test_health.py FFFFFFFFFFFFFFFFFFFFFF                              [ 67%]
tests/test_integrations_v1.py FFFFF                                      [ 69%]
tests/test_logging_context.py .....F...F...........                      [ 77%]
tests/test_metrics.py .....                                              [ 78%]
tests/test_performance_v1.py ....                                        [ 80%]
tests/test_rate_limit.py .............FFFFFFF..                          [ 87%]
tests/test_request_guards.py ........F.........                          [ 94%]
tests/test_smoke.py .F.F                                                 [ 95%]
tests/test_stripe_13_compatibility.py .........                          [ 98%]
tests/test_workflows_v1.py ....                                          [100%]

=================================== FAILURES ===================================
___________________ TestApiKeyRotation.test_api_key_creation ___________________

self = <cryptography.fernet.Fernet object at 0x7fcff022f650>
key = b'test_key_32_bytes_long_for_fernet', backend = None

    def __init__(
        self,
        key: bytes | str,
        backend: typing.Any = None,
    ) -> None:
        try:
>           key = base64.urlsafe_b64decode(key)
                  ^^^^^^^^^^^^^^^^^^^^^^^^^^^^^

/usr/local/lib/python3.11/dist-packages/cryptography/fernet.py:35: 
_ _ _ _ _ _ _ _ _ _ _ _ _ _ _ _ _ _ _ _ _ _ _ _ _ _ _ _ _ _ _ _ _ _ _ _ _ _ _ _ 
/usr/lib/python3.11/base64.py:134: in urlsafe_b64decode
    return b64decode(s)
           ^^^^^^^^^^^^
_ _ _ _ _ _ _ _ _ _ _ _ _ _ _ _ _ _ _ _ _ _ _ _ _ _ _ _ _ _ _ _ _ _ _ _ _ _ _ _ 

s = b'test/key/32/bytes/long/for/fernet', altchars = None, validate = False

    def b64decode(s, altchars=None, validate=False):
        """Decode the Base64 encoded bytes-like object or ASCII string s.
    
        Optional altchars must be a bytes-like object or ASCII string of length 2
        which specifies the alternative alphabet used instead of the '+' and '/'
        characters.
    
        The result is returned as a bytes object.  A binascii.Error is raised if
        s is incorrectly padded.
    
        If validate is False (the default), characters that are neither in the
        normal base-64 alphabet nor the alternative alphabet are discarded prior
        to the padding check.  If validate is True, these non-alphabet characters
        in the input result in a binascii.Error.
        For more information about the strict base64 check, see:
    
        https://docs.python.org/3.11/library/binascii.html#binascii.a2b_base64
        """
        s = _bytes_from_decode_data(s)
        if altchars is not None:
            altchars = _bytes_from_decode_data(altchars)
            assert len(altchars) == 2, repr(altchars)
            s = s.translate(bytes.maketrans(altchars, b'+/'))
>       return binascii.a2b_base64(s, strict_mode=validate)
               ^^^^^^^^^^^^^^^^^^^^^^^^^^^^^^^^^^^^^^^^^^^^
E       binascii.Error: Invalid base64-encoded string: number of data characters (33) cannot be 1 more than a multiple of 4

/usr/lib/python3.11/base64.py:88: Error

The above exception was the direct cause of the following exception:

self = <tests.auth.test_api_key_rotation.TestApiKeyRotation object at 0x7fcff28d34d0>
app = <Flask 'tests.auth.test_api_key_rotation'>
test_org = <Organization Test Organization (test-org)>
test_agent = <Agent 1d1ec52f-e349-4d17-9e02-8feda4fa896c 'Test Agent for Rotation'>

    def test_api_key_creation(self, app, test_org, test_agent):
        """Test API key creation with proper encryption."""
        with app.app_context():
            with patch.dict(
                os.environ, {"BRIKK_ENCRYPTION_KEY": "test_key_32_bytes_long_for_fernet"}
            ):
>               api_key, secret = ApiKey.create_api_key(
                    organization_id=test_org.id,
                    name="Test Key for Rotation",
                    agent_id=test_agent.id,
                )

tests/auth/test_api_key_rotation.py:81: 
_ _ _ _ _ _ _ _ _ _ _ _ _ _ _ _ _ _ _ _ _ _ _ _ _ _ _ _ _ _ _ _ _ _ _ _ _ _ _ _ 
src/models/api_key.py:79: in create_api_key
    fernet = get_fernet()
             ^^^^^^^^^^^^
src/models/api_key.py:23: in get_fernet
    return Fernet(encryption_key.encode())
           ^^^^^^^^^^^^^^^^^^^^^^^^^^^^^^^
_ _ _ _ _ _ _ _ _ _ _ _ _ _ _ _ _ _ _ _ _ _ _ _ _ _ _ _ _ _ _ _ _ _ _ _ _ _ _ _ 

self = <cryptography.fernet.Fernet object at 0x7fcff022f650>
key = b'test_key_32_bytes_long_for_fernet', backend = None

    def __init__(
        self,
        key: bytes | str,
        backend: typing.Any = None,
    ) -> None:
        try:
            key = base64.urlsafe_b64decode(key)
        except binascii.Error as exc:
>           raise ValueError(
                "Fernet key must be 32 url-safe base64-encoded bytes."
            ) from exc
E           ValueError: Fernet key must be 32 url-safe base64-encoded bytes.

/usr/local/lib/python3.11/dist-packages/cryptography/fernet.py:37: ValueError
___________________ TestApiKeyRotation.test_api_key_rotation ___________________

self = <cryptography.fernet.Fernet object at 0x7fcff0170290>
key = b'test_key_32_bytes_long_for_fernet', backend = None

    def __init__(
        self,
        key: bytes | str,
        backend: typing.Any = None,
    ) -> None:
        try:
>           key = base64.urlsafe_b64decode(key)
                  ^^^^^^^^^^^^^^^^^^^^^^^^^^^^^

/usr/local/lib/python3.11/dist-packages/cryptography/fernet.py:35: 
_ _ _ _ _ _ _ _ _ _ _ _ _ _ _ _ _ _ _ _ _ _ _ _ _ _ _ _ _ _ _ _ _ _ _ _ _ _ _ _ 
/usr/lib/python3.11/base64.py:134: in urlsafe_b64decode
    return b64decode(s)
           ^^^^^^^^^^^^
_ _ _ _ _ _ _ _ _ _ _ _ _ _ _ _ _ _ _ _ _ _ _ _ _ _ _ _ _ _ _ _ _ _ _ _ _ _ _ _ 

s = b'test/key/32/bytes/long/for/fernet', altchars = None, validate = False

    def b64decode(s, altchars=None, validate=False):
        """Decode the Base64 encoded bytes-like object or ASCII string s.
    
        Optional altchars must be a bytes-like object or ASCII string of length 2
        which specifies the alternative alphabet used instead of the '+' and '/'
        characters.
    
        The result is returned as a bytes object.  A binascii.Error is raised if
        s is incorrectly padded.
    
        If validate is False (the default), characters that are neither in the
        normal base-64 alphabet nor the alternative alphabet are discarded prior
        to the padding check.  If validate is True, these non-alphabet characters
        in the input result in a binascii.Error.
        For more information about the strict base64 check, see:
    
        https://docs.python.org/3.11/library/binascii.html#binascii.a2b_base64
        """
        s = _bytes_from_decode_data(s)
        if altchars is not None:
            altchars = _bytes_from_decode_data(altchars)
            assert len(altchars) == 2, repr(altchars)
            s = s.translate(bytes.maketrans(altchars, b'+/'))
>       return binascii.a2b_base64(s, strict_mode=validate)
               ^^^^^^^^^^^^^^^^^^^^^^^^^^^^^^^^^^^^^^^^^^^^
E       binascii.Error: Invalid base64-encoded string: number of data characters (33) cannot be 1 more than a multiple of 4

/usr/lib/python3.11/base64.py:88: Error

The above exception was the direct cause of the following exception:

self = <tests.auth.test_api_key_rotation.TestApiKeyRotation object at 0x7fcff1a4af90>
app = <Flask 'tests.auth.test_api_key_rotation'>
test_org = <Organization Test Organization (test-org)>
test_agent = <Agent d46171f1-91b5-4b0b-a1f6-e0f6792f3a1f 'Test Agent for Rotation'>

    def test_api_key_rotation(self, app, test_org, test_agent):
        """Test API key secret rotation."""
        with app.app_context():
            with patch.dict(
                os.environ, {"BRIKK_ENCRYPTION_KEY": "test_key_32_bytes_long_for_fernet"}
            ):
                # Create initial API key
>               api_key, original_secret = ApiKey.create_api_key(
                    organization_id=test_org.id,
                    name="Test Key for Rotation",
                    agent_id=test_agent.id,
                )

tests/auth/test_api_key_rotation.py:104: 
_ _ _ _ _ _ _ _ _ _ _ _ _ _ _ _ _ _ _ _ _ _ _ _ _ _ _ _ _ _ _ _ _ _ _ _ _ _ _ _ 
src/models/api_key.py:79: in create_api_key
    fernet = get_fernet()
             ^^^^^^^^^^^^
src/models/api_key.py:23: in get_fernet
    return Fernet(encryption_key.encode())
           ^^^^^^^^^^^^^^^^^^^^^^^^^^^^^^^
_ _ _ _ _ _ _ _ _ _ _ _ _ _ _ _ _ _ _ _ _ _ _ _ _ _ _ _ _ _ _ _ _ _ _ _ _ _ _ _ 

self = <cryptography.fernet.Fernet object at 0x7fcff0170290>
key = b'test_key_32_bytes_long_for_fernet', backend = None

    def __init__(
        self,
        key: bytes | str,
        backend: typing.Any = None,
    ) -> None:
        try:
            key = base64.urlsafe_b64decode(key)
        except binascii.Error as exc:
>           raise ValueError(
                "Fernet key must be 32 url-safe base64-encoded bytes."
            ) from exc
E           ValueError: Fernet key must be 32 url-safe base64-encoded bytes.

/usr/local/lib/python3.11/dist-packages/cryptography/fernet.py:37: ValueError
________ TestAuthMiddleware.test_authenticate_request_feature_disabled _________

args = (<tests.auth.test_hmac_auth.TestAuthMiddleware object at 0x7fcff17af810>,)
keywargs = {'app': <Flask 'src.factory'>, 'auth_middleware': <src.services.auth_middleware.AuthMiddleware object at 0x7fcff0170690>}

    @wraps(func)
    def patched(*args, **keywargs):
>       with self.decoration_helper(patched,
                                    args,
                                    keywargs) as (newargs, newkeywargs):

/usr/lib/python3.11/unittest/mock.py:1356: 
_ _ _ _ _ _ _ _ _ _ _ _ _ _ _ _ _ _ _ _ _ _ _ _ _ _ _ _ _ _ _ _ _ _ _ _ _ _ _ _ 
/usr/lib/python3.11/contextlib.py:137: in __enter__
    return next(self.gen)
           ^^^^^^^^^^^^^^
/usr/lib/python3.11/unittest/mock.py:1338: in decoration_helper
    arg = exit_stack.enter_context(patching)
          ^^^^^^^^^^^^^^^^^^^^^^^^^^^^^^^^^^
/usr/lib/python3.11/contextlib.py:502: in enter_context
    result = _enter(cm)
             ^^^^^^^^^^
/usr/lib/python3.11/unittest/mock.py:1450: in __enter__
    if spec is None and _is_async_obj(original):
                        ^^^^^^^^^^^^^^^^^^^^^^^
/usr/lib/python3.11/unittest/mock.py:55: in _is_async_obj
    if hasattr(obj, '__func__'):
       ^^^^^^^^^^^^^^^^^^^^^^^^
/usr/local/lib/python3.11/dist-packages/werkzeug/local.py:318: in __get__
    obj = instance._get_current_object()
          ^^^^^^^^^^^^^^^^^^^^^^^^^^^^^^
_ _ _ _ _ _ _ _ _ _ _ _ _ _ _ _ _ _ _ _ _ _ _ _ _ _ _ _ _ _ _ _ _ _ _ _ _ _ _ _ 

    def _get_current_object() -> T:
        try:
            obj = local.get()
        except LookupError:
>           raise RuntimeError(unbound_message) from None
E           RuntimeError: Working outside of request context.
E           
E           This typically means that you attempted to use functionality that needed
E           an active HTTP request. Consult the documentation on testing for
E           information about how to avoid this problem.

/usr/local/lib/python3.11/dist-packages/werkzeug/local.py:519: RuntimeError
---------------------------- Captured stderr setup -----------------------------
{"timestamp": "2025-10-13T03:37:20.573642+00:00", "level": "INFO", "logger": "brikk.config", "message": "Logging configured", "module": "structured_logging", "function": "_log_with_context", "line": 85, "json_enabled": true, "log_level": "INFO", "loggers_configured": ["brikk.coordination", "brikk.auth", "brikk.rate_limit", "brikk.idempotency", "brikk.metrics", "brikk.security"]}
{"timestamp": "2025-10-13T03:37:20.573777+00:00", "level": "INFO", "logger": "brikk.startup", "message": "Application starting", "module": "structured_logging", "function": "_log_with_context", "line": 85, "flask_env": null, "debug": false, "testing": false}
{"timestamp": "2025-10-13T03:37:21.262352+00:00", "level": "WARNING", "logger": "brikk.monitoring", "message": "Redis not available for metrics storage: Error 111 connecting to localhost:6379. Connection refused.", "module": "structured_logging", "function": "_log_with_context", "line": 85}
_________ TestAuthMiddleware.test_authenticate_request_missing_headers _________

args = (<tests.auth.test_hmac_auth.TestAuthMiddleware object at 0x7fcff17afed0>,)
keywargs = {'app': <Flask 'src.factory'>, 'auth_middleware': <src.services.auth_middleware.AuthMiddleware object at 0x7fcfee4f1090>}

    @wraps(func)
    def patched(*args, **keywargs):
>       with self.decoration_helper(patched,
                                    args,
                                    keywargs) as (newargs, newkeywargs):

/usr/lib/python3.11/unittest/mock.py:1356: 
_ _ _ _ _ _ _ _ _ _ _ _ _ _ _ _ _ _ _ _ _ _ _ _ _ _ _ _ _ _ _ _ _ _ _ _ _ _ _ _ 
/usr/lib/python3.11/contextlib.py:137: in __enter__
    return next(self.gen)
           ^^^^^^^^^^^^^^
/usr/lib/python3.11/unittest/mock.py:1338: in decoration_helper
    arg = exit_stack.enter_context(patching)
          ^^^^^^^^^^^^^^^^^^^^^^^^^^^^^^^^^^
/usr/lib/python3.11/contextlib.py:502: in enter_context
    result = _enter(cm)
             ^^^^^^^^^^
/usr/lib/python3.11/unittest/mock.py:1450: in __enter__
    if spec is None and _is_async_obj(original):
                        ^^^^^^^^^^^^^^^^^^^^^^^
/usr/lib/python3.11/unittest/mock.py:55: in _is_async_obj
    if hasattr(obj, '__func__'):
       ^^^^^^^^^^^^^^^^^^^^^^^^
/usr/local/lib/python3.11/dist-packages/werkzeug/local.py:318: in __get__
    obj = instance._get_current_object()
          ^^^^^^^^^^^^^^^^^^^^^^^^^^^^^^
_ _ _ _ _ _ _ _ _ _ _ _ _ _ _ _ _ _ _ _ _ _ _ _ _ _ _ _ _ _ _ _ _ _ _ _ _ _ _ _ 

    def _get_current_object() -> T:
        try:
            obj = local.get()
        except LookupError:
>           raise RuntimeError(unbound_message) from None
E           RuntimeError: Working outside of request context.
E           
E           This typically means that you attempted to use functionality that needed
E           an active HTTP request. Consult the documentation on testing for
E           information about how to avoid this problem.

/usr/local/lib/python3.11/dist-packages/werkzeug/local.py:519: RuntimeError
---------------------------- Captured stderr setup -----------------------------
{"timestamp": "2025-10-13T03:37:21.433791+00:00", "level": "INFO", "logger": "brikk.config", "message": "Logging configured", "module": "structured_logging", "function": "_log_with_context", "line": 85, "json_enabled": true, "log_level": "INFO", "loggers_configured": ["brikk.coordination", "brikk.auth", "brikk.rate_limit", "brikk.idempotency", "brikk.metrics", "brikk.security"]}
{"timestamp": "2025-10-13T03:37:21.433921+00:00", "level": "INFO", "logger": "brikk.startup", "message": "Application starting", "module": "structured_logging", "function": "_log_with_context", "line": 85, "flask_env": null, "debug": false, "testing": false}
________ TestAuthMiddleware.test_authenticate_request_invalid_timestamp ________

args = (<tests.auth.test_hmac_auth.TestAuthMiddleware object at 0x7fcff17af9d0>,)
keywargs = {'app': <Flask 'src.factory'>, 'auth_middleware': <src.services.auth_middleware.AuthMiddleware object at 0x7fcfeea92010>}

    @wraps(func)
    def patched(*args, **keywargs):
>       with self.decoration_helper(patched,
                                    args,
                                    keywargs) as (newargs, newkeywargs):

/usr/lib/python3.11/unittest/mock.py:1356: 
_ _ _ _ _ _ _ _ _ _ _ _ _ _ _ _ _ _ _ _ _ _ _ _ _ _ _ _ _ _ _ _ _ _ _ _ _ _ _ _ 
/usr/lib/python3.11/contextlib.py:137: in __enter__
    return next(self.gen)
           ^^^^^^^^^^^^^^
/usr/lib/python3.11/unittest/mock.py:1338: in decoration_helper
    arg = exit_stack.enter_context(patching)
          ^^^^^^^^^^^^^^^^^^^^^^^^^^^^^^^^^^
/usr/lib/python3.11/contextlib.py:502: in enter_context
    result = _enter(cm)
             ^^^^^^^^^^
/usr/lib/python3.11/unittest/mock.py:1450: in __enter__
    if spec is None and _is_async_obj(original):
                        ^^^^^^^^^^^^^^^^^^^^^^^
/usr/lib/python3.11/unittest/mock.py:55: in _is_async_obj
    if hasattr(obj, '__func__'):
       ^^^^^^^^^^^^^^^^^^^^^^^^
/usr/local/lib/python3.11/dist-packages/werkzeug/local.py:318: in __get__
    obj = instance._get_current_object()
          ^^^^^^^^^^^^^^^^^^^^^^^^^^^^^^
_ _ _ _ _ _ _ _ _ _ _ _ _ _ _ _ _ _ _ _ _ _ _ _ _ _ _ _ _ _ _ _ _ _ _ _ _ _ _ _ 

    def _get_current_object() -> T:
        try:
            obj = local.get()
        except LookupError:
>           raise RuntimeError(unbound_message) from None
E           RuntimeError: Working outside of request context.
E           
E           This typically means that you attempted to use functionality that needed
E           an active HTTP request. Consult the documentation on testing for
E           information about how to avoid this problem.

/usr/local/lib/python3.11/dist-packages/werkzeug/local.py:519: RuntimeError
---------------------------- Captured stderr setup -----------------------------
{"timestamp": "2025-10-13T03:37:21.678150+00:00", "level": "INFO", "logger": "brikk.config", "message": "Logging configured", "module": "structured_logging", "function": "_log_with_context", "line": 85, "json_enabled": true, "log_level": "INFO", "loggers_configured": ["brikk.coordination", "brikk.auth", "brikk.rate_limit", "brikk.idempotency", "brikk.metrics", "brikk.security"]}
{"timestamp": "2025-10-13T03:37:21.678292+00:00", "level": "INFO", "logger": "brikk.startup", "message": "Application starting", "module": "structured_logging", "function": "_log_with_context", "line": 85, "flask_env": null, "debug": false, "testing": false}
_________ TestAuthMiddleware.test_authenticate_request_invalid_api_key _________

args = (<tests.auth.test_hmac_auth.TestAuthMiddleware object at 0x7fcff17ae5d0>,)
keywargs = {'app': <Flask 'src.factory'>, 'auth_middleware': <src.services.auth_middleware.AuthMiddleware object at 0x7fcfee6bce10>}

    @wraps(func)
    def patched(*args, **keywargs):
>       with self.decoration_helper(patched,
                                    args,
                                    keywargs) as (newargs, newkeywargs):

/usr/lib/python3.11/unittest/mock.py:1356: 
_ _ _ _ _ _ _ _ _ _ _ _ _ _ _ _ _ _ _ _ _ _ _ _ _ _ _ _ _ _ _ _ _ _ _ _ _ _ _ _ 
/usr/lib/python3.11/contextlib.py:137: in __enter__
    return next(self.gen)
           ^^^^^^^^^^^^^^
/usr/lib/python3.11/unittest/mock.py:1338: in decoration_helper
    arg = exit_stack.enter_context(patching)
          ^^^^^^^^^^^^^^^^^^^^^^^^^^^^^^^^^^
/usr/lib/python3.11/contextlib.py:502: in enter_context
    result = _enter(cm)
             ^^^^^^^^^^
/usr/lib/python3.11/unittest/mock.py:1450: in __enter__
    if spec is None and _is_async_obj(original):
                        ^^^^^^^^^^^^^^^^^^^^^^^
/usr/lib/python3.11/unittest/mock.py:55: in _is_async_obj
    if hasattr(obj, '__func__'):
       ^^^^^^^^^^^^^^^^^^^^^^^^
/usr/local/lib/python3.11/dist-packages/werkzeug/local.py:318: in __get__
    obj = instance._get_current_object()
          ^^^^^^^^^^^^^^^^^^^^^^^^^^^^^^
_ _ _ _ _ _ _ _ _ _ _ _ _ _ _ _ _ _ _ _ _ _ _ _ _ _ _ _ _ _ _ _ _ _ _ _ _ _ _ _ 

    def _get_current_object() -> T:
        try:
            obj = local.get()
        except LookupError:
>           raise RuntimeError(unbound_message) from None
E           RuntimeError: Working outside of request context.
E           
E           This typically means that you attempted to use functionality that needed
E           an active HTTP request. Consult the documentation on testing for
E           information about how to avoid this problem.

/usr/local/lib/python3.11/dist-packages/werkzeug/local.py:519: RuntimeError
---------------------------- Captured stderr setup -----------------------------
{"timestamp": "2025-10-13T03:37:21.833539+00:00", "level": "INFO", "logger": "brikk.config", "message": "Logging configured", "module": "structured_logging", "function": "_log_with_context", "line": 85, "json_enabled": true, "log_level": "INFO", "loggers_configured": ["brikk.coordination", "brikk.auth", "brikk.rate_limit", "brikk.idempotency", "brikk.metrics", "brikk.security"]}
{"timestamp": "2025-10-13T03:37:21.833653+00:00", "level": "INFO", "logger": "brikk.startup", "message": "Application starting", "module": "structured_logging", "function": "_log_with_context", "line": 85, "flask_env": null, "debug": false, "testing": false}
__________ TestAuthMiddleware.test_check_idempotency_feature_disabled __________

args = (<tests.auth.test_hmac_auth.TestAuthMiddleware object at 0x7fcff17abfd0>,)
keywargs = {'app': <Flask 'src.factory'>, 'auth_middleware': <src.services.auth_middleware.AuthMiddleware object at 0x7fcfee6794d0>}

    @wraps(func)
    def patched(*args, **keywargs):
>       with self.decoration_helper(patched,
                                    args,
                                    keywargs) as (newargs, newkeywargs):

/usr/lib/python3.11/unittest/mock.py:1356: 
_ _ _ _ _ _ _ _ _ _ _ _ _ _ _ _ _ _ _ _ _ _ _ _ _ _ _ _ _ _ _ _ _ _ _ _ _ _ _ _ 
/usr/lib/python3.11/contextlib.py:137: in __enter__
    return next(self.gen)
           ^^^^^^^^^^^^^^
/usr/lib/python3.11/unittest/mock.py:1338: in decoration_helper
    arg = exit_stack.enter_context(patching)
          ^^^^^^^^^^^^^^^^^^^^^^^^^^^^^^^^^^
/usr/lib/python3.11/contextlib.py:502: in enter_context
    result = _enter(cm)
             ^^^^^^^^^^
/usr/lib/python3.11/unittest/mock.py:1450: in __enter__
    if spec is None and _is_async_obj(original):
                        ^^^^^^^^^^^^^^^^^^^^^^^
/usr/lib/python3.11/unittest/mock.py:55: in _is_async_obj
    if hasattr(obj, '__func__'):
       ^^^^^^^^^^^^^^^^^^^^^^^^
/usr/local/lib/python3.11/dist-packages/werkzeug/local.py:318: in __get__
    obj = instance._get_current_object()
          ^^^^^^^^^^^^^^^^^^^^^^^^^^^^^^
_ _ _ _ _ _ _ _ _ _ _ _ _ _ _ _ _ _ _ _ _ _ _ _ _ _ _ _ _ _ _ _ _ _ _ _ _ _ _ _ 

    def _get_current_object() -> T:
        try:
            obj = local.get()
        except LookupError:
>           raise RuntimeError(unbound_message) from None
E           RuntimeError: Working outside of request context.
E           
E           This typically means that you attempted to use functionality that needed
E           an active HTTP request. Consult the documentation on testing for
E           information about how to avoid this problem.

/usr/local/lib/python3.11/dist-packages/werkzeug/local.py:519: RuntimeError
---------------------------- Captured stderr setup -----------------------------
{"timestamp": "2025-10-13T03:37:21.989226+00:00", "level": "INFO", "logger": "brikk.config", "message": "Logging configured", "module": "structured_logging", "function": "_log_with_context", "line": 85, "json_enabled": true, "log_level": "INFO", "loggers_configured": ["brikk.coordination", "brikk.auth", "brikk.rate_limit", "brikk.idempotency", "brikk.metrics", "brikk.security"]}
{"timestamp": "2025-10-13T03:37:21.989332+00:00", "level": "INFO", "logger": "brikk.startup", "message": "Application starting", "module": "structured_logging", "function": "_log_with_context", "line": 85, "flask_env": null, "debug": false, "testing": false}
______________ TestAuthMiddleware.test_check_idempotency_no_auth _______________

args = (<tests.auth.test_hmac_auth.TestAuthMiddleware object at 0x7fcff17a8ed0>,)
keywargs = {'app': <Flask 'src.factory'>, 'auth_middleware': <src.services.auth_middleware.AuthMiddleware object at 0x7fcfee6bf750>}

    @wraps(func)
    def patched(*args, **keywargs):
>       with self.decoration_helper(patched,
                                    args,
                                    keywargs) as (newargs, newkeywargs):

/usr/lib/python3.11/unittest/mock.py:1356: 
_ _ _ _ _ _ _ _ _ _ _ _ _ _ _ _ _ _ _ _ _ _ _ _ _ _ _ _ _ _ _ _ _ _ _ _ _ _ _ _ 
/usr/lib/python3.11/contextlib.py:137: in __enter__
    return next(self.gen)
           ^^^^^^^^^^^^^^
/usr/lib/python3.11/unittest/mock.py:1338: in decoration_helper
    arg = exit_stack.enter_context(patching)
          ^^^^^^^^^^^^^^^^^^^^^^^^^^^^^^^^^^
/usr/lib/python3.11/contextlib.py:502: in enter_context
    result = _enter(cm)
             ^^^^^^^^^^
/usr/lib/python3.11/unittest/mock.py:1450: in __enter__
    if spec is None and _is_async_obj(original):
                        ^^^^^^^^^^^^^^^^^^^^^^^
/usr/lib/python3.11/unittest/mock.py:55: in _is_async_obj
    if hasattr(obj, '__func__'):
       ^^^^^^^^^^^^^^^^^^^^^^^^
/usr/local/lib/python3.11/dist-packages/werkzeug/local.py:318: in __get__
    obj = instance._get_current_object()
          ^^^^^^^^^^^^^^^^^^^^^^^^^^^^^^
_ _ _ _ _ _ _ _ _ _ _ _ _ _ _ _ _ _ _ _ _ _ _ _ _ _ _ _ _ _ _ _ _ _ _ _ _ _ _ _ 

    def _get_current_object() -> T:
        try:
            obj = local.get()
        except LookupError:
>           raise RuntimeError(unbound_message) from None
E           RuntimeError: Working outside of request context.
E           
E           This typically means that you attempted to use functionality that needed
E           an active HTTP request. Consult the documentation on testing for
E           information about how to avoid this problem.

/usr/local/lib/python3.11/dist-packages/werkzeug/local.py:519: RuntimeError
---------------------------- Captured stderr setup -----------------------------
{"timestamp": "2025-10-13T03:37:22.233505+00:00", "level": "INFO", "logger": "brikk.config", "message": "Logging configured", "module": "structured_logging", "function": "_log_with_context", "line": 85, "json_enabled": true, "log_level": "INFO", "loggers_configured": ["brikk.coordination", "brikk.auth", "brikk.rate_limit", "brikk.idempotency", "brikk.metrics", "brikk.security"]}
{"timestamp": "2025-10-13T03:37:22.233628+00:00", "level": "INFO", "logger": "brikk.startup", "message": "Application starting", "module": "structured_logging", "function": "_log_with_context", "line": 85, "flask_env": null, "debug": false, "testing": false}
______________ TestAuthMiddleware.test_check_idempotency_success _______________

args = (<tests.auth.test_hmac_auth.TestAuthMiddleware object at 0x7fcff17bc350>,)
keywargs = {'app': <Flask 'src.factory'>, 'auth_middleware': <src.services.auth_middleware.AuthMiddleware object at 0x7fcfeea530d0>}

    @wraps(func)
    def patched(*args, **keywargs):
>       with self.decoration_helper(patched,
                                    args,
                                    keywargs) as (newargs, newkeywargs):

/usr/lib/python3.11/unittest/mock.py:1356: 
_ _ _ _ _ _ _ _ _ _ _ _ _ _ _ _ _ _ _ _ _ _ _ _ _ _ _ _ _ _ _ _ _ _ _ _ _ _ _ _ 
/usr/lib/python3.11/contextlib.py:137: in __enter__
    return next(self.gen)
           ^^^^^^^^^^^^^^
/usr/lib/python3.11/unittest/mock.py:1338: in decoration_helper
    arg = exit_stack.enter_context(patching)
          ^^^^^^^^^^^^^^^^^^^^^^^^^^^^^^^^^^
/usr/lib/python3.11/contextlib.py:502: in enter_context
    result = _enter(cm)
             ^^^^^^^^^^
/usr/lib/python3.11/unittest/mock.py:1450: in __enter__
    if spec is None and _is_async_obj(original):
                        ^^^^^^^^^^^^^^^^^^^^^^^
/usr/lib/python3.11/unittest/mock.py:55: in _is_async_obj
    if hasattr(obj, '__func__'):
       ^^^^^^^^^^^^^^^^^^^^^^^^
/usr/local/lib/python3.11/dist-packages/werkzeug/local.py:318: in __get__
    obj = instance._get_current_object()
          ^^^^^^^^^^^^^^^^^^^^^^^^^^^^^^
_ _ _ _ _ _ _ _ _ _ _ _ _ _ _ _ _ _ _ _ _ _ _ _ _ _ _ _ _ _ _ _ _ _ _ _ _ _ _ _ 

    def _get_current_object() -> T:
        try:
            obj = local.get()
        except LookupError:
>           raise RuntimeError(unbound_message) from None
E           RuntimeError: Working outside of request context.
E           
E           This typically means that you attempted to use functionality that needed
E           an active HTTP request. Consult the documentation on testing for
E           information about how to avoid this problem.

/usr/local/lib/python3.11/dist-packages/werkzeug/local.py:519: RuntimeError
---------------------------- Captured stderr setup -----------------------------
{"timestamp": "2025-10-13T03:37:22.390850+00:00", "level": "INFO", "logger": "brikk.config", "message": "Logging configured", "module": "structured_logging", "function": "_log_with_context", "line": 85, "json_enabled": true, "log_level": "INFO", "loggers_configured": ["brikk.coordination", "brikk.auth", "brikk.rate_limit", "brikk.idempotency", "brikk.metrics", "brikk.security"]}
{"timestamp": "2025-10-13T03:37:22.390960+00:00", "level": "INFO", "logger": "brikk.startup", "message": "Application starting", "module": "structured_logging", "function": "_log_with_context", "line": 85, "flask_env": null, "debug": false, "testing": false}
_______________ TestAuthMiddleware.test_check_idempotency_replay _______________

args = (<tests.auth.test_hmac_auth.TestAuthMiddleware object at 0x7fcff17bc750>,)
keywargs = {'app': <Flask 'src.factory'>, 'auth_middleware': <src.services.auth_middleware.AuthMiddleware object at 0x7fcfee47e2d0>}

    @wraps(func)
    def patched(*args, **keywargs):
>       with self.decoration_helper(patched,
                                    args,
                                    keywargs) as (newargs, newkeywargs):

/usr/lib/python3.11/unittest/mock.py:1356: 
_ _ _ _ _ _ _ _ _ _ _ _ _ _ _ _ _ _ _ _ _ _ _ _ _ _ _ _ _ _ _ _ _ _ _ _ _ _ _ _ 
/usr/lib/python3.11/contextlib.py:137: in __enter__
    return next(self.gen)
           ^^^^^^^^^^^^^^
/usr/lib/python3.11/unittest/mock.py:1338: in decoration_helper
    arg = exit_stack.enter_context(patching)
          ^^^^^^^^^^^^^^^^^^^^^^^^^^^^^^^^^^
/usr/lib/python3.11/contextlib.py:502: in enter_context
    result = _enter(cm)
             ^^^^^^^^^^
/usr/lib/python3.11/unittest/mock.py:1450: in __enter__
    if spec is None and _is_async_obj(original):
                        ^^^^^^^^^^^^^^^^^^^^^^^
/usr/lib/python3.11/unittest/mock.py:55: in _is_async_obj
    if hasattr(obj, '__func__'):
       ^^^^^^^^^^^^^^^^^^^^^^^^
/usr/local/lib/python3.11/dist-packages/werkzeug/local.py:318: in __get__
    obj = instance._get_current_object()
          ^^^^^^^^^^^^^^^^^^^^^^^^^^^^^^
_ _ _ _ _ _ _ _ _ _ _ _ _ _ _ _ _ _ _ _ _ _ _ _ _ _ _ _ _ _ _ _ _ _ _ _ _ _ _ _ 

    def _get_current_object() -> T:
        try:
            obj = local.get()
        except LookupError:
>           raise RuntimeError(unbound_message) from None
E           RuntimeError: Working outside of request context.
E           
E           This typically means that you attempted to use functionality that needed
E           an active HTTP request. Consult the documentation on testing for
E           information about how to avoid this problem.

/usr/local/lib/python3.11/dist-packages/werkzeug/local.py:519: RuntimeError
---------------------------- Captured stderr setup -----------------------------
{"timestamp": "2025-10-13T03:37:22.546707+00:00", "level": "INFO", "logger": "brikk.config", "message": "Logging configured", "module": "structured_logging", "function": "_log_with_context", "line": 85, "json_enabled": true, "log_level": "INFO", "loggers_configured": ["brikk.coordination", "brikk.auth", "brikk.rate_limit", "brikk.idempotency", "brikk.metrics", "brikk.security"]}
{"timestamp": "2025-10-13T03:37:22.546812+00:00", "level": "INFO", "logger": "brikk.startup", "message": "Application starting", "module": "structured_logging", "function": "_log_with_context", "line": 85, "flask_env": null, "debug": false, "testing": false}
___________________ TestAuthMiddleware.test_set_auth_context ___________________

args = (<tests.auth.test_hmac_auth.TestAuthMiddleware object at 0x7fcff17bcb50>,)
keywargs = {'app': <Flask 'src.factory'>, 'auth_middleware': <src.services.auth_middleware.AuthMiddleware object at 0x7fcfee5aec90>}

    @wraps(func)
    def patched(*args, **keywargs):
>       with self.decoration_helper(patched,
                                    args,
                                    keywargs) as (newargs, newkeywargs):

/usr/lib/python3.11/unittest/mock.py:1356: 
_ _ _ _ _ _ _ _ _ _ _ _ _ _ _ _ _ _ _ _ _ _ _ _ _ _ _ _ _ _ _ _ _ _ _ _ _ _ _ _ 
/usr/lib/python3.11/contextlib.py:137: in __enter__
    return next(self.gen)
           ^^^^^^^^^^^^^^
/usr/lib/python3.11/unittest/mock.py:1338: in decoration_helper
    arg = exit_stack.enter_context(patching)
          ^^^^^^^^^^^^^^^^^^^^^^^^^^^^^^^^^^
/usr/lib/python3.11/contextlib.py:502: in enter_context
    result = _enter(cm)
             ^^^^^^^^^^
/usr/lib/python3.11/unittest/mock.py:1450: in __enter__
    if spec is None and _is_async_obj(original):
                        ^^^^^^^^^^^^^^^^^^^^^^^
/usr/lib/python3.11/unittest/mock.py:55: in _is_async_obj
    if hasattr(obj, '__func__'):
       ^^^^^^^^^^^^^^^^^^^^^^^^
/usr/local/lib/python3.11/dist-packages/werkzeug/local.py:318: in __get__
    obj = instance._get_current_object()
          ^^^^^^^^^^^^^^^^^^^^^^^^^^^^^^
_ _ _ _ _ _ _ _ _ _ _ _ _ _ _ _ _ _ _ _ _ _ _ _ _ _ _ _ _ _ _ _ _ _ _ _ _ _ _ _ 

    def _get_current_object() -> T:
        try:
            obj = local.get()
        except LookupError:
>           raise RuntimeError(unbound_message) from None
E           RuntimeError: Working outside of request context.
E           
E           This typically means that you attempted to use functionality that needed
E           an active HTTP request. Consult the documentation on testing for
E           information about how to avoid this problem.

/usr/local/lib/python3.11/dist-packages/werkzeug/local.py:519: RuntimeError
---------------------------- Captured stderr setup -----------------------------
{"timestamp": "2025-10-13T03:37:22.795348+00:00", "level": "INFO", "logger": "brikk.config", "message": "Logging configured", "module": "structured_logging", "function": "_log_with_context", "line": 85, "json_enabled": true, "log_level": "INFO", "loggers_configured": ["brikk.coordination", "brikk.auth", "brikk.rate_limit", "brikk.idempotency", "brikk.metrics", "brikk.security"]}
{"timestamp": "2025-10-13T03:37:22.795476+00:00", "level": "INFO", "logger": "brikk.startup", "message": "Application starting", "module": "structured_logging", "function": "_log_with_context", "line": 85, "flask_env": null, "debug": false, "testing": false}
_______________ TestAuthMiddleware.test_log_auth_result_success ________________

args = (<tests.auth.test_hmac_auth.TestAuthMiddleware object at 0x7fcff17bcf50>,)
keywargs = {'app': <Flask 'src.factory'>, 'auth_middleware': <src.services.auth_middleware.AuthMiddleware object at 0x7fcfee8568d0>}

    @wraps(func)
    def patched(*args, **keywargs):
>       with self.decoration_helper(patched,
                                    args,
                                    keywargs) as (newargs, newkeywargs):

/usr/lib/python3.11/unittest/mock.py:1356: 
_ _ _ _ _ _ _ _ _ _ _ _ _ _ _ _ _ _ _ _ _ _ _ _ _ _ _ _ _ _ _ _ _ _ _ _ _ _ _ _ 
/usr/lib/python3.11/contextlib.py:137: in __enter__
    return next(self.gen)
           ^^^^^^^^^^^^^^
/usr/lib/python3.11/unittest/mock.py:1338: in decoration_helper
    arg = exit_stack.enter_context(patching)
          ^^^^^^^^^^^^^^^^^^^^^^^^^^^^^^^^^^
/usr/lib/python3.11/contextlib.py:502: in enter_context
    result = _enter(cm)
             ^^^^^^^^^^
/usr/lib/python3.11/unittest/mock.py:1450: in __enter__
    if spec is None and _is_async_obj(original):
                        ^^^^^^^^^^^^^^^^^^^^^^^
/usr/lib/python3.11/unittest/mock.py:55: in _is_async_obj
    if hasattr(obj, '__func__'):
       ^^^^^^^^^^^^^^^^^^^^^^^^
/usr/local/lib/python3.11/dist-packages/werkzeug/local.py:318: in __get__
    obj = instance._get_current_object()
          ^^^^^^^^^^^^^^^^^^^^^^^^^^^^^^
_ _ _ _ _ _ _ _ _ _ _ _ _ _ _ _ _ _ _ _ _ _ _ _ _ _ _ _ _ _ _ _ _ _ _ _ _ _ _ _ 

    def _get_current_object() -> T:
        try:
            obj = local.get()
        except LookupError:
>           raise RuntimeError(unbound_message) from None
E           RuntimeError: Working outside of request context.
E           
E           This typically means that you attempted to use functionality that needed
E           an active HTTP request. Consult the documentation on testing for
E           information about how to avoid this problem.

/usr/local/lib/python3.11/dist-packages/werkzeug/local.py:519: RuntimeError
---------------------------- Captured stderr setup -----------------------------
{"timestamp": "2025-10-13T03:37:22.948601+00:00", "level": "INFO", "logger": "brikk.config", "message": "Logging configured", "module": "structured_logging", "function": "_log_with_context", "line": 85, "json_enabled": true, "log_level": "INFO", "loggers_configured": ["brikk.coordination", "brikk.auth", "brikk.rate_limit", "brikk.idempotency", "brikk.metrics", "brikk.security"]}
{"timestamp": "2025-10-13T03:37:22.948703+00:00", "level": "INFO", "logger": "brikk.startup", "message": "Application starting", "module": "structured_logging", "function": "_log_with_context", "line": 85, "flask_env": null, "debug": false, "testing": false}
_______________ TestAuthMiddleware.test_log_auth_result_failure ________________

args = (<tests.auth.test_hmac_auth.TestAuthMiddleware object at 0x7fcff17bd350>,)
keywargs = {'app': <Flask 'src.factory'>, 'auth_middleware': <src.services.auth_middleware.AuthMiddleware object at 0x7fcfee30cfd0>}

    @wraps(func)
    def patched(*args, **keywargs):
>       with self.decoration_helper(patched,
                                    args,
                                    keywargs) as (newargs, newkeywargs):

/usr/lib/python3.11/unittest/mock.py:1356: 
_ _ _ _ _ _ _ _ _ _ _ _ _ _ _ _ _ _ _ _ _ _ _ _ _ _ _ _ _ _ _ _ _ _ _ _ _ _ _ _ 
/usr/lib/python3.11/contextlib.py:137: in __enter__
    return next(self.gen)
           ^^^^^^^^^^^^^^
/usr/lib/python3.11/unittest/mock.py:1338: in decoration_helper
    arg = exit_stack.enter_context(patching)
          ^^^^^^^^^^^^^^^^^^^^^^^^^^^^^^^^^^
/usr/lib/python3.11/contextlib.py:502: in enter_context
    result = _enter(cm)
             ^^^^^^^^^^
/usr/lib/python3.11/unittest/mock.py:1450: in __enter__
    if spec is None and _is_async_obj(original):
                        ^^^^^^^^^^^^^^^^^^^^^^^
/usr/lib/python3.11/unittest/mock.py:55: in _is_async_obj
    if hasattr(obj, '__func__'):
       ^^^^^^^^^^^^^^^^^^^^^^^^
/usr/local/lib/python3.11/dist-packages/werkzeug/local.py:318: in __get__
    obj = instance._get_current_object()
          ^^^^^^^^^^^^^^^^^^^^^^^^^^^^^^
_ _ _ _ _ _ _ _ _ _ _ _ _ _ _ _ _ _ _ _ _ _ _ _ _ _ _ _ _ _ _ _ _ _ _ _ _ _ _ _ 

    def _get_current_object() -> T:
        try:
            obj = local.get()
        except LookupError:
>           raise RuntimeError(unbound_message) from None
E           RuntimeError: Working outside of request context.
E           
E           This typically means that you attempted to use functionality that needed
E           an active HTTP request. Consult the documentation on testing for
E           information about how to avoid this problem.

/usr/local/lib/python3.11/dist-packages/werkzeug/local.py:519: RuntimeError
---------------------------- Captured stderr setup -----------------------------
{"timestamp": "2025-10-13T03:37:23.103006+00:00", "level": "INFO", "logger": "brikk.config", "message": "Logging configured", "module": "structured_logging", "function": "_log_with_context", "line": 85, "json_enabled": true, "log_level": "INFO", "loggers_configured": ["brikk.coordination", "brikk.auth", "brikk.rate_limit", "brikk.idempotency", "brikk.metrics", "brikk.security"]}
{"timestamp": "2025-10-13T03:37:23.103126+00:00", "level": "INFO", "logger": "brikk.startup", "message": "Application starting", "module": "structured_logging", "function": "_log_with_context", "line": 85, "flask_env": null, "debug": false, "testing": false}
___ TestIdempotencyService.test_process_request_idempotency_with_custom_key ____

self = <tests.auth.test_idempotency.TestIdempotencyService object at 0x7fcff17cad50>
app = <Flask 'src.factory'>
idempotency_service = <src.services.idempotency.IdempotencyService object at 0x7fcfee745750>
mock_redis = <MagicMock id='140531035627536'>

    def test_process_request_idempotency_with_custom_key(self, app: Flask, idempotency_service, mock_redis):
        """Test idempotency processing with custom idempotency key."""
        key_id = "bk_test_key"
        body_hash = "abc123"
        custom_key = "custom_idem_key"
    
        # No cached response
        mock_redis.get.return_value = None
    
        with app.app_context():
            should_process, response, status = idempotency_service.process_request_idempotency(
                key_id, body_hash, custom_key
            )
    
        assert should_process
        assert response is None
        assert status is None
    
        # Should check for custom idempotency key
        expected_idem_key = idempotency_service.generate_idempotency_key(key_id, "", custom_key)
>       mock_redis.get.assert_called_with(expected_idem_key)

tests/auth/test_idempotency.py:218: 
_ _ _ _ _ _ _ _ _ _ _ _ _ _ _ _ _ _ _ _ _ _ _ _ _ _ _ _ _ _ _ _ _ _ _ _ _ _ _ _ 

self = <MagicMock name='mock.get' id='140531035565200'>
args = ('idem:bk_test_key::custom_idem_key',), kwargs = {}
expected = call('idem:bk_test_key::custom_idem_key')
actual = call('idem:bk_test_key:abc123')
_error_message = <function NonCallableMock.assert_called_with.<locals>._error_message at 0x7fcfee560f40>
cause = None

    def assert_called_with(self, /, *args, **kwargs):
        """assert that the last call was made with the specified arguments.
    
        Raises an AssertionError if the args and keyword args passed in are
        different to the last call to the mock."""
        if self.call_args is None:
            expected = self._format_mock_call_signature(args, kwargs)
            actual = 'not called.'
            error_message = ('expected call not found.\nExpected: %s\nActual: %s'
                    % (expected, actual))
            raise AssertionError(error_message)
    
        def _error_message():
            msg = self._format_mock_failure_message(args, kwargs)
            return msg
        expected = self._call_matcher(_Call((args, kwargs), two=True))
        actual = self._call_matcher(self.call_args)
        if actual != expected:
            cause = expected if isinstance(expected, Exception) else None
>           raise AssertionError(_error_message()) from cause
E           AssertionError: expected call not found.
E           Expected: get('idem:bk_test_key::custom_idem_key')
E           Actual: get('idem:bk_test_key:abc123')

/usr/lib/python3.11/unittest/mock.py:923: AssertionError
---------------------------- Captured stderr setup -----------------------------
{"timestamp": "2025-10-13T03:37:23.547483+00:00", "level": "INFO", "logger": "brikk.config", "message": "Logging configured", "module": "structured_logging", "function": "_log_with_context", "line": 85, "json_enabled": true, "log_level": "INFO", "loggers_configured": ["brikk.coordination", "brikk.auth", "brikk.rate_limit", "brikk.idempotency", "brikk.metrics", "brikk.security"]}
{"timestamp": "2025-10-13T03:37:23.547568+00:00", "level": "INFO", "logger": "brikk.startup", "message": "Application starting", "module": "structured_logging", "function": "_log_with_context", "line": 85, "flask_env": null, "debug": false, "testing": false}
_____________________________ test_health_endpoint _____________________________

    def test_health_endpoint():
        """Test the health check endpoint if it exists."""
        app = create_app()
        with app.test_client() as client:
            response = client.get('/api/inbound/_health')
>           assert response.status_code == 200
E           assert 404 == 200
E            +  where 404 = <WrapperTestResponse streamed [404 NOT FOUND]>.status_code

tests/test_basic.py:35: AssertionError
----------------------------- Captured stderr call -----------------------------
{"timestamp": "2025-10-13T03:37:23.743644+00:00", "level": "INFO", "logger": "brikk.config", "message": "Logging configured", "module": "structured_logging", "function": "_log_with_context", "line": 85, "json_enabled": true, "log_level": "INFO", "loggers_configured": ["brikk.coordination", "brikk.auth", "brikk.rate_limit", "brikk.idempotency", "brikk.metrics", "brikk.security"]}
{"timestamp": "2025-10-13T03:37:23.743728+00:00", "level": "INFO", "logger": "brikk.startup", "message": "Application starting", "module": "structured_logging", "function": "_log_with_context", "line": 85, "flask_env": null, "debug": false, "testing": false}
{"timestamp": "2025-10-13T03:37:23.865107+00:00", "level": "INFO", "logger": "brikk.requests", "message": "Request started: GET /api/inbound/_health", "module": "structured_logging", "function": "_log_with_context", "line": 85, "request_id": null, "method": "GET", "path": "/api/inbound/_health", "remote_addr": "127.0.0.1", "user_agent": "Werkzeug/3.1.3", "event_type": "request_start", "content_length": null}
{"timestamp": "2025-10-13T03:37:23.865853+00:00", "level": "INFO", "logger": "brikk.requests", "message": "Request completed: GET /api/inbound/_health - 404 (0.57ms)", "module": "structured_logging", "function": "_log_with_context", "line": 85, "request_id": "77b7b4c6-1a1e-434f-a8a8-3af78c40bf55", "method": "GET", "path": "/api/inbound/_health", "remote_addr": "127.0.0.1", "user_agent": "Werkzeug/3.1.3", "duration_ms": 0.57, "event_type": "request_end", "status_code": 404, "content_length": 207}
__________________________ test_inbound_ping_endpoint __________________________

    def test_inbound_ping_endpoint():
        """Test the inbound ping endpoint."""
        app = create_app()
        with app.test_client() as client:
            response = client.get('/api/inbound/_ping')
>           assert response.status_code == 200
E           assert 404 == 200
E            +  where 404 = <WrapperTestResponse streamed [404 NOT FOUND]>.status_code

tests/test_basic.py:43: AssertionError
----------------------------- Captured stderr call -----------------------------
{"timestamp": "2025-10-13T03:37:23.870281+00:00", "level": "INFO", "logger": "brikk.config", "message": "Logging configured", "module": "structured_logging", "function": "_log_with_context", "line": 85, "json_enabled": true, "log_level": "INFO", "loggers_configured": ["brikk.coordination", "brikk.auth", "brikk.rate_limit", "brikk.idempotency", "brikk.metrics", "brikk.security"]}
{"timestamp": "2025-10-13T03:37:23.870379+00:00", "level": "INFO", "logger": "brikk.startup", "message": "Application starting", "module": "structured_logging", "function": "_log_with_context", "line": 85, "flask_env": null, "debug": false, "testing": false}
{"timestamp": "2025-10-13T03:37:23.894945+00:00", "level": "INFO", "logger": "brikk.requests", "message": "Request started: GET /api/inbound/_ping", "module": "structured_logging", "function": "_log_with_context", "line": 85, "request_id": null, "method": "GET", "path": "/api/inbound/_ping", "remote_addr": "127.0.0.1", "user_agent": "Werkzeug/3.1.3", "event_type": "request_start", "content_length": null}
{"timestamp": "2025-10-13T03:37:23.895397+00:00", "level": "INFO", "logger": "brikk.requests", "message": "Request completed: GET /api/inbound/_ping - 404 (0.31ms)", "module": "structured_logging", "function": "_log_with_context", "line": 85, "request_id": "2c5e7575-8edb-4136-b276-a7b1c36f1310", "method": "GET", "path": "/api/inbound/_ping", "remote_addr": "127.0.0.1", "user_agent": "Werkzeug/3.1.3", "duration_ms": 0.31, "event_type": "request_end", "status_code": 404, "content_length": 207}
____________________ test_billing_portal_request_validation ____________________

client = <FlaskClient <Flask 'src.factory'>>
monkeypatch = <_pytest.monkeypatch.MonkeyPatch object at 0x7fcfee4b7590>

    def test_billing_portal_request_validation(client, monkeypatch):
        """Test request payload validation and processing."""
        os.environ["STRIPE_SECRET_KEY"] = "sk_test_dummy"
    
        # Mock successful Stripe session creation
        mock_stripe = MagicMock()
        mock_session = MagicMock()
        mock_session.url = "https://billing.stripe.com/session/test"
        mock_stripe.billing_portal.Session.create.return_value = mock_session
    
        with patch('src.routes.billing.stripe', mock_stripe):
            # Test with valid customer_id
            resp = client.post("/api/billing/portal", json={"customer_id": "cus_valid"})
    
>           assert resp.status_code == 200
E           assert 502 == 200
E            +  where 502 = <WrapperTestResponse streamed [502 BAD GATEWAY]>.status_code

tests/test_billing_portal_stripe13.py:68: AssertionError
---------------------------- Captured stderr setup -----------------------------
{"timestamp": "2025-10-13T03:37:24.313641+00:00", "level": "INFO", "logger": "brikk.config", "message": "Logging configured", "module": "structured_logging", "function": "_log_with_context", "line": 85, "json_enabled": true, "log_level": "INFO", "loggers_configured": ["brikk.coordination", "brikk.auth", "brikk.rate_limit", "brikk.idempotency", "brikk.metrics", "brikk.security"]}
{"timestamp": "2025-10-13T03:37:24.313731+00:00", "level": "INFO", "logger": "brikk.startup", "message": "Application starting", "module": "structured_logging", "function": "_log_with_context", "line": 85, "flask_env": null, "debug": false, "testing": false}
----------------------------- Captured stderr call -----------------------------
{"timestamp": "2025-10-13T03:37:24.340810+00:00", "level": "INFO", "logger": "brikk.requests", "message": "Request started: POST /api/billing/portal", "module": "structured_logging", "function": "_log_with_context", "line": 85, "request_id": null, "method": "POST", "path": "/api/billing/portal", "remote_addr": "127.0.0.1", "user_agent": "Werkzeug/3.1.3", "event_type": "request_start", "content_length": 28}
{"timestamp": "2025-10-13T03:37:24.341145+00:00", "level": "INFO", "logger": "stripe", "message": "message='Request to Stripe api' method=post url=https://api.stripe.com/v1/billing_portal/sessions", "module": "_util", "function": "log_info", "line": 127, "request_id": "b421e06c-2055-422f-ba1b-2b69400f86e0", "method": "POST", "path": "/api/billing/portal", "remote_addr": "127.0.0.1", "user_agent": "Werkzeug/3.1.3", "duration_ms": 0.25}
{"timestamp": "2025-10-13T03:37:24.344445+00:00", "level": "INFO", "logger": "stripe", "message": "message='Stripe API response' path=https://api.stripe.com/v1/billing_portal/sessions response_code=401", "module": "_util", "function": "log_info", "line": 127, "request_id": "b421e06c-2055-422f-ba1b-2b69400f86e0", "method": "POST", "path": "/api/billing/portal", "remote_addr": "127.0.0.1", "user_agent": "Werkzeug/3.1.3", "duration_ms": 3.57}
{"timestamp": "2025-10-13T03:37:24.344623+00:00", "level": "INFO", "logger": "stripe", "message": "error_code=None error_message='Invalid API Key provided: sk_test_*ummy' error_param=None error_type=invalid_request_error message='Stripe v1 API error received'", "module": "_util", "function": "log_info", "line": 127, "request_id": "b421e06c-2055-422f-ba1b-2b69400f86e0", "method": "POST", "path": "/api/billing/portal", "remote_addr": "127.0.0.1", "user_agent": "Werkzeug/3.1.3", "duration_ms": 3.72}
{"timestamp": "2025-10-13T03:37:24.344808+00:00", "level": "ERROR", "logger": "src.factory", "message": "Stripe error: Invalid API Key provided: sk_test_*ummy", "module": "app", "function": "billing_portal", "line": 145, "request_id": "b421e06c-2055-422f-ba1b-2b69400f86e0", "method": "POST", "path": "/api/billing/portal", "remote_addr": "127.0.0.1", "user_agent": "Werkzeug/3.1.3", "duration_ms": 3.9}
{"timestamp": "2025-10-13T03:37:24.345045+00:00", "level": "INFO", "logger": "brikk.requests", "message": "Request completed: POST /api/billing/portal - 502 (4.09ms)", "module": "structured_logging", "function": "_log_with_context", "line": 85, "request_id": "b421e06c-2055-422f-ba1b-2b69400f86e0", "method": "POST", "path": "/api/billing/portal", "remote_addr": "127.0.0.1", "user_agent": "Werkzeug/3.1.3", "duration_ms": 4.09, "event_type": "request_end", "status_code": 502, "content_length": 66}
------------------------------ Captured log call -------------------------------
INFO     brikk.requests:structured_logging.py:85 Request started: POST /api/billing/portal
INFO     stripe:_util.py:127 message='Request to Stripe api' method=post url=https://api.stripe.com/v1/billing_portal/sessions
INFO     stripe:_util.py:127 message='Stripe API response' path=https://api.stripe.com/v1/billing_portal/sessions response_code=401
INFO     stripe:_util.py:127 error_code=None error_message='Invalid API Key provided: sk_test_*ummy' error_param=None error_type=invalid_request_error message='Stripe v1 API error received'
ERROR    src.factory:app.py:145 Stripe error: Invalid API Key provided: sk_test_*ummy
INFO     brikk.requests:structured_logging.py:85 Request completed: POST /api/billing/portal - 502 (4.09ms)
__________ TestCoordinationAuth.test_coordination_endpoint_flags_off ___________

self = <tests.test_coordination_auth.TestCoordinationAuth object at 0x7fcff14bf750>
client = <FlaskClient <Flask 'src.factory'>>
valid_envelope = {'message_id': '01234567-89ab-cdef-0123-456789abcdef', 'payload': {'test': 'data'}, 'recipient': {'agent_id': 'target-agent'}, 'sender': {'agent_id': 'test-agent'}, ...}

    def test_coordination_endpoint_flags_off(self, client, valid_envelope):
        """Test coordination endpoint with all feature flags OFF."""
        with patch.dict(os.environ, {
            'BRIKK_FEATURE_PER_ORG_KEYS': 'false',
            'BRIKK_IDEM_ENABLED': 'false'
        }):
            response = client.post(
                '/api/v1/coordination',
                data=json.dumps(valid_envelope),
                headers={'Content-Type': 'application/json'}
            )
    
>           assert response.status_code == 202
E           assert 422 == 202
E            +  where 422 = <WrapperTestResponse streamed [422 UNPROCESSABLE ENTITY]>.status_code

tests/test_coordination_auth.py:104: AssertionError
---------------------------- Captured stderr setup -----------------------------
{"timestamp": "2025-10-13T03:37:24.376571+00:00", "level": "INFO", "logger": "brikk.config", "message": "Logging configured", "module": "structured_logging", "function": "_log_with_context", "line": 85, "json_enabled": true, "log_level": "INFO", "loggers_configured": ["brikk.coordination", "brikk.auth", "brikk.rate_limit", "brikk.idempotency", "brikk.metrics", "brikk.security"]}
{"timestamp": "2025-10-13T03:37:24.376655+00:00", "level": "INFO", "logger": "brikk.startup", "message": "Application starting", "module": "structured_logging", "function": "_log_with_context", "line": 85, "flask_env": null, "debug": false, "testing": false}
----------------------------- Captured stderr call -----------------------------
{"timestamp": "2025-10-13T03:37:24.402560+00:00", "level": "INFO", "logger": "brikk.requests", "message": "Request started: POST /api/v1/coordination", "module": "structured_logging", "function": "_log_with_context", "line": 85, "request_id": null, "method": "POST", "path": "/api/v1/coordination", "remote_addr": "127.0.0.1", "user_agent": "Werkzeug/3.1.3", "event_type": "request_start", "content_length": 260}
{"timestamp": "2025-10-13T03:37:24.403859+00:00", "level": "ERROR", "logger": "src.services.rate_limit", "message": "Failed to connect to Redis: Error 111 connecting to localhost:6379. Connection refused.", "module": "rate_limit", "function": "_create_redis_client", "line": 94, "request_id": "16504dc1-0b90-4005-879a-59e8da06f77c", "method": "POST", "path": "/api/v1/coordination", "remote_addr": "127.0.0.1", "user_agent": "Werkzeug/3.1.3", "duration_ms": 1.2}
{"timestamp": "2025-10-13T03:37:24.405055+00:00", "level": "INFO", "logger": "brikk.requests", "message": "Request completed: POST /api/v1/coordination - 422 (2.33ms)", "module": "structured_logging", "function": "_log_with_context", "line": 85, "request_id": "16504dc1-0b90-4005-879a-59e8da06f77c", "method": "POST", "path": "/api/v1/coordination", "remote_addr": "127.0.0.1", "user_agent": "Werkzeug/3.1.3", "duration_ms": 2.33, "event_type": "request_end", "status_code": 422, "content_length": 401}
------------------------------ Captured log call -------------------------------
INFO     brikk.requests:structured_logging.py:85 Request started: POST /api/v1/coordination
ERROR    src.services.rate_limit:rate_limit.py:94 Failed to connect to Redis: Error 111 connecting to localhost:6379. Connection refused.
INFO     brikk.requests:structured_logging.py:85 Request completed: POST /api/v1/coordination - 422 (2.33ms)
__________ TestCoordinationAuth.test_coordination_endpoint_valid_hmac __________

self = <tests.test_coordination_auth.TestCoordinationAuth object at 0x7fcff14bfdd0>
mock_query = <MagicMock name='query' id='140531033268112'>
client = <FlaskClient <Flask 'src.factory'>>
valid_envelope = {'message_id': '01234567-89ab-cdef-0123-456789abcdef', 'payload': {'test': 'data'}, 'recipient': {'agent_id': 'target-agent'}, 'sender': {'agent_id': 'test-agent'}, ...}
mock_api_key = <MagicMock name='query.filter_by().first()' id='140531029202256'>

    @patch('src.models.api_key.ApiKey.query')
    def test_coordination_endpoint_valid_hmac(self, mock_query, client, valid_envelope, mock_api_key):
        """Test coordination endpoint with valid HMAC authentication."""
        mock_query.filter_by.return_value.first.return_value = mock_api_key
    
        with patch.dict(os.environ, {
            'BRIKK_FEATURE_PER_ORG_KEYS': 'true',
            'BRIKK_IDEM_ENABLED': 'false'
        }):
            body = json.dumps(valid_envelope).encode()
>           headers = self.create_hmac_headers(
                'POST', '/api/v1/coordination', body, 'test-secret-key',
                valid_envelope['message_id']
            )

tests/test_coordination_auth.py:120: 
_ _ _ _ _ _ _ _ _ _ _ _ _ _ _ _ _ _ _ _ _ _ _ _ _ _ _ _ _ _ _ _ _ _ _ _ _ _ _ _ 

self = <tests.test_coordination_auth.TestCoordinationAuth object at 0x7fcff14bfdd0>
method = 'POST', path = '/api/v1/coordination'
body = b'{"version": "1.0", "message_id": "01234567-89ab-cdef-0123-456789abcdef", "ts": "2025-10-13T03:37:24.436704+00:00", "...: {"agent_id": "test-agent"}, "recipient": {"agent_id": "target-agent"}, "payload": {"test": "data"}, "ttl_ms": 30000}'
secret = 'test-secret-key', message_id = '01234567-89ab-cdef-0123-456789abcdef'
timestamp = '2025-10-13T03:37:24.438872+00:00'

    def create_hmac_headers(self, method: str, path: str, body: bytes,
                          secret: str, message_id: str = "",
                          timestamp: str = None) -> dict:
        """Create valid HMAC headers for testing."""
        if timestamp is None:
            timestamp = datetime.now(timezone.utc).isoformat()
    
>       signature = HMACSecurityService.generate_signature(
                    ^^^^^^^^^^^^^^^^^^^^^^^^^^^^^^^^^^^^^^
            method=method,
            path=path,
            timestamp=timestamp,
            body=body,
            secret=secret,
            message_id=message_id
        )
E       AttributeError: type object 'HMACSecurityService' has no attribute 'generate_signature'

tests/test_coordination_auth.py:76: AttributeError
---------------------------- Captured stderr setup -----------------------------
{"timestamp": "2025-10-13T03:37:24.412482+00:00", "level": "INFO", "logger": "brikk.config", "message": "Logging configured", "module": "structured_logging", "function": "_log_with_context", "line": 85, "json_enabled": true, "log_level": "INFO", "loggers_configured": ["brikk.coordination", "brikk.auth", "brikk.rate_limit", "brikk.idempotency", "brikk.metrics", "brikk.security"]}
{"timestamp": "2025-10-13T03:37:24.412574+00:00", "level": "INFO", "logger": "brikk.startup", "message": "Application starting", "module": "structured_logging", "function": "_log_with_context", "line": 85, "flask_env": null, "debug": false, "testing": false}
_______ TestCoordinationAuth.test_coordination_endpoint_missing_headers ________

self = <tests.test_coordination_auth.TestCoordinationAuth object at 0x7fcff14adcd0>
client = <FlaskClient <Flask 'src.factory'>>
valid_envelope = {'message_id': '01234567-89ab-cdef-0123-456789abcdef', 'payload': {'test': 'data'}, 'recipient': {'agent_id': 'target-agent'}, 'sender': {'agent_id': 'test-agent'}, ...}

    def test_coordination_endpoint_missing_headers(self, client, valid_envelope):
        """Test coordination endpoint with missing HMAC headers."""
        with patch.dict(os.environ, {
            'BRIKK_FEATURE_PER_ORG_KEYS': 'true',
            'BRIKK_IDEM_ENABLED': 'false'
        }):
            response = client.post(
                '/api/v1/coordination',
                data=json.dumps(valid_envelope),
                headers={'Content-Type': 'application/json'}
            )
    
>           assert response.status_code == 400
E           assert 401 == 400
E            +  where 401 = <WrapperTestResponse streamed [401 UNAUTHORIZED]>.status_code

tests/test_coordination_auth.py:154: AssertionError
---------------------------- Captured stderr setup -----------------------------
{"timestamp": "2025-10-13T03:37:24.447806+00:00", "level": "INFO", "logger": "brikk.config", "message": "Logging configured", "module": "structured_logging", "function": "_log_with_context", "line": 85, "json_enabled": true, "log_level": "INFO", "loggers_configured": ["brikk.coordination", "brikk.auth", "brikk.rate_limit", "brikk.idempotency", "brikk.metrics", "brikk.security"]}
{"timestamp": "2025-10-13T03:37:24.447894+00:00", "level": "INFO", "logger": "brikk.startup", "message": "Application starting", "module": "structured_logging", "function": "_log_with_context", "line": 85, "flask_env": null, "debug": false, "testing": false}
----------------------------- Captured stderr call -----------------------------
{"timestamp": "2025-10-13T03:37:24.472740+00:00", "level": "INFO", "logger": "brikk.requests", "message": "Request started: POST /api/v1/coordination", "module": "structured_logging", "function": "_log_with_context", "line": 85, "request_id": null, "method": "POST", "path": "/api/v1/coordination", "remote_addr": "127.0.0.1", "user_agent": "Werkzeug/3.1.3", "event_type": "request_start", "content_length": 260}
{"timestamp": "2025-10-13T03:37:24.473102+00:00", "level": "WARNING", "logger": "brikk.auth", "message": "Authentication hmac_verification: failure", "module": "structured_logging", "function": "_log_with_context", "line": 85, "request_id": "67d0ed03-4692-4a2b-b4c8-6098b2878ffa", "method": "POST", "path": "/api/v1/coordination", "remote_addr": "127.0.0.1", "user_agent": "Werkzeug/3.1.3", "duration_ms": 0.27, "event_type": "auth_event", "auth_event": "hmac_verification", "success": false, "failure_reason": "unauthorized", "status_code": 401}
{"timestamp": "2025-10-13T03:37:24.473193+00:00", "level": "WARNING", "logger": "brikk.coordination", "message": "Authentication hmac_verification: failure", "module": "structured_logging", "function": "_log_with_context", "line": 85, "request_id": "67d0ed03-4692-4a2b-b4c8-6098b2878ffa", "method": "POST", "path": "/api/v1/coordination", "remote_addr": "127.0.0.1", "user_agent": "Werkzeug/3.1.3", "duration_ms": 0.35, "event_type": "auth_event", "auth_event": "hmac_verification", "success": false, "failure_reason": "unauthorized"}
{"timestamp": "2025-10-13T03:37:24.473431+00:00", "level": "INFO", "logger": "brikk.requests", "message": "Request completed: POST /api/v1/coordination - 401 (0.55ms)", "module": "structured_logging", "function": "_log_with_context", "line": 85, "request_id": "bb5dc838-3f96-4b2d-ae09-70eb653366a6", "method": "POST", "path": "/api/v1/coordination", "remote_addr": "127.0.0.1", "user_agent": "Werkzeug/3.1.3", "duration_ms": 0.55, "event_type": "request_end", "status_code": 401, "content_length": 158}
------------------------------ Captured log call -------------------------------
INFO     brikk.requests:structured_logging.py:85 Request started: POST /api/v1/coordination
WARNING  brikk.auth:structured_logging.py:85 Authentication hmac_verification: failure
WARNING  brikk.coordination:structured_logging.py:85 Authentication hmac_verification: failure
INFO     brikk.requests:structured_logging.py:85 Request completed: POST /api/v1/coordination - 401 (0.55ms)
_______ TestCoordinationAuth.test_coordination_endpoint_invalid_api_key ________

self = <tests.test_coordination_auth.TestCoordinationAuth object at 0x7fcff14c8290>
mock_query = <MagicMock name='query' id='140531026679824'>
client = <FlaskClient <Flask 'src.factory'>>
valid_envelope = {'message_id': '01234567-89ab-cdef-0123-456789abcdef', 'payload': {'test': 'data'}, 'recipient': {'agent_id': 'target-agent'}, 'sender': {'agent_id': 'test-agent'}, ...}

    @patch('src.models.api_key.ApiKey.query')
    def test_coordination_endpoint_invalid_api_key(self, mock_query, client, valid_envelope):
        """Test coordination endpoint with invalid API key."""
        mock_query.filter_by.return_value.first.return_value = None
    
        with patch.dict(os.environ, {
            'BRIKK_FEATURE_PER_ORG_KEYS': 'true',
            'BRIKK_IDEM_ENABLED': 'false'
        }):
            body = json.dumps(valid_envelope).encode()
>           headers = self.create_hmac_headers(
                'POST', '/api/v1/coordination', body, 'test-secret-key'
            )

tests/test_coordination_auth.py:170: 
_ _ _ _ _ _ _ _ _ _ _ _ _ _ _ _ _ _ _ _ _ _ _ _ _ _ _ _ _ _ _ _ _ _ _ _ _ _ _ _ 

self = <tests.test_coordination_auth.TestCoordinationAuth object at 0x7fcff14c8290>
method = 'POST', path = '/api/v1/coordination'
body = b'{"version": "1.0", "message_id": "01234567-89ab-cdef-0123-456789abcdef", "ts": "2025-10-13T03:37:24.504512+00:00", "...: {"agent_id": "test-agent"}, "recipient": {"agent_id": "target-agent"}, "payload": {"test": "data"}, "ttl_ms": 30000}'
secret = 'test-secret-key', message_id = ''
timestamp = '2025-10-13T03:37:24.505736+00:00'

    def create_hmac_headers(self, method: str, path: str, body: bytes,
                          secret: str, message_id: str = "",
                          timestamp: str = None) -> dict:
        """Create valid HMAC headers for testing."""
        if timestamp is None:
            timestamp = datetime.now(timezone.utc).isoformat()
    
>       signature = HMACSecurityService.generate_signature(
                    ^^^^^^^^^^^^^^^^^^^^^^^^^^^^^^^^^^^^^^
            method=method,
            path=path,
            timestamp=timestamp,
            body=body,
            secret=secret,
            message_id=message_id
        )
E       AttributeError: type object 'HMACSecurityService' has no attribute 'generate_signature'

tests/test_coordination_auth.py:76: AttributeError
---------------------------- Captured stderr setup -----------------------------
{"timestamp": "2025-10-13T03:37:24.480381+00:00", "level": "INFO", "logger": "brikk.config", "message": "Logging configured", "module": "structured_logging", "function": "_log_with_context", "line": 85, "json_enabled": true, "log_level": "INFO", "loggers_configured": ["brikk.coordination", "brikk.auth", "brikk.rate_limit", "brikk.idempotency", "brikk.metrics", "brikk.security"]}
{"timestamp": "2025-10-13T03:37:24.480480+00:00", "level": "INFO", "logger": "brikk.startup", "message": "Application starting", "module": "structured_logging", "function": "_log_with_context", "line": 85, "flask_env": null, "debug": false, "testing": false}
______ TestCoordinationAuth.test_coordination_endpoint_invalid_signature _______

self = <tests.test_coordination_auth.TestCoordinationAuth object at 0x7fcff14c86d0>
mock_query = <MagicMock name='query' id='140531028310288'>
client = <FlaskClient <Flask 'src.factory'>>
valid_envelope = {'message_id': '01234567-89ab-cdef-0123-456789abcdef', 'payload': {'test': 'data'}, 'recipient': {'agent_id': 'target-agent'}, 'sender': {'agent_id': 'test-agent'}, ...}
mock_api_key = <MagicMock name='query.filter_by().first()' id='140531027093520'>

    @patch('src.models.api_key.ApiKey.query')
    def test_coordination_endpoint_invalid_signature(self, mock_query, client, valid_envelope, mock_api_key):
        """Test coordination endpoint with invalid HMAC signature."""
        mock_query.filter_by.return_value.first.return_value = mock_api_key
    
        with patch.dict(os.environ, {
            'BRIKK_FEATURE_PER_ORG_KEYS': 'true',
            'BRIKK_IDEM_ENABLED': 'false'
        }):
            body = json.dumps(valid_envelope).encode()
            headers = {
                'X-Brikk-Key': 'test-key-id',
                'X-Brikk-Timestamp': datetime.now(timezone.utc).isoformat(),
                'X-Brikk-Signature': 'invalid-signature',
                'Content-Type': 'application/json'
            }
    
            response = client.post(
                '/api/v1/coordination',
                data=body,
                headers=headers
            )
    
            assert response.status_code == 401
            data = response.get_json()
            assert data['code'] == 'unauthorized'
>           assert 'Invalid HMAC signature' in data['message']
E           AssertionError: assert 'Invalid HMAC signature' in 'Authentication required. Please log in or provide valid HMAC headers.'

tests/test_coordination_auth.py:211: AssertionError
---------------------------- Captured stderr setup -----------------------------
{"timestamp": "2025-10-13T03:37:24.514632+00:00", "level": "INFO", "logger": "brikk.config", "message": "Logging configured", "module": "structured_logging", "function": "_log_with_context", "line": 85, "json_enabled": true, "log_level": "INFO", "loggers_configured": ["brikk.coordination", "brikk.auth", "brikk.rate_limit", "brikk.idempotency", "brikk.metrics", "brikk.security"]}
{"timestamp": "2025-10-13T03:37:24.514717+00:00", "level": "INFO", "logger": "brikk.startup", "message": "Application starting", "module": "structured_logging", "function": "_log_with_context", "line": 85, "flask_env": null, "debug": false, "testing": false}
----------------------------- Captured stderr call -----------------------------
{"timestamp": "2025-10-13T03:37:24.540998+00:00", "level": "INFO", "logger": "brikk.requests", "message": "Request started: POST /api/v1/coordination", "module": "structured_logging", "function": "_log_with_context", "line": 85, "request_id": null, "method": "POST", "path": "/api/v1/coordination", "remote_addr": "127.0.0.1", "user_agent": "Werkzeug/3.1.3", "event_type": "request_start", "content_length": 260}
{"timestamp": "2025-10-13T03:37:24.541348+00:00", "level": "WARNING", "logger": "brikk.auth", "message": "Authentication hmac_verification: failure", "module": "structured_logging", "function": "_log_with_context", "line": 85, "request_id": "7294d26c-66ba-465a-907d-24aee7ea9ab2", "method": "POST", "path": "/api/v1/coordination", "remote_addr": "127.0.0.1", "user_agent": "Werkzeug/3.1.3", "duration_ms": 0.26, "event_type": "auth_event", "auth_event": "hmac_verification", "success": false, "failure_reason": "unauthorized", "status_code": 401}
{"timestamp": "2025-10-13T03:37:24.541441+00:00", "level": "WARNING", "logger": "brikk.coordination", "message": "Authentication hmac_verification: failure", "module": "structured_logging", "function": "_log_with_context", "line": 85, "request_id": "7294d26c-66ba-465a-907d-24aee7ea9ab2", "method": "POST", "path": "/api/v1/coordination", "remote_addr": "127.0.0.1", "user_agent": "Werkzeug/3.1.3", "duration_ms": 0.36, "event_type": "auth_event", "auth_event": "hmac_verification", "success": false, "failure_reason": "unauthorized"}
{"timestamp": "2025-10-13T03:37:24.541700+00:00", "level": "INFO", "logger": "brikk.requests", "message": "Request completed: POST /api/v1/coordination - 401 (0.56ms)", "module": "structured_logging", "function": "_log_with_context", "line": 85, "request_id": "3d3f78f2-744f-41ee-b49d-6b585c3107fe", "method": "POST", "path": "/api/v1/coordination", "remote_addr": "127.0.0.1", "user_agent": "Werkzeug/3.1.3", "duration_ms": 0.56, "event_type": "request_end", "status_code": 401, "content_length": 158}
------------------------------ Captured log call -------------------------------
INFO     brikk.requests:structured_logging.py:85 Request started: POST /api/v1/coordination
WARNING  brikk.auth:structured_logging.py:85 Authentication hmac_verification: failure
WARNING  brikk.coordination:structured_logging.py:85 Authentication hmac_verification: failure
INFO     brikk.requests:structured_logging.py:85 Request completed: POST /api/v1/coordination - 401 (0.56ms)
_______ TestCoordinationAuth.test_coordination_endpoint_timestamp_drift ________

self = <tests.test_coordination_auth.TestCoordinationAuth object at 0x7fcff14c8b10>
mock_query = <MagicMock name='query' id='140531027446928'>
client = <FlaskClient <Flask 'src.factory'>>
valid_envelope = {'message_id': '01234567-89ab-cdef-0123-456789abcdef', 'payload': {'test': 'data'}, 'recipient': {'agent_id': 'target-agent'}, 'sender': {'agent_id': 'test-agent'}, ...}
mock_api_key = <MagicMock name='query.filter_by().first()' id='140531027449808'>

    @patch('src.models.api_key.ApiKey.query')
    def test_coordination_endpoint_timestamp_drift(self, mock_query, client, valid_envelope, mock_api_key):
        """Test coordination endpoint with timestamp outside drift window."""
        mock_query.filter_by.return_value.first.return_value = mock_api_key
    
        with patch.dict(os.environ, {
            'BRIKK_FEATURE_PER_ORG_KEYS': 'true',
            'BRIKK_IDEM_ENABLED': 'false'
        }):
            # Create timestamp 400 seconds in the past (outside '+/-300s window)
            old_timestamp = (datetime.now(timezone.utc) - timedelta(seconds=400)).isoformat()
    
            body = json.dumps(valid_envelope).encode()
>           headers = self.create_hmac_headers(
                'POST', '/api/v1/coordination', body, 'test-secret-key',
                valid_envelope['message_id'], old_timestamp
            )

tests/test_coordination_auth.py:229: 
_ _ _ _ _ _ _ _ _ _ _ _ _ _ _ _ _ _ _ _ _ _ _ _ _ _ _ _ _ _ _ _ _ _ _ _ _ _ _ _ 

self = <tests.test_coordination_auth.TestCoordinationAuth object at 0x7fcff14c8b10>
method = 'POST', path = '/api/v1/coordination'
body = b'{"version": "1.0", "message_id": "01234567-89ab-cdef-0123-456789abcdef", "ts": "2025-10-13T03:37:24.573541+00:00", "...: {"agent_id": "test-agent"}, "recipient": {"agent_id": "target-agent"}, "payload": {"test": "data"}, "ttl_ms": 30000}'
secret = 'test-secret-key', message_id = '01234567-89ab-cdef-0123-456789abcdef'
timestamp = '2025-10-13T03:30:44.575288+00:00'

    def create_hmac_headers(self, method: str, path: str, body: bytes,
                          secret: str, message_id: str = "",
                          timestamp: str = None) -> dict:
        """Create valid HMAC headers for testing."""
        if timestamp is None:
            timestamp = datetime.now(timezone.utc).isoformat()
    
>       signature = HMACSecurityService.generate_signature(
                    ^^^^^^^^^^^^^^^^^^^^^^^^^^^^^^^^^^^^^^
            method=method,
            path=path,
            timestamp=timestamp,
            body=body,
            secret=secret,
            message_id=message_id
        )
E       AttributeError: type object 'HMACSecurityService' has no attribute 'generate_signature'

tests/test_coordination_auth.py:76: AttributeError
---------------------------- Captured stderr setup -----------------------------
{"timestamp": "2025-10-13T03:37:24.549186+00:00", "level": "INFO", "logger": "brikk.config", "message": "Logging configured", "module": "structured_logging", "function": "_log_with_context", "line": 85, "json_enabled": true, "log_level": "INFO", "loggers_configured": ["brikk.coordination", "brikk.auth", "brikk.rate_limit", "brikk.idempotency", "brikk.metrics", "brikk.security"]}
{"timestamp": "2025-10-13T03:37:24.549274+00:00", "level": "INFO", "logger": "brikk.startup", "message": "Application starting", "module": "structured_logging", "function": "_log_with_context", "line": 85, "flask_env": null, "debug": false, "testing": false}
______ TestCoordinationAuth.test_coordination_endpoint_idempotent_replay _______

self = <tests.test_coordination_auth.TestCoordinationAuth object at 0x7fcff14c8f50>
mock_idempotency = <MagicMock name='process_request_idempotency' id='140531024647696'>
mock_query = <MagicMock name='query' id='140531026084752'>
client = <FlaskClient <Flask 'src.factory'>>
valid_envelope = {'message_id': '01234567-89ab-cdef-0123-456789abcdef', 'payload': {'test': 'data'}, 'recipient': {'agent_id': 'target-agent'}, 'sender': {'agent_id': 'test-agent'}, ...}
mock_api_key = <MagicMock name='query.filter_by().first()' id='140531024625936'>

    @patch('src.models.api_key.ApiKey.query')
    @patch('src.services.idempotency.IdempotencyService.process_request_idempotency')
    def test_coordination_endpoint_idempotent_replay(self, mock_idempotency, mock_query,
                                                   client, valid_envelope, mock_api_key):
        """Test coordination endpoint with idempotent replay (same request)."""
        mock_query.filter_by.return_value.first.return_value = mock_api_key
    
        # Mock idempotency service to return cached response
        cached_response = {
            "status": "accepted",
            "echo": {"message_id": valid_envelope['message_id']}
        }
        mock_idempotency.return_value = (False, cached_response, 202)
    
        with patch.dict(os.environ, {
            'BRIKK_FEATURE_PER_ORG_KEYS': 'true',
            'BRIKK_IDEM_ENABLED': 'true'
        }):
            body = json.dumps(valid_envelope).encode()
>           headers = self.create_hmac_headers(
                'POST', '/api/v1/coordination', body, 'test-secret-key',
                valid_envelope['message_id']
            )

tests/test_coordination_auth.py:267: 
_ _ _ _ _ _ _ _ _ _ _ _ _ _ _ _ _ _ _ _ _ _ _ _ _ _ _ _ _ _ _ _ _ _ _ _ _ _ _ _ 

[...]
{"timestamp": "2025-10-13T03:37:29.992970+00:00", "level": "INFO", "logger": "brikk.config", "message": "Logging configured", "module": "structured_logging", "function": "_log_with_context", "line": 85, "json_enabled": true, "log_level": "INFO", "loggers_configured": ["brikk.coordination", "brikk.auth", "brikk.rate_limit", "brikk.idempotency", "brikk.metrics", "brikk.security"]}
{"timestamp": "2025-10-13T03:37:29.993059+00:00", "level": "INFO", "logger": "brikk.startup", "message": "Application starting", "module": "structured_logging", "function": "_log_with_context", "line": 85, "flask_env": null, "debug": false, "testing": false}
----------------------------- Captured stdout call -----------------------------
Idempotency check error: 'NoneType' object has no attribute 'get'
----------------------------- Captured stderr call -----------------------------
{"timestamp": "2025-10-13T03:37:30.019282+00:00", "level": "INFO", "logger": "brikk.requests", "message": "Request started: POST /api/v1/coordination", "module": "structured_logging", "function": "_log_with_context", "line": 85, "request_id": null, "method": "POST", "path": "/api/v1/coordination", "remote_addr": "127.0.0.1", "user_agent": "Werkzeug/3.1.3", "event_type": "request_start", "content_length": 260}
{"timestamp": "2025-10-13T03:37:30.020467+00:00", "level": "INFO", "logger": "brikk.requests", "message": "Request completed: POST /api/v1/coordination - 422 (0.94ms)", "module": "structured_logging", "function": "_log_with_context", "line": 85, "request_id": "ca0d16cc-b25a-4813-938a-e370de6b919f", "method": "POST", "path": "/api/v1/coordination", "remote_addr": "127.0.0.1", "user_agent": "Werkzeug/3.1.3", "duration_ms": 0.94, "event_type": "request_end", "status_code": 422, "content_length": 401}
------------------------------ Captured log call -------------------------------
INFO     brikk.requests:structured_logging.py:85 Request started: POST /api/v1/coordination
INFO     brikk.requests:structured_logging.py:85 Request completed: POST /api/v1/coordination - 422 (0.94ms)
__________ TestBodySizeValidation.test_invalid_content_length_header ___________

self = <tests.test_request_guards.TestBodySizeValidation object at 0x7fcff0577090>
client = <FlaskClient <Flask 'tests.test_request_guards'>>

    def test_invalid_content_length_header(self, client):
        """Test that invalid Content-Length header is rejected with 400."""
        response = client.post(
            '/test',
            headers={
                'Content-Type': 'application/json',
                'Content-Length': 'invalid',
                'X-Brikk-Key': 'test-key',
                'X-Brikk-Timestamp': '1234567890',
                'X-Brikk-Signature': 'test-signature'
            },
            json={"test": "data"}
        )
>       assert response.status_code == 400
E       assert 200 == 400
E        +  where 200 = <WrapperTestResponse streamed [200 OK]>.status_code

tests/test_request_guards.py:201: AssertionError
______________________________ test_ping_endpoint ______________________________

client = <FlaskClient <Flask 'src.factory'>>

    def test_ping_endpoint(client):
        """Test that the ping endpoint returns a valid response."""
        response = client.get('/api/inbound/_ping')
        # Accept 200 OK or 302 redirect as valid responses
>       assert response.status_code in [200, 302]
E       assert 404 in [200, 302]
E        +  where 404 = <WrapperTestResponse streamed [404 NOT FOUND]>.status_code

tests/test_smoke.py:32: AssertionError
---------------------------- Captured stderr setup -----------------------------
{"timestamp": "2025-10-13T03:37:30.104436+00:00", "level": "INFO", "logger": "brikk.config", "message": "Logging configured", "module": "structured_logging", "function": "_log_with_context", "line": 85, "json_enabled": true, "log_level": "INFO", "loggers_configured": ["brikk.coordination", "brikk.auth", "brikk.rate_limit", "brikk.idempotency", "brikk.metrics", "brikk.security"]}
{"timestamp": "2025-10-13T03:37:30.104541+00:00", "level": "INFO", "logger": "brikk.startup", "message": "Application starting", "module": "structured_logging", "function": "_log_with_context", "line": 85, "flask_env": null, "debug": false, "testing": false}
----------------------------- Captured stderr call -----------------------------
{"timestamp": "2025-10-13T03:37:30.129736+00:00", "level": "INFO", "logger": "brikk.requests", "message": "Request started: GET /api/inbound/_ping", "module": "structured_logging", "function": "_log_with_context", "line": 85, "request_id": null, "method": "GET", "path": "/api/inbound/_ping", "remote_addr": "127.0.0.1", "user_agent": "Werkzeug/3.1.3", "event_type": "request_start", "content_length": null}
{"timestamp": "2025-10-13T03:37:30.130240+00:00", "level": "INFO", "logger": "brikk.requests", "message": "Request completed: GET /api/inbound/_ping - 404 (0.28ms)", "module": "structured_logging", "function": "_log_with_context", "line": 85, "request_id": "f4be558c-c4ac-4ff1-9047-97d711172721", "method": "GET", "path": "/api/inbound/_ping", "remote_addr": "127.0.0.1", "user_agent": "Werkzeug/3.1.3", "duration_ms": 0.28, "event_type": "request_end", "status_code": 404, "content_length": 207}
------------------------------ Captured log call -------------------------------
INFO     brikk.requests:structured_logging.py:85 Request started: GET /api/inbound/_ping
INFO     brikk.requests:structured_logging.py:85 Request completed: GET /api/inbound/_ping - 404 (0.28ms)
___________________________ test_basic_routes_exist ____________________________

client = <FlaskClient <Flask 'src.factory'>>

    def test_basic_routes_exist(client):
        """Test that basic application routes are accessible (don't return 404)."""
        # Test ping endpoint specifically
        response = client.get('/api/inbound/_ping')
>       assert response.status_code != 404
E       assert 404 != 404
E        +  where 404 = <WrapperTestResponse streamed [404 NOT FOUND]>.status_code

tests/test_smoke.py:53: AssertionError
---------------------------- Captured stderr setup -----------------------------
{"timestamp": "2025-10-13T03:37:30.161000+00:00", "level": "INFO", "logger": "brikk.config", "message": "Logging configured", "module": "structured_logging", "function": "_log_with_context", "line": 85, "json_enabled": true, "log_level": "INFO", "loggers_configured": ["brikk.coordination", "brikk.auth", "brikk.rate_limit", "brikk.idempotency", "brikk.metrics", "brikk.security"]}
{"timestamp": "2025-10-13T03:37:30.161103+00:00", "level": "INFO", "logger": "brikk.startup", "message": "Application starting", "module": "structured_logging", "function": "_log_with_context", "line": 85, "flask_env": null, "debug": false, "testing": false}
----------------------------- Captured stderr call -----------------------------
{"timestamp": "2025-10-13T03:37:30.187429+00:00", "level": "INFO", "logger": "brikk.requests", "message": "Request started: GET /api/inbound/_ping", "module": "structured_logging", "function": "_log_with_context", "line": 85, "request_id": null, "method": "GET", "path": "/api/inbound/_ping", "remote_addr": "127.0.0.1", "user_agent": "Werkzeug/3.1.3", "event_type": "request_start", "content_length": null}
{"timestamp": "2025-10-13T03:37:30.187931+00:00", "level": "INFO", "logger": "brikk.requests", "message": "Request completed: GET /api/inbound/_ping - 404 (0.27ms)", "module": "structured_logging", "function": "_log_with_context", "line": 85, "request_id": "8199abdc-ebb1-4f63-b311-25c99d55cf3a", "method": "GET", "path": "/api/inbound/_ping", "remote_addr": "127.0.0.1", "user_agent": "Werkzeug/3.1.3", "duration_ms": 0.27, "event_type": "request_end", "status_code": 404, "content_length": 207}
------------------------------ Captured log call -------------------------------
INFO     brikk.requests:structured_logging.py:85 Request started: GET /api/inbound/_ping
INFO     brikk.requests:structured_logging.py:85 Request completed: GET /api/inbound/_ping - 404 (0.27ms)
=============================== warnings summary ===============================
tests/auth/test_hmac_auth.py::TestAuthMiddleware::test_authenticate_request_feature_disabled
  /home/ubuntu/brikk-infrastructure/src/schemas/auth.py:19: PydanticDeprecatedSince20: Pydantic V1 style `@validator` validators are deprecated. You should migrate to Pydantic V2 style `@field_validator` validators, see the migration guide for more details. Deprecated in Pydantic V2.0 to be removed in V3.0. See Pydantic V2 Migration Guide at https://errors.pydantic.dev/2.11/migration/
    @validator('slug')

tests/auth/test_hmac_auth.py::TestAuthMiddleware::test_authenticate_request_feature_disabled
  /home/ubuntu/brikk-infrastructure/src/schemas/auth.py:26: PydanticDeprecatedSince20: Pydantic V1 style `@validator` validators are deprecated. You should migrate to Pydantic V2 style `@field_validator` validators, see the migration guide for more details. Deprecated in Pydantic V2.0 to be removed in V3.0. See Pydantic V2 Migration Guide at https://errors.pydantic.dev/2.11/migration/
    @validator('contact_email')

tests/auth/test_hmac_auth.py::TestAuthMiddleware::test_authenticate_request_feature_disabled
  /home/ubuntu/brikk-infrastructure/src/schemas/auth.py:43: PydanticDeprecatedSince20: Pydantic V1 style `@validator` validators are deprecated. You should migrate to Pydantic V2 style `@field_validator` validators, see the migration guide for more details. Deprecated in Pydantic V2.0 to be removed in V3.0. See Pydantic V2 Migration Guide at https://errors.pydantic.dev/2.11/migration/
    @validator('agent_id')

tests/auth/test_hmac_auth.py::TestAuthMiddleware::test_authenticate_request_feature_disabled
  /home/ubuntu/brikk-infrastructure/src/schemas/auth.py:61: PydanticDeprecatedSince20: Pydantic V1 style `@validator` validators are deprecated. You should migrate to Pydantic V2 style `@field_validator` validators, see the migration guide for more details. Deprecated in Pydantic V2.0 to be removed in V3.0. See Pydantic V2 Migration Guide at https://errors.pydantic.dev/2.11/migration/
    @validator('scopes')

tests/test_integrations_v1.py::test_webhook_event_trigger
  /home/ubuntu/brikk-infrastructure/src/services/webhook_service.py:156: SAWarning: Session's state has been changed on a non-active transaction - this state will be discarded.
    self.db.rollback()

-- Docs: https://docs.pytest.org/en/stable/how-to/capture-warnings.html
=========================== short test summary info ============================
FAILED tests/auth/test_api_key_rotation.py::TestApiKeyRotation::test_api_key_creation
FAILED tests/auth/test_api_key_rotation.py::TestApiKeyRotation::test_api_key_rotation
FAILED tests/auth/test_hmac_auth.py::TestAuthMiddleware::test_authenticate_request_feature_disabled
FAILED tests/auth/test_hmac_auth.py::TestAuthMiddleware::test_authenticate_request_missing_headers
FAILED tests/auth/test_hmac_auth.py::TestAuthMiddleware::test_authenticate_request_invalid_timestamp
FAILED tests/auth/test_hmac_auth.py::TestAuthMiddleware::test_authenticate_request_invalid_api_key
FAILED tests/auth/test_hmac_auth.py::TestAuthMiddleware::test_check_idempotency_feature_disabled
FAILED tests/auth/test_hmac_auth.py::TestAuthMiddleware::test_check_idempotency_no_auth
FAILED tests/auth/test_hmac_auth.py::TestAuthMiddleware::test_check_idempotency_success
FAILED tests/auth/test_hmac_auth.py::TestAuthMiddleware::test_check_idempotency_replay
FAILED tests/auth/test_hmac_auth.py::TestAuthMiddleware::test_set_auth_context
FAILED tests/auth/test_hmac_auth.py::TestAuthMiddleware::test_log_auth_result_success
FAILED tests/auth/test_hmac_auth.py::TestAuthMiddleware::test_log_auth_result_failure
FAILED tests/auth/test_idempotency.py::TestIdempotencyService::test_process_request_idempotency_with_custom_key
FAILED tests/test_basic.py::test_health_endpoint - assert 404 == 200
FAILED tests/test_basic.py::test_inbound_ping_endpoint - assert 404 == 200
FAILED tests/test_billing_portal_stripe13.py::test_billing_portal_request_validation
FAILED tests/test_coordination_auth.py::TestCoordinationAuth::test_coordination_endpoint_flags_off
FAILED tests/test_coordination_auth.py::TestCoordinationAuth::test_coordination_endpoint_valid_hmac
FAILED tests/test_coordination_auth.py::TestCoordinationAuth::test_coordination_endpoint_missing_headers
FAILED tests/test_coordination_auth.py::TestCoordinationAuth::test_coordination_endpoint_invalid_api_key
FAILED tests/test_coordination_auth.py::TestCoordinationAuth::test_coordination_endpoint_invalid_signature
FAILED tests/test_coordination_auth.py::TestCoordinationAuth::test_coordination_endpoint_timestamp_drift
FAILED tests/test_coordination_auth.py::TestCoordinationAuth::test_coordination_endpoint_idempotent_replay
FAILED tests/test_coordination_auth.py::TestCoordinationAuth::test_coordination_endpoint_idempotency_conflict
FAILED tests/test_coordination_auth.py::TestCoordinationAuth::test_coordination_health_endpoint
FAILED tests/test_coordination_auth.py::TestCoordinationAuth::test_security_headers_present
FAILED tests/test_coordination_auth.py::TestCoordinationAuth::test_coordination_endpoint_with_custom_idempotency_key
FAILED tests/test_coordination_stub.py::TestCoordinationEndpoint::test_valid_request_returns_202
FAILED tests/test_coordination_stub.py::TestCoordinationEndpoint::test_minimal_valid_envelope
FAILED tests/test_coordination_stub.py::TestCoordinationEndpoint::test_security_headers_present
FAILED tests/test_coordination_stub.py::TestRequestGuardsIntegration::test_missing_content_type_returns_415
FAILED tests/test_coordination_stub.py::TestRequestGuardsIntegration::test_missing_brikk_headers_returns_400
FAILED tests/test_coordination_stub.py::TestRequestGuardsIntegration::test_oversized_body_returns_413
FAILED tests/test_coordination_stub.py::TestEnvelopeValidationIntegration::test_missing_required_fields_returns_422
FAILED tests/test_coordination_stub.py::TestErrorHandling::test_error_responses_have_security_headers
FAILED tests/test_coordination_stub.py::TestHealthCheckEndpoint::test_health_check_returns_200
FAILED tests/test_coordination_stub.py::TestMessageTypes::test_all_message_types_accepted
FAILED tests/test_coordination_v1.py::test_coordination_v1_invalid_signature
FAILED tests/test_coordination_v1.py::test_coordination_v1_idempotency - asse...
FAILED tests/test_discovery_v1.py::test_register_service - assert 422 == 201
FAILED tests/test_discovery_v1.py::test_discover_services - assert 422 == 200
FAILED tests/test_discovery_v1.py::test_service_heartbeat - KeyError: 'id'
FAILED tests/test_discovery_v1.py::test_get_service_details - KeyError: 'id'
FAILED tests/test_economy_api_v1.py::test_get_balance - assert 404 == 200
FAILED tests/test_economy_db_v1.py::test_system_accounts_seeded - assert None...
FAILED tests/test_envelope_validation.py::TestEnvelopeValidation::test_minimal_valid_envelope
FAILED tests/test_envelope_validation.py::TestEnvelopeValidation::test_full_valid_envelope
FAILED tests/test_envelope_validation.py::TestVersionValidation::test_valid_version
FAILED tests/test_envelope_validation.py::TestMessageIdValidation::test_valid_uuid4
FAILED tests/test_envelope_validation.py::TestTimestampValidation::test_valid_rfc3339_timestamps
FAILED tests/test_envelope_validation.py::TestTypeValidation::test_valid_types
FAILED tests/test_envelope_validation.py::TestSenderRecipientValidation::test_valid_sender_recipient
FAILED tests/test_envelope_validation.py::TestSenderRecipientValidation::test_sender_without_org_id
FAILED tests/test_envelope_validation.py::TestTtlValidation::test_valid_ttl_values
FAILED tests/test_envelope_validation.py::TestExtraFieldsValidation::test_extra_fields_in_sender
FAILED tests/test_envelope_validation.py::TestMinifyFunction::test_minify_removes_none_values
FAILED tests/test_envelope_validation.py::TestMinifyFunction::test_minify_preserves_non_none_values
FAILED tests/test_envelope_validation.py::TestMinifyFunction::test_minify_nested_structures
FAILED tests/test_envelope_validation.py::TestCreateSampleEnvelope::test_create_sample_envelope_defaults
FAILED tests/test_envelope_validation.py::TestCreateSampleEnvelope::test_create_sample_envelope_custom_params
FAILED tests/test_health.py::TestHealthEndpoint::test_health_endpoint_always_returns_200
FAILED tests/test_health.py::TestHealthEndpoint::test_health_endpoint_response_format
FAILED tests/test_health.py::TestHealthEndpoint::test_health_endpoint_head_method
FAILED tests/test_health.py::TestHealthEndpoint::test_health_endpoint_content_type
FAILED tests/test_health.py::TestReadinessEndpoint::test_readiness_endpoint_all_dependencies_healthy
FAILED tests/test_health.py::TestReadinessEndpoint::test_readiness_endpoint_redis_unhealthy
FAILED tests/test_health.py::TestReadinessEndpoint::test_readiness_endpoint_redis_timeout
FAILED tests/test_health.py::TestReadinessEndpoint::test_readiness_endpoint_response_format
FAILED tests/test_health.py::TestReadinessEndpoint::test_readiness_endpoint_head_method
FAILED tests/test_health.py::TestReadinessEndpoint::test_readiness_endpoint_content_type
FAILED tests/test_health.py::TestHealthVsReadiness::test_health_vs_readiness_when_redis_down
FAILED tests/test_health.py::TestHealthVsReadiness::test_health_has_no_dependency_checks
FAILED tests/test_health.py::TestHealthVsReadiness::test_readiness_has_dependency_checks
FAILED tests/test_health.py::TestHealthEndpointIntegration::test_health_endpoints_registered
FAILED tests/test_health.py::TestHealthEndpointIntegration::test_health_endpoints_methods
FAILED tests/test_health.py::TestHealthEndpointIntegration::test_health_endpoints_no_auth_required
FAILED tests/test_health.py::TestHealthEndpointPerformance::test_health_endpoint_fast_response
FAILED tests/test_health.py::TestHealthEndpointPerformance::test_readiness_endpoint_reasonable_response_time
FAILED tests/test_health.py::TestHealthEndpointPerformance::test_health_endpoints_concurrent_requests
FAILED tests/test_health.py::TestHealthEndpointErrorHandling::test_readiness_handles_redis_import_error
FAILED tests/test_health.py::TestHealthEndpointErrorHandling::test_readiness_handles_unexpected_redis_errors
FAILED tests/test_health.py::TestHealthEndpointErrorHandling::test_health_endpoint_always_works
FAILED tests/test_integrations_v1.py::test_create_webhook - assert 422 == 201
FAILED tests/test_integrations_v1.py::test_get_webhooks - assert 422 == 200
FAILED tests/test_integrations_v1.py::test_update_webhook - KeyError: 'id'
FAILED tests/test_integrations_v1.py::test_delete_webhook - KeyError: 'id'
FAILED tests/test_integrations_v1.py::test_webhook_event_trigger - KeyError: ...
FAILED tests/test_logging_context.py::TestRequestContextMiddleware::test_auth_context_integration
FAILED tests/test_logging_context.py::TestStructuredFormatter::test_exception_formatting
FAILED tests/test_rate_limit.py::TestRateLimitIntegration::test_coordination_rate_limit_disabled
FAILED tests/test_rate_limit.py::TestRateLimitIntegration::test_coordination_rate_limit_allowed
FAILED tests/test_rate_limit.py::TestRateLimitIntegration::test_coordination_rate_limit_exceeded
FAILED tests/test_rate_limit.py::TestRateLimitIntegration::test_coordination_rate_limit_burst_behavior
FAILED tests/test_rate_limit.py::TestRateLimitIntegration::test_coordination_rate_limit_scope_switching
FAILED tests/test_rate_limit.py::TestRateLimitIntegration::test_coordination_rate_limit_redis_failure
FAILED tests/test_rate_limit.py::TestRateLimitIntegration::test_coordination_rate_limit_with_idempotency
FAILED tests/test_request_guards.py::TestBodySizeValidation::test_invalid_content_length_header
FAILED tests/test_smoke.py::test_ping_endpoint - assert 404 in [200, 302]
FAILED tests/test_smoke.py::test_basic_routes_exist - assert 404 != 404
=========== 100 failed, 167 passed, 20 skipped, 5 warnings in 11.45s ===========
